Log file open, 09/11/22 22:05:03
LogWindows: Failed to load 'aqProf.dll' (GetLastError=126)
LogWindows: File 'aqProf.dll' does not exist
LogWindows: Failed to load 'VtuneApi.dll' (GetLastError=126)
LogWindows: File 'VtuneApi.dll' does not exist
LogWindows: Failed to load 'VtuneApi32e.dll' (GetLastError=126)
LogWindows: File 'VtuneApi32e.dll' does not exist
LogConsoleResponse: Display: Failed to find resolution value strings in scalability ini. Falling back to default.
LogConsoleResponse: Display: Failed to find resolution value strings in scalability ini. Falling back to default.
LogInit: Display: Running engine for game: InfiniteMatrix
LogPlatformFile: Not using cached read wrapper
LogTaskGraph: Started task graph with 5 named threads and 35 total threads with 3 sets of task threads.
LogStats: Stats thread started at 0.394998
LogICUInternationalization: ICU TimeZone Detection - Raw Offset: -6:00, Platform Override: ''
LogInit: Display: Loading text-based GConfig....
LogPluginManager: Mounting plugin MeshPainting
LogPluginManager: Mounting plugin XGEController
LogPluginManager: Mounting plugin Paper2D
LogPluginManager: Mounting plugin AISupport
LogPluginManager: Mounting plugin EnvironmentQueryEditor
LogPluginManager: Mounting plugin LightPropagationVolume
LogPluginManager: Mounting plugin LiveLink
LogPluginManager: Mounting plugin CameraShakePreviewer
LogPluginManager: Mounting plugin GameplayCameras
LogPluginManager: Mounting plugin AnimationSharing
LogPluginManager: Mounting plugin CodeLiteSourceCodeAccess
LogPluginManager: Mounting plugin CLionSourceCodeAccess
LogPluginManager: Mounting plugin GitSourceControl
LogPluginManager: Mounting plugin KDevelopSourceCodeAccess
LogPluginManager: Mounting plugin NullSourceCodeAccess
LogPluginManager: Mounting plugin PerforceSourceControl
LogPluginManager: Mounting plugin PixWinPlugin
LogPluginManager: Mounting plugin PlasticSourceControl
LogPluginManager: Mounting plugin PluginUtils
LogPluginManager: Mounting plugin PropertyAccessNode
LogPluginManager: Mounting plugin RiderSourceCodeAccess
LogPluginManager: Mounting plugin SubversionSourceControl
LogPluginManager: Mounting plugin TextureFormatOodle
LogPluginManager: Mounting plugin UObjectPlugin
LogPluginManager: Mounting plugin VisualStudioCodeSourceCodeAccess
LogPluginManager: Mounting plugin XCodeSourceCodeAccess
LogPluginManager: Mounting plugin VisualStudioSourceCodeAccess
LogPluginManager: Mounting plugin AssetManagerEditor
LogPluginManager: Mounting plugin CurveEditorTools
LogPluginManager: Mounting plugin DataValidation
LogPluginManager: Mounting plugin CryptoKeys
LogPluginManager: Mounting plugin FacialAnimation
LogPluginManager: Mounting plugin GameplayTagsEditor
LogPluginManager: Mounting plugin GeometryMode
LogPluginManager: Mounting plugin MacGraphicsSwitching
LogPluginManager: Mounting plugin MaterialAnalyzer
LogPluginManager: Mounting plugin MobileLauncherProfileWizard
LogPluginManager: Mounting plugin PluginBrowser
LogPluginManager: Mounting plugin SpeedTreeImporter
LogPluginManager: Mounting plugin Niagara
LogPluginManager: Mounting plugin DatasmithContent
LogPluginManager: Mounting plugin VariantManagerContent
LogPluginManager: Mounting plugin AlembicImporter
LogPluginManager: Mounting plugin AutomationUtils
LogPluginManager: Mounting plugin BackChannel
LogPluginManager: Mounting plugin ChaosCloth
LogPluginManager: Mounting plugin ChaosClothEditor
LogPluginManager: Mounting plugin ChaosEditor
LogPluginManager: Mounting plugin ChaosSolverPlugin
LogPluginManager: Mounting plugin ChaosNiagara
LogPluginManager: Mounting plugin CharacterAI
LogPluginManager: Mounting plugin GeometryCache
LogPluginManager: Mounting plugin GeometryCollectionPlugin
LogPluginManager: Mounting plugin AndroidMedia
LogPluginManager: Mounting plugin AvfMedia
LogPluginManager: Mounting plugin LuminPlatformFeatures
LogPluginManager: Mounting plugin MagicLeap
LogPluginManager: Mounting plugin ImgMedia
LogPluginManager: Mounting plugin MagicLeapMedia
LogPluginManager: Mounting plugin MagicLeapLightEstimation
LogPluginManager: Mounting plugin MediaCompositing
LogPluginManager: Mounting plugin MagicLeapPassableWorld
LogPluginManager: Mounting plugin MLSDK
LogPluginManager: Mounting plugin MediaPlayerEditor
LogPluginManager: Mounting plugin GeometryProcessing
LogPluginManager: Mounting plugin WebMMedia
LogPluginManager: Mounting plugin WmfMedia
LogPluginManager: Mounting plugin MotoSynth
LogPluginManager: Mounting plugin OpenImageDenoise
LogPluginManager: Mounting plugin PlanarCut
LogPluginManager: Mounting plugin PlatformCrypto
LogPluginManager: Mounting plugin ProxyLODPlugin
LogPluginManager: Mounting plugin PythonScriptPlugin
LogPluginManager: Mounting plugin SkeletalReduction
LogPluginManager: Mounting plugin TcpMessaging
LogPluginManager: Mounting plugin UdpMessaging
LogPluginManager: Mounting plugin ActorSequence
LogPluginManager: Mounting plugin OnlineSubsystem
LogPluginManager: Mounting plugin LevelSequenceEditor
LogPluginManager: Mounting plugin MatineeToLevelSequence
LogPluginManager: Mounting plugin OnlineSubsystemNull
LogPluginManager: Mounting plugin OnlineSubsystemUtils
LogPluginManager: Mounting plugin TemplateSequence
LogPluginManager: Mounting plugin LauncherChunkInstaller
LogPluginManager: Mounting plugin ActorLayerUtilities
LogPluginManager: Mounting plugin AndroidDeviceProfileSelector
LogPluginManager: Mounting plugin AndroidMoviePlayer
LogPluginManager: Mounting plugin AndroidPermission
LogPluginManager: Mounting plugin AppleImageUtils
LogPluginManager: Mounting plugin AppleMoviePlayer
LogPluginManager: Mounting plugin ArchVisCharacter
LogPluginManager: Mounting plugin AssetTags
LogPluginManager: Mounting plugin AudioCapture
LogPluginManager: Mounting plugin AudioSynesthesia
LogPluginManager: Mounting plugin ChunkDownloader
LogPluginManager: Mounting plugin CableComponent
LogPluginManager: Mounting plugin CustomMeshComponent
LogPluginManager: Mounting plugin EditableMesh
LogPluginManager: Mounting plugin ExampleDeviceProfileSelector
LogPluginManager: Mounting plugin GoogleCloudMessaging
LogPluginManager: Mounting plugin GooglePAD
LogPluginManager: Mounting plugin ScreenshotTools
LogPluginManager: Mounting plugin OodleData
LogPluginManager: Mounting plugin IOSDeviceProfileSelector
LogPluginManager: Mounting plugin LinuxDeviceProfileSelector
LogPluginManager: Mounting plugin LocationServicesBPLibrary
LogPluginManager: Mounting plugin OodleNetwork
LogPluginManager: Mounting plugin MobilePatchingUtils
LogPluginManager: Mounting plugin OpenXR
LogPluginManager: Mounting plugin OpenXREyeTracker
LogPluginManager: Mounting plugin OpenXRHandTracking
LogPluginManager: Mounting plugin PostSplashScreen
LogPluginManager: Mounting plugin ProceduralMeshComponent
LogPluginManager: Mounting plugin PropertyAccessEditor
LogPluginManager: Mounting plugin RuntimePhysXCooking
LogPluginManager: Mounting plugin SignificanceManager
LogPluginManager: Mounting plugin SoundFields
LogPluginManager: Mounting plugin Synthesis
LogPluginManager: Mounting plugin WebMMoviePlayer
LogPluginManager: Mounting plugin WindowsMoviePlayer
LogPluginManager: Mounting plugin Takes
LogPluginManager: Mounting plugin PhysXVehicles
LogPluginManager: Mounting plugin ContentBrowserAssetDataSource
LogPluginManager: Mounting plugin ContentBrowserFileDataSource
LogPluginManager: Mounting plugin ContentBrowserClassDataSource
LogPluginManager: Mounting plugin OnlineSubsystemGooglePlay
LogPluginManager: Mounting plugin OnlineSubsystemIOS
LogPluginManager: Mounting plugin OculusVR
LogPluginManager: Mounting plugin SteamVR
PixWinPlugin: PIX capture plugin failed to initialize! Check that the process is launched from PIX.
LogInit: Using libcurl 7.55.1-DEV
LogInit:  - built for x86_64-pc-win32
LogInit:  - supports SSL with OpenSSL/1.1.1
LogInit:  - supports HTTP deflate (compression) using libz 1.2.8
LogInit:  - other features:
LogInit:      CURL_VERSION_SSL
LogInit:      CURL_VERSION_LIBZ
LogInit:      CURL_VERSION_IPV6
LogInit:      CURL_VERSION_ASYNCHDNS
LogInit:      CURL_VERSION_LARGEFILE
LogInit:      CURL_VERSION_IDN
LogInit:  CurlRequestOptions (configurable via config and command line):
LogInit:  - bVerifyPeer = true  - Libcurl will verify peer certificate
LogInit:  - bUseHttpProxy = false  - Libcurl will NOT use HTTP proxy
LogInit:  - bDontReuseConnections = false  - Libcurl will reuse connections
LogInit:  - MaxHostConnections = 16  - Libcurl will limit the number of connections to a host
LogInit:  - LocalHostAddr = Default
LogInit:  - BufferSize = 65536
LogOnline: OSS: Creating online subsystem instance for: NULL
LogInit: WinSock: version 1.1 (2.2), MaxSocks=32767, MaxUdp=65467
LogOnline: OSS: TryLoadSubsystemAndSetDefault: Loaded subsystem for module [NULL]
LogOculusPluginWrapper: OculusPlugin initialized successfully
LogHMD: Failed initializing OVRPlugin 1.59.0
LogInit: Build: ++UE4+Release-4.27-CL-18319896
LogInit: Engine Version: 4.27.2-18319896+++UE4+Release-4.27
LogInit: Compatible Engine Version: 4.27.0-17155196+++UE4+Release-4.27
LogInit: Net CL: 17155196
LogInit: OS: Windows 10 (Release 2009) (), CPU: Intel(R) Core(TM) i7-9750H CPU @ 2.60GHz, GPU: Intel(R) UHD Graphics 630
LogInit: Compiled (64-bit): Nov 30 2021 07:12:08
LogInit: Compiled with Visual C++: 19.24.28315.00
LogInit: Build Configuration: Development
LogInit: Branch Name: ++UE4+Release-4.27
LogInit: Command Line:  /Game/InfiniteMatrix/Maps/TutorialMap -game -PIEVIACONSOLE -Multiprocess GameUserSettingsINI=C:/Users/davs2/OneDrive/Escritorio/InfiniteMatrixStarter/InfiniteMatrixStarter/Saved/Config/Windows/PIEGameUserSettings0.ini -MultiprocessSaveConfig -forcepassthrough -messaging -SessionName="Play in Standalone Game" -windowed -WinX=-8 -WinY=16 SAVEWINPOS=1 -ResX=1920 -ResY=1008
LogInit: Base Directory: C:/Program Files/Epic Games/UE_4.27/Engine/Binaries/Win64/
LogInit: Allocator: TBB
LogInit: Installed Engine Build: 1
LogDevObjectVersion: Number of dev versions registered: 29
LogDevObjectVersion:   Dev-Blueprints (B0D832E4-1F89-4F0D-ACCF-7EB736FD4AA2): 10
LogDevObjectVersion:   Dev-Build (E1C64328-A22C-4D53-A36C-8E866417BD8C): 0
LogDevObjectVersion:   Dev-Core (375EC13C-06E4-48FB-B500-84F0262A717E): 4
LogDevObjectVersion:   Dev-Editor (E4B068ED-F494-42E9-A231-DA0B2E46BB41): 40
LogDevObjectVersion:   Dev-Framework (CFFC743F-43B0-4480-9391-14DF171D2073): 37
LogDevObjectVersion:   Dev-Mobile (B02B49B5-BB20-44E9-A304-32B752E40360): 3
LogDevObjectVersion:   Dev-Networking (A4E4105C-59A1-49B5-A7C5-40C4547EDFEE): 0
LogDevObjectVersion:   Dev-Online (39C831C9-5AE6-47DC-9A44-9C173E1C8E7C): 0
LogDevObjectVersion:   Dev-Physics (78F01B33-EBEA-4F98-B9B4-84EACCB95AA2): 14
LogDevObjectVersion:   Dev-Platform (6631380F-2D4D-43E0-8009-CF276956A95A): 0
LogDevObjectVersion:   Dev-Rendering (12F88B9F-8875-4AFC-A67C-D90C383ABD29): 45
LogDevObjectVersion:   Dev-Sequencer (7B5AE74C-D270-4C10-A958-57980B212A5A): 13
LogDevObjectVersion:   Dev-VR (D7296918-1DD6-4BDD-9DE2-64A83CC13884): 3
LogDevObjectVersion:   Dev-LoadTimes (C2A15278-BFE7-4AFE-6C17-90FF531DF755): 1
LogDevObjectVersion:   Private-Geometry (6EACA3D4-40EC-4CC1-B786-8BED09428FC5): 3
LogDevObjectVersion:   Dev-AnimPhys (29E575DD-E0A3-4627-9D10-D276232CDCEA): 17
LogDevObjectVersion:   Dev-Anim (AF43A65D-7FD3-4947-9873-3E8ED9C1BB05): 15
LogDevObjectVersion:   Dev-ReflectionCapture (6B266CEC-1EC7-4B8F-A30B-E4D90942FC07): 1
LogDevObjectVersion:   Dev-Automation (0DF73D61-A23F-47EA-B727-89E90C41499A): 1
LogDevObjectVersion:   FortniteMain (601D1886-AC64-4F84-AA16-D3DE0DEAC7D6): 47
LogDevObjectVersion:   FortniteRelease (E7086368-6B23-4C58-8439-1B7016265E91): 1
LogDevObjectVersion:   Dev-Enterprise (9DFFBCD6-494F-0158-E221-12823C92A888): 10
LogDevObjectVersion:   Dev-Niagara (F2AED0AC-9AFE-416F-8664-AA7FFA26D6FC): 1
LogDevObjectVersion:   Dev-Destruction (174F1F0B-B4C6-45A5-B13F-2EE8D0FB917D): 10
LogDevObjectVersion:   Dev-Physics-Ext (35F94A83-E258-406C-A318-09F59610247C): 41
LogDevObjectVersion:   Dev-PhysicsMaterial-Chaos (B68FC16E-8B1B-42E2-B453-215C058844FE): 1
LogDevObjectVersion:   Dev-CineCamera (B2E18506-4273-CFC2-A54E-F4BB758BBA07): 1
LogDevObjectVersion:   Dev-VirtualProduction (64F58936-FD1B-42BA-BA96-7289D5D0FA4E): 1
LogDevObjectVersion:   Dev-MediaFramework (6F0ED827-A609-4895-9C91-998D90180EA4): 2
LogInit: Presizing for max 25165824 objects, including 0 objects not considered by GC, pre-allocating 0 bytes for permanent pool.
LogConfig: Applying CVar settings from Section [/Script/Engine.StreamingSettings] File [C:/Users/davs2/OneDrive/Escritorio/InfiniteMatrixStarter/InfiniteMatrixStarter/Saved/Config/Windows/Engine.ini]
LogConfig: Setting CVar [[s.MinBulkDataSizeForAsyncLoading:131072]]
LogConfig: Setting CVar [[s.AsyncLoadingThreadEnabled:0]]
LogConfig: Setting CVar [[s.EventDrivenLoaderEnabled:1]]
LogConfig: Setting CVar [[s.WarnIfTimeLimitExceeded:0]]
LogConfig: Setting CVar [[s.TimeLimitExceededMultiplier:1.5]]
LogConfig: Setting CVar [[s.TimeLimitExceededMinTime:0.005]]
LogConfig: Setting CVar [[s.UseBackgroundLevelStreaming:1]]
LogConfig: Setting CVar [[s.PriorityAsyncLoadingExtraTime:15.0]]
LogConfig: Setting CVar [[s.LevelStreamingActorsUpdateTimeLimit:5.0]]
LogConfig: Setting CVar [[s.PriorityLevelStreamingActorsUpdateExtraTime:5.0]]
LogConfig: Setting CVar [[s.LevelStreamingComponentsRegistrationGranularity:10]]
LogConfig: Setting CVar [[s.UnregisterComponentsTimeLimit:1.0]]
LogConfig: Setting CVar [[s.LevelStreamingComponentsUnregistrationGranularity:5]]
LogConfig: Setting CVar [[s.FlushStreamingOnExit:1]]
LogInit: Object subsystem initialized
LogConfig: Setting CVar [[con.DebugEarlyDefault:1]]
LogConfig: Setting CVar [[r.setres:1280x720]]
[2022.09.12-03.05.04:983][  0]LogConfig: Setting CVar [[con.DebugEarlyDefault:1]]
[2022.09.12-03.05.04:983][  0]LogConfig: Setting CVar [[r.setres:1280x720]]
[2022.09.12-03.05.04:983][  0]LogConfig: Applying CVar settings from Section [/Script/Engine.RendererSettings] File [C:/Users/davs2/OneDrive/Escritorio/InfiniteMatrixStarter/InfiniteMatrixStarter/Saved/Config/Windows/Engine.ini]
[2022.09.12-03.05.04:983][  0]LogConfig: Setting CVar [[r.GPUCrashDebugging:0]]
[2022.09.12-03.05.04:983][  0]LogConfig: Applying CVar settings from Section [/Script/Engine.RendererOverrideSettings] File [C:/Users/davs2/OneDrive/Escritorio/InfiniteMatrixStarter/InfiniteMatrixStarter/Saved/Config/Windows/Engine.ini]
[2022.09.12-03.05.04:983][  0]LogConfig: Applying CVar settings from Section [/Script/Engine.StreamingSettings] File [C:/Users/davs2/OneDrive/Escritorio/InfiniteMatrixStarter/InfiniteMatrixStarter/Saved/Config/Windows/Engine.ini]
[2022.09.12-03.05.04:983][  0]LogConfig: Setting CVar [[s.MinBulkDataSizeForAsyncLoading:131072]]
[2022.09.12-03.05.04:983][  0]LogConfig: Setting CVar [[s.AsyncLoadingThreadEnabled:0]]
[2022.09.12-03.05.04:983][  0]LogConfig: Setting CVar [[s.EventDrivenLoaderEnabled:1]]
[2022.09.12-03.05.04:983][  0]LogConfig: Setting CVar [[s.WarnIfTimeLimitExceeded:0]]
[2022.09.12-03.05.04:983][  0]LogConfig: Setting CVar [[s.TimeLimitExceededMultiplier:1.5]]
[2022.09.12-03.05.04:983][  0]LogConfig: Setting CVar [[s.TimeLimitExceededMinTime:0.005]]
[2022.09.12-03.05.04:983][  0]LogConfig: Setting CVar [[s.UseBackgroundLevelStreaming:1]]
[2022.09.12-03.05.04:983][  0]LogConfig: Setting CVar [[s.PriorityAsyncLoadingExtraTime:15.0]]
[2022.09.12-03.05.04:983][  0]LogConfig: Setting CVar [[s.LevelStreamingActorsUpdateTimeLimit:5.0]]
[2022.09.12-03.05.04:983][  0]LogConfig: Setting CVar [[s.PriorityLevelStreamingActorsUpdateExtraTime:5.0]]
[2022.09.12-03.05.04:983][  0]LogConfig: Setting CVar [[s.LevelStreamingComponentsRegistrationGranularity:10]]
[2022.09.12-03.05.04:983][  0]LogConfig: Setting CVar [[s.UnregisterComponentsTimeLimit:1.0]]
[2022.09.12-03.05.04:983][  0]LogConfig: Setting CVar [[s.LevelStreamingComponentsUnregistrationGranularity:5]]
[2022.09.12-03.05.04:983][  0]LogConfig: Setting CVar [[s.FlushStreamingOnExit:1]]
[2022.09.12-03.05.04:983][  0]LogConfig: Applying CVar settings from Section [/Script/Engine.GarbageCollectionSettings] File [C:/Users/davs2/OneDrive/Escritorio/InfiniteMatrixStarter/InfiniteMatrixStarter/Saved/Config/Windows/Engine.ini]
[2022.09.12-03.05.04:983][  0]LogConfig: Setting CVar [[gc.MaxObjectsNotConsideredByGC:1]]
[2022.09.12-03.05.04:983][  0]LogConfig: Setting CVar [[gc.SizeOfPermanentObjectPool:0]]
[2022.09.12-03.05.04:983][  0]LogConfig: Setting CVar [[gc.FlushStreamingOnGC:0]]
[2022.09.12-03.05.04:983][  0]LogConfig: Setting CVar [[gc.NumRetriesBeforeForcingGC:10]]
[2022.09.12-03.05.04:983][  0]LogConfig: Setting CVar [[gc.AllowParallelGC:1]]
[2022.09.12-03.05.04:983][  0]LogConfig: Setting CVar [[gc.TimeBetweenPurgingPendingKillObjects:61.1]]
[2022.09.12-03.05.04:983][  0]LogConfig: Setting CVar [[gc.MaxObjectsInEditor:25165824]]
[2022.09.12-03.05.04:983][  0]LogConfig: Setting CVar [[gc.IncrementalBeginDestroyEnabled:1]]
[2022.09.12-03.05.04:983][  0]LogConfig: Setting CVar [[gc.CreateGCClusters:1]]
[2022.09.12-03.05.04:983][  0]LogConfig: Setting CVar [[gc.MinGCClusterSize:5]]
[2022.09.12-03.05.04:983][  0]LogConfig: Setting CVar [[gc.ActorClusteringEnabled:0]]
[2022.09.12-03.05.04:983][  0]LogConfig: Setting CVar [[gc.BlueprintClusteringEnabled:0]]
[2022.09.12-03.05.04:983][  0]LogConfig: Setting CVar [[gc.UseDisregardForGCOnDedicatedServers:0]]
[2022.09.12-03.05.04:983][  0]LogConfig: Setting CVar [[gc.MultithreadedDestructionEnabled:1]]
[2022.09.12-03.05.04:983][  0]LogConfig: Applying CVar settings from Section [/Script/Engine.NetworkSettings] File [C:/Users/davs2/OneDrive/Escritorio/InfiniteMatrixStarter/InfiniteMatrixStarter/Saved/Config/Windows/Engine.ini]
[2022.09.12-03.05.04:983][  0]LogConfig: Applying CVar settings from Section [/Script/UnrealEd.CookerSettings] File [C:/Users/davs2/OneDrive/Escritorio/InfiniteMatrixStarter/InfiniteMatrixStarter/Saved/Config/Windows/Engine.ini]
[2022.09.12-03.05.05:022][  0]LogConfig: Applying CVar settings from Section [ViewDistanceQuality@3] File [C:/Users/davs2/OneDrive/Escritorio/InfiniteMatrixStarter/InfiniteMatrixStarter/Saved/Config/Windows/Scalability.ini]
[2022.09.12-03.05.05:022][  0]LogConfig: Setting CVar [[r.SkeletalMeshLODBias:0]]
[2022.09.12-03.05.05:022][  0]LogConfig: Setting CVar [[r.ViewDistanceScale:1.0]]
[2022.09.12-03.05.05:022][  0]LogConfig: Applying CVar settings from Section [AntiAliasingQuality@3] File [C:/Users/davs2/OneDrive/Escritorio/InfiniteMatrixStarter/InfiniteMatrixStarter/Saved/Config/Windows/Scalability.ini]
[2022.09.12-03.05.05:022][  0]LogConfig: Setting CVar [[r.PostProcessAAQuality:4]]
[2022.09.12-03.05.05:022][  0]LogConfig: Applying CVar settings from Section [ShadowQuality@3] File [C:/Users/davs2/OneDrive/Escritorio/InfiniteMatrixStarter/InfiniteMatrixStarter/Saved/Config/Windows/Scalability.ini]
[2022.09.12-03.05.05:022][  0]LogConfig: Setting CVar [[r.LightFunctionQuality:1]]
[2022.09.12-03.05.05:022][  0]LogConfig: Setting CVar [[r.ShadowQuality:5]]
[2022.09.12-03.05.05:022][  0]LogConfig: Setting CVar [[r.Shadow.CSM.MaxCascades:10]]
[2022.09.12-03.05.05:022][  0]LogConfig: Setting CVar [[r.Shadow.MaxResolution:2048]]
[2022.09.12-03.05.05:022][  0]LogConfig: Setting CVar [[r.Shadow.MaxCSMResolution:2048]]
[2022.09.12-03.05.05:022][  0]LogConfig: Setting CVar [[r.Shadow.RadiusThreshold:0.01]]
[2022.09.12-03.05.05:022][  0]LogConfig: Setting CVar [[r.Shadow.DistanceScale:1.0]]
[2022.09.12-03.05.05:022][  0]LogConfig: Setting CVar [[r.Shadow.CSM.TransitionScale:1.0]]
[2022.09.12-03.05.05:022][  0]LogConfig: Setting CVar [[r.Shadow.PreShadowResolutionFactor:1.0]]
[2022.09.12-03.05.05:022][  0]LogConfig: Setting CVar [[r.DistanceFieldShadowing:1]]
[2022.09.12-03.05.05:022][  0]LogConfig: Setting CVar [[r.DistanceFieldAO:1]]
[2022.09.12-03.05.05:022][  0]LogConfig: Setting CVar [[r.AOQuality:2]]
[2022.09.12-03.05.05:022][  0]LogConfig: Setting CVar [[r.VolumetricFog:1]]
[2022.09.12-03.05.05:022][  0]LogConfig: Setting CVar [[r.VolumetricFog.GridPixelSize:8]]
[2022.09.12-03.05.05:022][  0]LogConfig: Setting CVar [[r.VolumetricFog.GridSizeZ:128]]
[2022.09.12-03.05.05:022][  0]LogConfig: Setting CVar [[r.VolumetricFog.HistoryMissSupersampleCount:4]]
[2022.09.12-03.05.05:022][  0]LogConfig: Setting CVar [[r.LightMaxDrawDistanceScale:1]]
[2022.09.12-03.05.05:022][  0]LogConfig: Setting CVar [[r.CapsuleShadows:1]]
[2022.09.12-03.05.05:022][  0]LogConfig: Applying CVar settings from Section [PostProcessQuality@3] File [C:/Users/davs2/OneDrive/Escritorio/InfiniteMatrixStarter/InfiniteMatrixStarter/Saved/Config/Windows/Scalability.ini]
[2022.09.12-03.05.05:022][  0]LogConfig: Setting CVar [[r.MotionBlurQuality:4]]
[2022.09.12-03.05.05:022][  0]LogConfig: Setting CVar [[r.AmbientOcclusionMipLevelFactor:0.4]]
[2022.09.12-03.05.05:022][  0]LogConfig: Setting CVar [[r.AmbientOcclusionMaxQuality:100]]
[2022.09.12-03.05.05:022][  0]LogConfig: Setting CVar [[r.AmbientOcclusionLevels:-1]]
[2022.09.12-03.05.05:022][  0]LogConfig: Setting CVar [[r.AmbientOcclusionRadiusScale:1.0]]
[2022.09.12-03.05.05:022][  0]LogConfig: Setting CVar [[r.DepthOfFieldQuality:2]]
[2022.09.12-03.05.05:022][  0]LogConfig: Setting CVar [[r.RenderTargetPoolMin:400]]
[2022.09.12-03.05.05:022][  0]LogConfig: Setting CVar [[r.LensFlareQuality:2]]
[2022.09.12-03.05.05:022][  0]LogConfig: Setting CVar [[r.SceneColorFringeQuality:1]]
[2022.09.12-03.05.05:022][  0]LogConfig: Setting CVar [[r.EyeAdaptationQuality:2]]
[2022.09.12-03.05.05:022][  0]LogConfig: Setting CVar [[r.BloomQuality:5]]
[2022.09.12-03.05.05:022][  0]LogConfig: Setting CVar [[r.FastBlurThreshold:100]]
[2022.09.12-03.05.05:022][  0]LogConfig: Setting CVar [[r.Upscale.Quality:3]]
[2022.09.12-03.05.05:022][  0]LogConfig: Setting CVar [[r.Tonemapper.GrainQuantization:1]]
[2022.09.12-03.05.05:022][  0]LogConfig: Setting CVar [[r.LightShaftQuality:1]]
[2022.09.12-03.05.05:022][  0]LogConfig: Setting CVar [[r.Filter.SizeScale:1]]
[2022.09.12-03.05.05:022][  0]LogConfig: Setting CVar [[r.Tonemapper.Quality:5]]
[2022.09.12-03.05.05:022][  0]LogConfig: Setting CVar [[r.DOF.Gather.AccumulatorQuality:1        ; higher gathering accumulator quality]]
[2022.09.12-03.05.05:022][  0]LogConfig: Setting CVar [[r.DOF.Gather.PostfilterMethod:1          ; Median3x3 postfilering method]]
[2022.09.12-03.05.05:022][  0]LogConfig: Setting CVar [[r.DOF.Gather.EnableBokehSettings:0       ; no bokeh simulation when gathering]]
[2022.09.12-03.05.05:022][  0]LogConfig: Setting CVar [[r.DOF.Gather.RingCount:4                 ; medium number of samples when gathering]]
[2022.09.12-03.05.05:022][  0]LogConfig: Setting CVar [[r.DOF.Scatter.ForegroundCompositing:1    ; additive foreground scattering]]
[2022.09.12-03.05.05:022][  0]LogConfig: Setting CVar [[r.DOF.Scatter.BackgroundCompositing:2    ; additive background scattering]]
[2022.09.12-03.05.05:022][  0]LogConfig: Setting CVar [[r.DOF.Scatter.EnableBokehSettings:1      ; bokeh simulation when scattering]]
[2022.09.12-03.05.05:022][  0]LogConfig: Setting CVar [[r.DOF.Scatter.MaxSpriteRatio:0.1         ; only a maximum of 10% of scattered bokeh]]
[2022.09.12-03.05.05:022][  0]LogConfig: Setting CVar [[r.DOF.Recombine.Quality:1                ; cheap slight out of focus]]
[2022.09.12-03.05.05:022][  0]LogConfig: Setting CVar [[r.DOF.Recombine.EnableBokehSettings:0    ; no bokeh simulation on slight out of focus]]
[2022.09.12-03.05.05:022][  0]LogConfig: Setting CVar [[r.DOF.TemporalAAQuality:1                ; more stable temporal accumulation]]
[2022.09.12-03.05.05:022][  0]LogConfig: Setting CVar [[r.DOF.Kernel.MaxForegroundRadius:0.025]]
[2022.09.12-03.05.05:022][  0]LogConfig: Setting CVar [[r.DOF.Kernel.MaxBackgroundRadius:0.025]]
[2022.09.12-03.05.05:022][  0]LogConfig: Applying CVar settings from Section [TextureQuality@3] File [C:/Users/davs2/OneDrive/Escritorio/InfiniteMatrixStarter/InfiniteMatrixStarter/Saved/Config/Windows/Scalability.ini]
[2022.09.12-03.05.05:022][  0]LogConfig: Setting CVar [[r.Streaming.MipBias:0]]
[2022.09.12-03.05.05:022][  0]LogConfig: Setting CVar [[r.Streaming.AmortizeCPUToGPUCopy:0]]
[2022.09.12-03.05.05:022][  0]LogConfig: Setting CVar [[r.Streaming.MaxNumTexturesToStreamPerFrame:0]]
[2022.09.12-03.05.05:022][  0]LogConfig: Setting CVar [[r.Streaming.Boost:1]]
[2022.09.12-03.05.05:022][  0]LogConfig: Setting CVar [[r.MaxAnisotropy:8]]
[2022.09.12-03.05.05:022][  0]LogConfig: Setting CVar [[r.VT.MaxAnisotropy:8]]
[2022.09.12-03.05.05:022][  0]LogConfig: Setting CVar [[r.Streaming.LimitPoolSizeToVRAM:0]]
[2022.09.12-03.05.05:022][  0]LogConfig: Setting CVar [[r.Streaming.PoolSize:1000]]
[2022.09.12-03.05.05:022][  0]LogConfig: Setting CVar [[r.Streaming.MaxEffectiveScreenSize:0]]
[2022.09.12-03.05.05:023][  0]LogConfig: Applying CVar settings from Section [EffectsQuality@3] File [C:/Users/davs2/OneDrive/Escritorio/InfiniteMatrixStarter/InfiniteMatrixStarter/Saved/Config/Windows/Scalability.ini]
[2022.09.12-03.05.05:023][  0]LogConfig: Setting CVar [[r.TranslucencyLightingVolumeDim:64]]
[2022.09.12-03.05.05:023][  0]LogConfig: Setting CVar [[r.RefractionQuality:2]]
[2022.09.12-03.05.05:023][  0]LogConfig: Setting CVar [[r.SSR.Quality:3]]
[2022.09.12-03.05.05:023][  0]LogConfig: Setting CVar [[r.SSR.HalfResSceneColor:0]]
[2022.09.12-03.05.05:023][  0]LogConfig: Setting CVar [[r.SceneColorFormat:4]]
[2022.09.12-03.05.05:023][  0]LogConfig: Setting CVar [[r.DetailMode:2]]
[2022.09.12-03.05.05:023][  0]LogConfig: Setting CVar [[r.TranslucencyVolumeBlur:1]]
[2022.09.12-03.05.05:023][  0]LogConfig: Setting CVar [[r.MaterialQualityLevel:1 ; High quality]]
[2022.09.12-03.05.05:023][  0]LogConfig: Setting CVar [[r.AnisotropicMaterials:1]]
[2022.09.12-03.05.05:023][  0]LogConfig: Setting CVar [[r.SSS.Scale:1]]
[2022.09.12-03.05.05:023][  0]LogConfig: Setting CVar [[r.SSS.SampleSet:2]]
[2022.09.12-03.05.05:023][  0]LogConfig: Setting CVar [[r.SSS.Quality:1]]
[2022.09.12-03.05.05:023][  0]LogConfig: Setting CVar [[r.SSS.HalfRes:0]]
[2022.09.12-03.05.05:023][  0]LogConfig: Setting CVar [[r.SSGI.Quality:3]]
[2022.09.12-03.05.05:023][  0]LogConfig: Setting CVar [[r.EmitterSpawnRateScale:1.0]]
[2022.09.12-03.05.05:023][  0]LogConfig: Setting CVar [[r.ParticleLightQuality:2]]
[2022.09.12-03.05.05:023][  0]LogConfig: Setting CVar [[r.SkyAtmosphere.AerialPerspectiveLUT.FastApplyOnOpaque:1 ; Always have FastSkyLUT 1 in this case to avoid wrong sky]]
[2022.09.12-03.05.05:023][  0]LogConfig: Setting CVar [[r.SkyAtmosphere.AerialPerspectiveLUT.SampleCountMaxPerSlice:4]]
[2022.09.12-03.05.05:023][  0]LogConfig: Setting CVar [[r.SkyAtmosphere.AerialPerspectiveLUT.DepthResolution:16.0]]
[2022.09.12-03.05.05:023][  0]LogConfig: Setting CVar [[r.SkyAtmosphere.FastSkyLUT:1]]
[2022.09.12-03.05.05:023][  0]LogConfig: Setting CVar [[r.SkyAtmosphere.FastSkyLUT.SampleCountMin:4.0]]
[2022.09.12-03.05.05:023][  0]LogConfig: Setting CVar [[r.SkyAtmosphere.FastSkyLUT.SampleCountMax:128.0]]
[2022.09.12-03.05.05:023][  0]LogConfig: Setting CVar [[r.SkyAtmosphere.SampleCountMin:4.0]]
[2022.09.12-03.05.05:023][  0]LogConfig: Setting CVar [[r.SkyAtmosphere.SampleCountMax:128.0]]
[2022.09.12-03.05.05:023][  0]LogConfig: Setting CVar [[r.SkyAtmosphere.TransmittanceLUT.UseSmallFormat:0]]
[2022.09.12-03.05.05:023][  0]LogConfig: Setting CVar [[r.SkyAtmosphere.TransmittanceLUT.SampleCount:10.0]]
[2022.09.12-03.05.05:023][  0]LogConfig: Setting CVar [[r.SkyAtmosphere.MultiScatteringLUT.SampleCount:15.0]]
[2022.09.12-03.05.05:023][  0]LogConfig: Setting CVar [[r.SkyLight.RealTimeReflectionCapture:1]]
[2022.09.12-03.05.05:023][  0]LogConfig: Applying CVar settings from Section [FoliageQuality@3] File [C:/Users/davs2/OneDrive/Escritorio/InfiniteMatrixStarter/InfiniteMatrixStarter/Saved/Config/Windows/Scalability.ini]
[2022.09.12-03.05.05:023][  0]LogConfig: Setting CVar [[foliage.DensityScale:1.0]]
[2022.09.12-03.05.05:023][  0]LogConfig: Setting CVar [[grass.DensityScale:1.0]]
[2022.09.12-03.05.05:023][  0]LogConfig: Applying CVar settings from Section [ShadingQuality@3] File [C:/Users/davs2/OneDrive/Escritorio/InfiniteMatrixStarter/InfiniteMatrixStarter/Saved/Config/Windows/Scalability.ini]
[2022.09.12-03.05.05:023][  0]LogConfig: Setting CVar [[r.HairStrands.SkyLighting.IntegrationType:2]]
[2022.09.12-03.05.05:023][  0]LogConfig: Setting CVar [[r.HairStrands.SkyAO.SampleCount:4]]
[2022.09.12-03.05.05:023][  0]LogConfig: Setting CVar [[r.HairStrands.Visibility.MSAA.SamplePerPixel:4]]
[2022.09.12-03.05.05:023][  0]LogInit: Selected Device Profile: [Windows]
[2022.09.12-03.05.05:023][  0]LogInit: Applying CVar settings loaded from the selected device profile: [Windows]
[2022.09.12-03.05.05:023][  0]LogHAL: Display: Platform has ~ 16 GB [17022177280 / 17179869184 / 16], which maps to Larger [LargestMinGB=32, LargerMinGB=12, DefaultMinGB=8, SmallerMinGB=6, SmallestMinGB=0)
[2022.09.12-03.05.05:023][  0]LogInit: Going up to parent DeviceProfile []
[2022.09.12-03.05.05:023][  0]LogConfig: Applying CVar settings from Section [ViewDistanceQuality@3] File [C:/Users/davs2/OneDrive/Escritorio/InfiniteMatrixStarter/InfiniteMatrixStarter/Saved/Config/Windows/Scalability.ini]
[2022.09.12-03.05.05:023][  0]LogConfig: Setting CVar [[r.SkeletalMeshLODBias:0]]
[2022.09.12-03.05.05:023][  0]LogConfig: Setting CVar [[r.ViewDistanceScale:1.0]]
[2022.09.12-03.05.05:023][  0]LogConfig: Applying CVar settings from Section [AntiAliasingQuality@3] File [C:/Users/davs2/OneDrive/Escritorio/InfiniteMatrixStarter/InfiniteMatrixStarter/Saved/Config/Windows/Scalability.ini]
[2022.09.12-03.05.05:023][  0]LogConfig: Setting CVar [[r.PostProcessAAQuality:4]]
[2022.09.12-03.05.05:023][  0]LogConfig: Applying CVar settings from Section [ShadowQuality@3] File [C:/Users/davs2/OneDrive/Escritorio/InfiniteMatrixStarter/InfiniteMatrixStarter/Saved/Config/Windows/Scalability.ini]
[2022.09.12-03.05.05:023][  0]LogConfig: Setting CVar [[r.LightFunctionQuality:1]]
[2022.09.12-03.05.05:023][  0]LogConfig: Setting CVar [[r.ShadowQuality:5]]
[2022.09.12-03.05.05:023][  0]LogConfig: Setting CVar [[r.Shadow.CSM.MaxCascades:10]]
[2022.09.12-03.05.05:023][  0]LogConfig: Setting CVar [[r.Shadow.MaxResolution:2048]]
[2022.09.12-03.05.05:023][  0]LogConfig: Setting CVar [[r.Shadow.MaxCSMResolution:2048]]
[2022.09.12-03.05.05:023][  0]LogConfig: Setting CVar [[r.Shadow.RadiusThreshold:0.01]]
[2022.09.12-03.05.05:023][  0]LogConfig: Setting CVar [[r.Shadow.DistanceScale:1.0]]
[2022.09.12-03.05.05:023][  0]LogConfig: Setting CVar [[r.Shadow.CSM.TransitionScale:1.0]]
[2022.09.12-03.05.05:023][  0]LogConfig: Setting CVar [[r.Shadow.PreShadowResolutionFactor:1.0]]
[2022.09.12-03.05.05:023][  0]LogConfig: Setting CVar [[r.DistanceFieldShadowing:1]]
[2022.09.12-03.05.05:023][  0]LogConfig: Setting CVar [[r.DistanceFieldAO:1]]
[2022.09.12-03.05.05:023][  0]LogConfig: Setting CVar [[r.AOQuality:2]]
[2022.09.12-03.05.05:023][  0]LogConfig: Setting CVar [[r.VolumetricFog:1]]
[2022.09.12-03.05.05:023][  0]LogConfig: Setting CVar [[r.VolumetricFog.GridPixelSize:8]]
[2022.09.12-03.05.05:023][  0]LogConfig: Setting CVar [[r.VolumetricFog.GridSizeZ:128]]
[2022.09.12-03.05.05:023][  0]LogConfig: Setting CVar [[r.VolumetricFog.HistoryMissSupersampleCount:4]]
[2022.09.12-03.05.05:023][  0]LogConfig: Setting CVar [[r.LightMaxDrawDistanceScale:1]]
[2022.09.12-03.05.05:023][  0]LogConfig: Setting CVar [[r.CapsuleShadows:1]]
[2022.09.12-03.05.05:023][  0]LogConfig: Applying CVar settings from Section [PostProcessQuality@3] File [C:/Users/davs2/OneDrive/Escritorio/InfiniteMatrixStarter/InfiniteMatrixStarter/Saved/Config/Windows/Scalability.ini]
[2022.09.12-03.05.05:023][  0]LogConfig: Setting CVar [[r.MotionBlurQuality:4]]
[2022.09.12-03.05.05:023][  0]LogConfig: Setting CVar [[r.AmbientOcclusionMipLevelFactor:0.4]]
[2022.09.12-03.05.05:023][  0]LogConfig: Setting CVar [[r.AmbientOcclusionMaxQuality:100]]
[2022.09.12-03.05.05:023][  0]LogConfig: Setting CVar [[r.AmbientOcclusionLevels:-1]]
[2022.09.12-03.05.05:023][  0]LogConfig: Setting CVar [[r.AmbientOcclusionRadiusScale:1.0]]
[2022.09.12-03.05.05:023][  0]LogConfig: Setting CVar [[r.DepthOfFieldQuality:2]]
[2022.09.12-03.05.05:023][  0]LogConfig: Setting CVar [[r.RenderTargetPoolMin:400]]
[2022.09.12-03.05.05:023][  0]LogConfig: Setting CVar [[r.LensFlareQuality:2]]
[2022.09.12-03.05.05:023][  0]LogConfig: Setting CVar [[r.SceneColorFringeQuality:1]]
[2022.09.12-03.05.05:023][  0]LogConfig: Setting CVar [[r.EyeAdaptationQuality:2]]
[2022.09.12-03.05.05:023][  0]LogConfig: Setting CVar [[r.BloomQuality:5]]
[2022.09.12-03.05.05:023][  0]LogConfig: Setting CVar [[r.FastBlurThreshold:100]]
[2022.09.12-03.05.05:023][  0]LogConfig: Setting CVar [[r.Upscale.Quality:3]]
[2022.09.12-03.05.05:023][  0]LogConfig: Setting CVar [[r.Tonemapper.GrainQuantization:1]]
[2022.09.12-03.05.05:023][  0]LogConfig: Setting CVar [[r.LightShaftQuality:1]]
[2022.09.12-03.05.05:024][  0]LogConfig: Setting CVar [[r.Filter.SizeScale:1]]
[2022.09.12-03.05.05:024][  0]LogConfig: Setting CVar [[r.Tonemapper.Quality:5]]
[2022.09.12-03.05.05:024][  0]LogConfig: Setting CVar [[r.DOF.Gather.AccumulatorQuality:1        ; higher gathering accumulator quality]]
[2022.09.12-03.05.05:024][  0]LogConfig: Setting CVar [[r.DOF.Gather.PostfilterMethod:1          ; Median3x3 postfilering method]]
[2022.09.12-03.05.05:024][  0]LogConfig: Setting CVar [[r.DOF.Gather.EnableBokehSettings:0       ; no bokeh simulation when gathering]]
[2022.09.12-03.05.05:024][  0]LogConfig: Setting CVar [[r.DOF.Gather.RingCount:4                 ; medium number of samples when gathering]]
[2022.09.12-03.05.05:024][  0]LogConfig: Setting CVar [[r.DOF.Scatter.ForegroundCompositing:1    ; additive foreground scattering]]
[2022.09.12-03.05.05:024][  0]LogConfig: Setting CVar [[r.DOF.Scatter.BackgroundCompositing:2    ; additive background scattering]]
[2022.09.12-03.05.05:024][  0]LogConfig: Setting CVar [[r.DOF.Scatter.EnableBokehSettings:1      ; bokeh simulation when scattering]]
[2022.09.12-03.05.05:024][  0]LogConfig: Setting CVar [[r.DOF.Scatter.MaxSpriteRatio:0.1         ; only a maximum of 10% of scattered bokeh]]
[2022.09.12-03.05.05:024][  0]LogConfig: Setting CVar [[r.DOF.Recombine.Quality:1                ; cheap slight out of focus]]
[2022.09.12-03.05.05:024][  0]LogConfig: Setting CVar [[r.DOF.Recombine.EnableBokehSettings:0    ; no bokeh simulation on slight out of focus]]
[2022.09.12-03.05.05:024][  0]LogConfig: Setting CVar [[r.DOF.TemporalAAQuality:1                ; more stable temporal accumulation]]
[2022.09.12-03.05.05:024][  0]LogConfig: Setting CVar [[r.DOF.Kernel.MaxForegroundRadius:0.025]]
[2022.09.12-03.05.05:024][  0]LogConfig: Setting CVar [[r.DOF.Kernel.MaxBackgroundRadius:0.025]]
[2022.09.12-03.05.05:024][  0]LogConfig: Applying CVar settings from Section [TextureQuality@3] File [C:/Users/davs2/OneDrive/Escritorio/InfiniteMatrixStarter/InfiniteMatrixStarter/Saved/Config/Windows/Scalability.ini]
[2022.09.12-03.05.05:024][  0]LogConfig: Setting CVar [[r.Streaming.MipBias:0]]
[2022.09.12-03.05.05:024][  0]LogConfig: Setting CVar [[r.Streaming.AmortizeCPUToGPUCopy:0]]
[2022.09.12-03.05.05:024][  0]LogConfig: Setting CVar [[r.Streaming.MaxNumTexturesToStreamPerFrame:0]]
[2022.09.12-03.05.05:024][  0]LogConfig: Setting CVar [[r.Streaming.Boost:1]]
[2022.09.12-03.05.05:024][  0]LogConfig: Setting CVar [[r.MaxAnisotropy:8]]
[2022.09.12-03.05.05:024][  0]LogConfig: Setting CVar [[r.VT.MaxAnisotropy:8]]
[2022.09.12-03.05.05:024][  0]LogConfig: Setting CVar [[r.Streaming.LimitPoolSizeToVRAM:0]]
[2022.09.12-03.05.05:024][  0]LogConfig: Setting CVar [[r.Streaming.PoolSize:1000]]
[2022.09.12-03.05.05:024][  0]LogConfig: Setting CVar [[r.Streaming.MaxEffectiveScreenSize:0]]
[2022.09.12-03.05.05:024][  0]LogConfig: Applying CVar settings from Section [EffectsQuality@3] File [C:/Users/davs2/OneDrive/Escritorio/InfiniteMatrixStarter/InfiniteMatrixStarter/Saved/Config/Windows/Scalability.ini]
[2022.09.12-03.05.05:024][  0]LogConfig: Setting CVar [[r.TranslucencyLightingVolumeDim:64]]
[2022.09.12-03.05.05:024][  0]LogConfig: Setting CVar [[r.RefractionQuality:2]]
[2022.09.12-03.05.05:024][  0]LogConfig: Setting CVar [[r.SSR.Quality:3]]
[2022.09.12-03.05.05:024][  0]LogConfig: Setting CVar [[r.SSR.HalfResSceneColor:0]]
[2022.09.12-03.05.05:024][  0]LogConfig: Setting CVar [[r.SceneColorFormat:4]]
[2022.09.12-03.05.05:024][  0]LogConfig: Setting CVar [[r.DetailMode:2]]
[2022.09.12-03.05.05:024][  0]LogConfig: Setting CVar [[r.TranslucencyVolumeBlur:1]]
[2022.09.12-03.05.05:024][  0]LogConfig: Setting CVar [[r.MaterialQualityLevel:1 ; High quality]]
[2022.09.12-03.05.05:024][  0]LogConfig: Setting CVar [[r.AnisotropicMaterials:1]]
[2022.09.12-03.05.05:024][  0]LogConfig: Setting CVar [[r.SSS.Scale:1]]
[2022.09.12-03.05.05:024][  0]LogConfig: Setting CVar [[r.SSS.SampleSet:2]]
[2022.09.12-03.05.05:024][  0]LogConfig: Setting CVar [[r.SSS.Quality:1]]
[2022.09.12-03.05.05:024][  0]LogConfig: Setting CVar [[r.SSS.HalfRes:0]]
[2022.09.12-03.05.05:024][  0]LogConfig: Setting CVar [[r.SSGI.Quality:3]]
[2022.09.12-03.05.05:024][  0]LogConfig: Setting CVar [[r.EmitterSpawnRateScale:1.0]]
[2022.09.12-03.05.05:024][  0]LogConfig: Setting CVar [[r.ParticleLightQuality:2]]
[2022.09.12-03.05.05:024][  0]LogConfig: Setting CVar [[r.SkyAtmosphere.AerialPerspectiveLUT.FastApplyOnOpaque:1 ; Always have FastSkyLUT 1 in this case to avoid wrong sky]]
[2022.09.12-03.05.05:024][  0]LogConfig: Setting CVar [[r.SkyAtmosphere.AerialPerspectiveLUT.SampleCountMaxPerSlice:4]]
[2022.09.12-03.05.05:024][  0]LogConfig: Setting CVar [[r.SkyAtmosphere.AerialPerspectiveLUT.DepthResolution:16.0]]
[2022.09.12-03.05.05:024][  0]LogConfig: Setting CVar [[r.SkyAtmosphere.FastSkyLUT:1]]
[2022.09.12-03.05.05:024][  0]LogConfig: Setting CVar [[r.SkyAtmosphere.FastSkyLUT.SampleCountMin:4.0]]
[2022.09.12-03.05.05:024][  0]LogConfig: Setting CVar [[r.SkyAtmosphere.FastSkyLUT.SampleCountMax:128.0]]
[2022.09.12-03.05.05:024][  0]LogConfig: Setting CVar [[r.SkyAtmosphere.SampleCountMin:4.0]]
[2022.09.12-03.05.05:024][  0]LogConfig: Setting CVar [[r.SkyAtmosphere.SampleCountMax:128.0]]
[2022.09.12-03.05.05:024][  0]LogConfig: Setting CVar [[r.SkyAtmosphere.TransmittanceLUT.UseSmallFormat:0]]
[2022.09.12-03.05.05:024][  0]LogConfig: Setting CVar [[r.SkyAtmosphere.TransmittanceLUT.SampleCount:10.0]]
[2022.09.12-03.05.05:024][  0]LogConfig: Setting CVar [[r.SkyAtmosphere.MultiScatteringLUT.SampleCount:15.0]]
[2022.09.12-03.05.05:024][  0]LogConfig: Setting CVar [[r.SkyLight.RealTimeReflectionCapture:1]]
[2022.09.12-03.05.05:024][  0]LogConfig: Applying CVar settings from Section [FoliageQuality@3] File [C:/Users/davs2/OneDrive/Escritorio/InfiniteMatrixStarter/InfiniteMatrixStarter/Saved/Config/Windows/Scalability.ini]
[2022.09.12-03.05.05:024][  0]LogConfig: Setting CVar [[foliage.DensityScale:1.0]]
[2022.09.12-03.05.05:024][  0]LogConfig: Setting CVar [[grass.DensityScale:1.0]]
[2022.09.12-03.05.05:024][  0]LogConfig: Applying CVar settings from Section [ShadingQuality@3] File [C:/Users/davs2/OneDrive/Escritorio/InfiniteMatrixStarter/InfiniteMatrixStarter/Saved/Config/Windows/Scalability.ini]
[2022.09.12-03.05.05:024][  0]LogConfig: Setting CVar [[r.HairStrands.SkyLighting.IntegrationType:2]]
[2022.09.12-03.05.05:024][  0]LogConfig: Setting CVar [[r.HairStrands.SkyAO.SampleCount:4]]
[2022.09.12-03.05.05:024][  0]LogConfig: Setting CVar [[r.HairStrands.Visibility.MSAA.SamplePerPixel:4]]
[2022.09.12-03.05.05:024][  0]LogConfig: Applying CVar settings from Section [Startup] File [../../../Engine/Config/ConsoleVariables.ini]
[2022.09.12-03.05.05:024][  0]LogConfig: Setting CVar [[net.UseAdaptiveNetUpdateFrequency:0]]
[2022.09.12-03.05.05:024][  0]LogConfig: Setting CVar [[p.chaos.AllowCreatePhysxBodies:1]]
[2022.09.12-03.05.05:024][  0]LogConfig: Setting CVar [[fx.SkipVectorVMBackendOptimizations:1]]
[2022.09.12-03.05.05:025][  0]LogConfig: Applying CVar settings from Section [ConsoleVariables] File [C:/Users/davs2/OneDrive/Escritorio/InfiniteMatrixStarter/InfiniteMatrixStarter/Saved/Config/Windows/Engine.ini]
[2022.09.12-03.05.05:025][  0]LogConfig: Applying CVar settings from Section [ConsoleVariables] File [C:/Users/davs2/OneDrive/Escritorio/InfiniteMatrixStarter/InfiniteMatrixStarter/Saved/Config/Windows/Editor.ini]
[2022.09.12-03.05.05:025][  0]LogInit: Computer: DAVIDLAPTOP
[2022.09.12-03.05.05:025][  0]LogInit: User: davs2
[2022.09.12-03.05.05:025][  0]LogInit: CPU Page size=4096, Cores=6
[2022.09.12-03.05.05:025][  0]LogInit: High frequency timer resolution =10.000000 MHz
[2022.09.12-03.05.05:025][  0]LogMemory: Memory total: Physical=15.9GB (16GB approx)
[2022.09.12-03.05.05:025][  0]LogMemory: Platform Memory Stats for Windows
[2022.09.12-03.05.05:025][  0]LogMemory: Process Physical Memory: 153.27 MB used, 154.92 MB peak
[2022.09.12-03.05.05:025][  0]LogMemory: Process Virtual Memory: 136.86 MB used, 136.86 MB peak
[2022.09.12-03.05.05:025][  0]LogMemory: Physical Memory: 11644.48 MB used,  4589.13 MB free, 16233.61 MB total
[2022.09.12-03.05.05:025][  0]LogMemory: Virtual Memory: 134213976.00 MB used,  3750.30 MB free, 134217728.00 MB total
[2022.09.12-03.05.05:157][  0]LogWindows: WindowsPlatformFeatures enabled
[2022.09.12-03.05.05:214][  0]LogInit: Physics initialised using underlying interface: PhysX
[2022.09.12-03.05.05:214][  0]LogInit: Using OS detected language (en-US).
[2022.09.12-03.05.05:214][  0]LogInit: Using OS detected locale (en-US).
[2022.09.12-03.05.05:222][  0]LogTextLocalizationManager: No specific localization for 'en-US' exists, so the 'en' localization will be used.
[2022.09.12-03.05.05:442][  0]LogWindowsTextInputMethodSystem: Display: IME system deactivated.
[2022.09.12-03.05.05:499][  0]LogSlate: New Slate User Created.  User Index 0, Is Virtual User: 0
[2022.09.12-03.05.05:499][  0]LogSlate: Slate User Registered.  User Index 0, Is Virtual User: 0
[2022.09.12-03.05.05:546][  0]LogD3D11RHI: Loaded GFSDK_Aftermath_Lib.x64.dll
[2022.09.12-03.05.05:733][  0]LogHMD: Failed to initialize OpenVR with code 126
[2022.09.12-03.05.05:733][  0]LogD3D11RHI: D3D11 min allowed feature level: 11_0
[2022.09.12-03.05.05:733][  0]LogD3D11RHI: D3D11 max allowed feature level: 11_0
[2022.09.12-03.05.05:733][  0]LogD3D11RHI: D3D11 adapters:
[2022.09.12-03.05.05:832][  0]LogD3D11RHI:    0. 'NVIDIA GeForce GTX 1660 Ti' (Feature Level 11_0)
[2022.09.12-03.05.05:832][  0]LogD3D11RHI:       5991/0/8116 MB DedicatedVideo/DedicatedSystem/SharedSystem, Outputs:3, VendorId:0x10de
[2022.09.12-03.05.05:852][  0]LogD3D11RHI:    1. 'Intel(R) UHD Graphics 630' (Feature Level 11_0)
[2022.09.12-03.05.05:852][  0]LogD3D11RHI:       128/0/8116 MB DedicatedVideo/DedicatedSystem/SharedSystem, Outputs:0, VendorId:0x8086
[2022.09.12-03.05.05:854][  0]LogD3D11RHI:    2. 'Microsoft Basic Render Driver' (Feature Level 11_0)
[2022.09.12-03.05.05:854][  0]LogD3D11RHI:       0/0/8116 MB DedicatedVideo/DedicatedSystem/SharedSystem, Outputs:0, VendorId:0x1414
[2022.09.12-03.05.05:854][  0]LogD3D11RHI: Chosen D3D11 Adapter:
[2022.09.12-03.05.05:854][  0]LogD3D11RHI:     Description : NVIDIA GeForce GTX 1660 Ti
[2022.09.12-03.05.05:854][  0]LogD3D11RHI:     VendorId    : 10de
[2022.09.12-03.05.05:854][  0]LogD3D11RHI:     DeviceId    : 2191
[2022.09.12-03.05.05:854][  0]LogD3D11RHI:     SubSysId    : 110f1043
[2022.09.12-03.05.05:854][  0]LogD3D11RHI:     Revision    : 00a1
[2022.09.12-03.05.05:854][  0]LogD3D11RHI:     DedicatedVideoMemory : 6282018816 bytes
[2022.09.12-03.05.05:854][  0]LogD3D11RHI:     DedicatedSystemMemory : 0 bytes
[2022.09.12-03.05.05:854][  0]LogD3D11RHI:     SharedSystemMemory : 8511088640 bytes
[2022.09.12-03.05.05:854][  0]LogD3D11RHI:     AdapterLuid : 0 68329
[2022.09.12-03.05.05:863][  0]LogD3D11RHI: Creating new Direct3DDevice
[2022.09.12-03.05.05:863][  0]LogD3D11RHI:     GPU DeviceId: 0x2191 (for the marketing name, search the web for "GPU Device Id")
[2022.09.12-03.05.05:863][  0]LogWindows: EnumDisplayDevices:
[2022.09.12-03.05.05:863][  0]LogWindows:    0. 'Intel(R) UHD Graphics 630' (P:1 D:1)
[2022.09.12-03.05.05:864][  0]LogWindows:    1. 'Intel(R) UHD Graphics 630' (P:0 D:0)
[2022.09.12-03.05.05:864][  0]LogWindows:    2. 'Intel(R) UHD Graphics 630' (P:0 D:0)
[2022.09.12-03.05.05:864][  0]LogWindows:    3. 'NVIDIA GeForce GTX 1660 Ti' (P:0 D:1)
[2022.09.12-03.05.05:865][  0]LogWindows:    4. 'NVIDIA GeForce GTX 1660 Ti' (P:0 D:1)
[2022.09.12-03.05.05:865][  0]LogWindows:    5. 'NVIDIA GeForce GTX 1660 Ti' (P:0 D:0)
[2022.09.12-03.05.05:865][  0]LogWindows:    6. 'NVIDIA GeForce GTX 1660 Ti' (P:0 D:0)
[2022.09.12-03.05.05:865][  0]LogWindows: DebugString: PrimaryIsNotTheChoosenAdapter PrimaryIsNotTheChoosenAdapter PrimaryIsNotTheChoosenAdapter FoundDriverCount:4 
[2022.09.12-03.05.05:865][  0]LogD3D11RHI:     Adapter Name: NVIDIA GeForce GTX 1660 Ti
[2022.09.12-03.05.05:865][  0]LogD3D11RHI:   Driver Version: 512.95 (internal:30.0.15.1295, unified:512.95)
[2022.09.12-03.05.05:865][  0]LogD3D11RHI:      Driver Date: 5-19-2022
[2022.09.12-03.05.05:865][  0]LogRHI: Texture pool is 4193 MB (70% of 5991 MB)
[2022.09.12-03.05.05:865][  0]LogD3D11RHI: Creating D3DDevice using adapter:
[2022.09.12-03.05.05:865][  0]LogD3D11RHI:     Description : NVIDIA GeForce GTX 1660 Ti
[2022.09.12-03.05.05:865][  0]LogD3D11RHI:     VendorId    : 10de
[2022.09.12-03.05.05:866][  0]LogD3D11RHI:     DeviceId    : 2191
[2022.09.12-03.05.05:866][  0]LogD3D11RHI:     SubSysId    : 110f1043
[2022.09.12-03.05.05:866][  0]LogD3D11RHI:     Revision    : 00a1
[2022.09.12-03.05.05:866][  0]LogD3D11RHI:     DedicatedVideoMemory : 6282018816 bytes
[2022.09.12-03.05.05:866][  0]LogD3D11RHI:     DedicatedSystemMemory : 0 bytes
[2022.09.12-03.05.05:866][  0]LogD3D11RHI:     SharedSystemMemory : 8511088640 bytes
[2022.09.12-03.05.05:866][  0]LogD3D11RHI:     AdapterLuid : 0 68329
[2022.09.12-03.05.05:915][  0]LogD3D11RHI: RHI has support for 64 bit atomics
[2022.09.12-03.05.05:915][  0]LogD3D11RHI: Async texture creation enabled
[2022.09.12-03.05.05:915][  0]LogD3D11RHI: Array index from any shader is supported
[2022.09.12-03.05.05:940][  0]LogD3D11RHI: GPU Timing Frequency: 1000.000000 (Debug: 2 1)
[2022.09.12-03.05.05:979][  0]LogRHI: GeForceNow SDK initialized: 1
[2022.09.12-03.05.06:814][  0]LogTargetPlatformManager: Display: Loaded TargetPlatform 'WindowsNoEditor'
[2022.09.12-03.05.06:820][  0]LogTargetPlatformManager: Display: Loaded TargetPlatform 'Windows'
[2022.09.12-03.05.06:826][  0]LogTargetPlatformManager: Display: Loaded TargetPlatform 'WindowsClient'
[2022.09.12-03.05.06:832][  0]LogTargetPlatformManager: Display: Loaded TargetPlatform 'WindowsServer'
[2022.09.12-03.05.06:832][  0]LogTargetPlatformManager: Display: Building Assets For Windows
[2022.09.12-03.05.06:842][  0]LogAudioDebug: Display: Lib vorbis DLL was dynamically loaded.
[2022.09.12-03.05.06:885][  0]LogTextureFormatOodle: Display: Oodle Texture 2.9.0 init RDO Off
[2022.09.12-03.05.06:927][  0]LogRendererCore: Ray tracing is disabled. Reason: r.RayTracing=0.
[2022.09.12-03.05.06:927][  0]LogShaderCompilers: Guid format shader working directory is -47 characters bigger than the processId version (../../../../../../Users/davs2/OneDrive/Escritorio/InfiniteMatrixStarter/InfiniteMatrixStarter/Intermediate/Shaders/WorkingDirectory/7712/).
[2022.09.12-03.05.06:927][  0]LogShaderCompilers: Cleaned the shader compiler working directory 'C:/Users/davs2/AppData/Local/Temp/UnrealShaderWorkingDir/4311361248D7F5D4E022AFB3B4838A3A/'.
[2022.09.12-03.05.06:927][  0]LogXGEController: Cannot use XGE Controller as Incredibuild is not installed on this machine.
[2022.09.12-03.05.06:927][  0]LogShaderCompilers: Cannot use XGE Shader Compiler as Incredibuild is not installed on this machine.
[2022.09.12-03.05.06:927][  0]LogShaderCompilers: Display: Using Local Shader Compiler.
[2022.09.12-03.05.07:719][  0]LogDerivedDataCache: Display: Max Cache Size: 512 MB
[2022.09.12-03.05.07:789][  0]LogDerivedDataCache: Loaded boot cache 0.07s 94MB C:/Users/davs2/AppData/Local/UnrealEngine/4.27/DerivedDataCache/Boot.ddc.
[2022.09.12-03.05.07:789][  0]LogDerivedDataCache: Display: Loaded Boot cache: C:/Users/davs2/AppData/Local/UnrealEngine/4.27/DerivedDataCache/Boot.ddc
[2022.09.12-03.05.07:790][  0]LogDerivedDataCache: FDerivedDataBackendGraph:  Pak pak cache file ../../../../../../Users/davs2/OneDrive/Escritorio/InfiniteMatrixStarter/InfiniteMatrixStarter/DerivedDataCache/DDC.ddp not found, will not use a pak cache.
[2022.09.12-03.05.07:790][  0]LogDerivedDataCache: Unable to find inner node Pak for hierarchical cache Hierarchy.
[2022.09.12-03.05.07:790][  0]LogDerivedDataCache: FDerivedDataBackendGraph:  CompressedPak pak cache file ../../../../../../Users/davs2/OneDrive/Escritorio/InfiniteMatrixStarter/InfiniteMatrixStarter/DerivedDataCache/Compressed.ddp not found, will not use a pak cache.
[2022.09.12-03.05.07:790][  0]LogDerivedDataCache: Unable to find inner node CompressedPak for hierarchical cache Hierarchy.
[2022.09.12-03.05.07:807][  0]LogDerivedDataCache: Display: Pak cache opened for reading ../../../Engine/DerivedDataCache/Compressed.ddp.
[2022.09.12-03.05.07:807][  0]LogDerivedDataCache: FDerivedDataBackendGraph:  EnterprisePak pak cache file ../../../Enterprise/DerivedDataCache/Compressed.ddp not found, will not use a pak cache.
[2022.09.12-03.05.07:807][  0]LogDerivedDataCache: Unable to find inner node EnterprisePak for hierarchical cache Hierarchy.
[2022.09.12-03.05.07:828][  0]LogDerivedDataCache: Speed tests for C:/Users/davs2/AppData/Local/UnrealEngine/Common/DerivedDataCache took 0.02 seconds
[2022.09.12-03.05.07:828][  0]LogDerivedDataCache: Display: Performance to C:/Users/davs2/AppData/Local/UnrealEngine/Common/DerivedDataCache: Latency=0.03ms. RandomReadSpeed=753.21MBs, RandomWriteSpeed=48.85MBs. Assigned SpeedClass 'Local'
[2022.09.12-03.05.07:828][  0]LogDerivedDataCache: Using Local data cache path C:/Users/davs2/AppData/Local/UnrealEngine/Common/DerivedDataCache: Writable
[2022.09.12-03.05.07:828][  0]LogDerivedDataCache: Shared data cache path not found in *engine.ini, will not use an Shared cache.
[2022.09.12-03.05.07:828][  0]LogDerivedDataCache: Unable to find inner node Shared for hierarchical cache Hierarchy.
[2022.09.12-03.05.07:880][  0]LogSlate: Using FreeType 2.10.0
[2022.09.12-03.05.07:881][  0]LogSlate: SlateFontServices - WITH_FREETYPE: 1, WITH_HARFBUZZ: 1
[2022.09.12-03.05.07:987][  0]LogInit: Using OS detected language (en-US).
[2022.09.12-03.05.07:987][  0]LogInit: Using OS detected locale (en-US).
[2022.09.12-03.05.07:987][  0]LogTextLocalizationManager: No localization for 'en-US' exists, so 'en' will be used for the language.
[2022.09.12-03.05.07:987][  0]LogTextLocalizationManager: No localization for 'en-US' exists, so 'en' will be used for the locale.
[2022.09.12-03.05.07:987][  0]LogSlate: FontCache flush requested. Reason: Culture for localization was changed
[2022.09.12-03.05.07:987][  0]LogSlate: FontCache flush requested. Reason: Culture for localization was changed
[2022.09.12-03.05.07:991][  0]LogTextLocalizationManager: Compacting localization data took   0.00ms
[2022.09.12-03.05.07:991][  0]LogAssetRegistry: FAssetRegistry took 0.0017 seconds to start up
[2022.09.12-03.05.08:150][  0]LogPackageLocalizationCache: Processed 27 localized package path(s) for 1 prioritized culture(s) in 0.001832 seconds
[2022.09.12-03.05.08:220][  0]LogInit: Selected Device Profile: [Windows]
[2022.09.12-03.05.08:220][  0]LogInit: Active device profile: [0000017FBD531300][0000017FB35CA140 49] Windows
[2022.09.12-03.05.08:220][  0]LogInit: Profiles: [0000017FBD531300][0000017FB35CA140 49] Windows, [0000017FBD506800][0000017FB3C4A400 49] WindowsNoEditor, [0000017FBD532500][0000017FB3C4E6C0 49] WindowsServer, [0000017FBD507600][0000017FB3C52980 49] WindowsClient, [0000017FBD533200][0000017FB3C56C40 49] IOS, [0000017FBD505300][0000017FB3C5AF00 49] iPadAir, [0000017FBD532900][0000017FB3C5F1C0 49] iPadAir2, [0000017FBD4B1C00][0000017FB3C73700 49] IPadPro, [0000017FBD4B1D00][0000017FB3C63740 49] iPadAir3, [0000017FBD507C00][0000017FB3C6BA00 49] iPadAir4, [0000017FBD4B2C00][0000017FB3C46100 49] iPadMini2, [0000017FBD505700][0000017FB3C66380 49] iPadMini3, [0000017FBD4B0B00][0000017FB3C76640 49] iPadMini4, [0000017FBD506C00][0000017FB3C7A900 49] iPadMini5, [0000017FBD4DD300][0000017FB3C8EE40 49] iPhone6, [0000017FBD4DD400][0000017FB3C7EE80 49] iPodTouch6, [0000017FBD531600][0000017FBC55B3C0 49] iPhone7, [0000017FBD532B00][0000017FB3C87400 49] iPodTouch7, [0000017FBD4B3A00][0000017FB3C8B6C0 49] iPhone5S, [0000017FBD531800][0000017FB3C83980 49] iPhone6Plus, [0000017FBD4B3000][0000017FBC5560C0 49] iPhone6S, [0000017FBD532800][0000017FB3C6E340 49] iPhone6SPlus, [0000017FBD4B1400][0000017FBC55E5C0 49] iPhone7Plus, [0000017FBD530100][0000017FBC566880 49] iPhoneSE, [0000017FBD530B00][0000017FBC56AB40 49] iPhone8, [0000017FBD4DC800][0000017FBC56EE00 49] iPhone8Plus, [0000017FBD531500][0000017FBC5730C0 49] iPhoneX, [0000017FBD4DCF00][0000017FBC577380 49] iPhoneXS, [0000017FBD533700][0000017FBC57B640 49] iPhoneXSMax, [0000017FBD4DF200][0000017FBC57F900 49] iPhoneXR, [0000017FBD533800][0000017FBC583BC0 49] iPhone11, [0000017FBD4DFD00][0000017FBC586300 49] iPhone11Pro, [0000017FBD4B2600][0000017FBC562580 49] iPhone11ProMax, [0000017FBD4DC600][0000017FBC58E840 49] iPhoneSE2, [0000017FBD4B2000][0000017FBC592B00 49] iPhone12Mini, [0000017FBD4DF800][0000017FBC596DC0 49] iPhone12, [0000017FBD4B1B00][0000017FBC59B080 49] iPhone12Pro, [0000017FBD4DDE00][0000017FBC59F340 49] iPhone12ProMax, [0000017FBD4B3F00][0000017FBC5A3600 49] iPadPro105, [0000017FBD4DF300][0000017FBC5A78C0 49] iPadPro129, [0000017FBD4B3700][0000017FBC5ABB80 49] iPadPro97, [0000017FBD4DE200][0000017FBC5AE2C0 49] iPadPro2_129, [0000017FBD4B2F00][0000017FBC58A540 49] iPad5, [0000017FBD4DCC00][0000017FBC5B27C0 49] iPad6, [0000017FBD4B2500][0000017FBC5BAA80 49] iPad7, [0000017FBD4DEB00][0000017FBC5BED40 49] iPad8, [0000017FBD4B1300][0000017FBC5C3000 49] iPadPro11, [0000017FBD4DFE00][0000017FBC5C72C0 49] iPadPro2_11, [0000017FBD4B2100][0000017FBC5CB580 49] iPadPro3_129, [0000017FBD4DC500][0000017FBC5CF840 49] iPadPro4_129, [0000017FBD4B3100][0000017FBC5D3B00 49] AppleTV, [0000017FBD4DFA00][0000017FBC5D6240 49] AppleTV4K, [0000017FBD4B1900][0000017FBC5DA500 49] TVOS, [0000017FBD4DC400][0000017FBC5B6780 49] Mac, [0000017FBD4B3C00][0000017FBC5DEA00 49] MacClient, [0000017FBD4DE500][0000017FBC5E6CC0 49] MacNoEditor, [0000017FBD4B1800][0000017FBC5EAF80 49] MacServer, [0000017FBD4DFC00][0000017FBD601240 49] Linux, [0000017FBD4B1000][0000017FBD605500 49] LinuxAArch64, [0000017FBD4DDF00][0000017FBD6097C0 49] LinuxNoEditor, [0000017FBD4B3B00][0000017FBD60DA80 49] LinuxAArch64NoEditor, [0000017FBD4DC100][0000017FBD6101C0 49] LinuxClient, [0000017FBD4B0A00][0000017FBD614480 49] LinuxAArch64Client, [0000017FBD4DDD00][0000017FBD618740 49] LinuxServer, [0000017FBD4B0200][0000017FBC5E29C0 49] LinuxAArch64Server, [0000017FBD4DD000][0000017FBD61CC40 49] Android, [0000017FBD4B2B00][0000017FBD624F00 49] Android_Low, [0000017FBD4DE100][0000017FBD6291C0 49] Android_Mid, [0000017FBD4B0100][0000017FBD62D480 49] Android_High, [0000017FBD4DD900][0000017FBD631740 49] Android_Default, [0000017FBD4B0800][0000017FBD635A00 49] Android_Adreno4xx, [0000017FBD4DD500][0000017FBD638140 49] Android_Adreno5xx_Low, [0000017FBD4B0E00][0000017FBD63C400 49] Android_Adreno5xx, [0000017FBD4DE000][0000017FBD6406C0 49] Android_Adreno6xx, [0000017FBD4B0600][0000017FBD644980 49] Android_Adreno6xx_Vulkan, [0000017FBD4DC900][0000017FBD620C00 49] Android_Mali_T6xx, [0000017FBD4B0D00][0000017FBD648E80 49] Android_Mali_T7xx, [0000017FBD4DF100][0000017FBD651140 49] Android_Mali_T8xx, [0000017FBD4B1600][0000017FBD655400 49] Android_Mali_G71, [0000017FBD4DEA00][0000017FBD6596C0 49] Android_Mali_G72, [0000017FBD4B0400][0000017FBD65D980 49] Android_Mali_G72_Vulkan, [0000017FBD4DEC00][0000017FBD6600C0 49] Android_Mali_G76, [0000017FBD4B3800][0000017FBD664380 49] Android_Mali_G76_Vulkan, [0000017FBD530300][0000017FBD668640 49] Android_Mali_G77, [0000017FBD506F00][0000017FBD66C900 49] Android_Mali_G77_Vulkan, [0000017FBD532300][0000017FBD670BC0 49] Android_Mali_G78, [0000017FBD505100][0000017FBD64CE40 49] Android_Mali_G78_Vulkan, [0000017FBD533400][0000017FBD6750C0 49] Android_Mali_G710, [0000017FBD506600][0000017FBD67D380 49] Android_Mali_G710_Vulkan, [0000017FBD530800][0000017FBD681640 49] Android_Vulkan_SM5, [0000017FBD507300][0000017FBD685900 49] Android_PowerVR_G6xxx, [0000017FBD532D00][0000017FBD689BC0 49] Android_PowerVR_GT7xxx, [0000017FBD507A00][0000017FBD68C300 49] Android_PowerVR_GE8xxx, [0000017FBD532C00][0000017FBD6905C0 49] Android_PowerVR_GM9xxx, [0000017FBD506A00][0000017FBD694880 49] Android_PowerVR_GM9xxx_Vulkan, [0000017FBD530700][0000017FBD698B40 49] Android_TegraK1, [0000017FBD505000][0000017FBD69CE00 49] Android_Unknown_Vulkan, [0000017FBD533D00][0000017FBD679080 49] Lumin, [0000017FBD507E00][0000017FBD6A1300 49] Lumin_Desktop, [0000017FBD531C00][0000017FBD6A95C0 49] HoloLens, 
[2022.09.12-03.05.08:267][  0]LogMeshReduction: Using QuadricMeshReduction for automatic static mesh reduction
[2022.09.12-03.05.08:267][  0]LogMeshReduction: Using SimplygonMeshReduction for automatic skeletal mesh reduction
[2022.09.12-03.05.08:267][  0]LogMeshReduction: Using ProxyLODMeshReduction for automatic mesh merging
[2022.09.12-03.05.08:267][  0]LogMeshReduction: No distributed automatic mesh merging module available
[2022.09.12-03.05.08:267][  0]LogMeshMerging: No distributed automatic mesh merging module available
[2022.09.12-03.05.08:405][  0]LogNetVersion: InfiniteMatrix 1.0.0, NetCL: 17155196, EngineNetVer: 17, GameNetVer: 0 (Checksum: 1551001080)
[2022.09.12-03.05.08:633][  0]LogTexture: Default maximum texture size for cubemaps generated from long-lat sources has been changed from 512 to unlimited. In order to preserve old behaiour for '/Engine/MapTemplates/Sky/DaylightAmbientCubemap.DaylightAmbientCubemap', its maximum texture size has been explicitly set to 512.
[2022.09.12-03.05.08:683][  0]LogHMD: PokeAHoleMaterial loaded successfully
[2022.09.12-03.05.08:803][  0]LogMoviePlayer: Initializing movie player
[2022.09.12-03.05.08:926][  0]LogNiagaraDebuggerClient: Niagara Debugger Client Initialized | Session: C3FCDE5243CDBB9A0D535186B5506E41 | Instance: 9E6049F741EDBECDEC0C54BB09FBC738 (DAVIDLAPTOP-7712).
[2022.09.12-03.05.08:948][  0]LogCollectionManager: Loaded 0 collections in 0.002214 seconds
[2022.09.12-03.05.08:951][  0]LogFileCache: Scanning file cache for directory 'C:/Users/davs2/OneDrive/Escritorio/InfiniteMatrixStarter/InfiniteMatrixStarter/Saved/Collections/' took 0.00s
[2022.09.12-03.05.08:952][  0]LogFileCache: Scanning file cache for directory 'C:/Users/davs2/OneDrive/Escritorio/InfiniteMatrixStarter/InfiniteMatrixStarter/Content/Developers/davs2/Collections/' took 0.00s
[2022.09.12-03.05.08:952][  0]LogFileCache: Scanning file cache for directory 'C:/Users/davs2/OneDrive/Escritorio/InfiniteMatrixStarter/InfiniteMatrixStarter/Content/Collections/' took 0.00s
[2022.09.12-03.05.08:952][  0]LogCollectionManager: Fixed up redirectors for 0 collections in 0.000002 seconds (updated 0 objects)
[2022.09.12-03.05.09:059][  0]LogPython: Using Python 3.7.7
[2022.09.12-03.05.09:565][  0]LogTcpMessaging: Initializing TcpMessaging bridge
[2022.09.12-03.05.09:570][  0]LogUdpMessaging: Initializing bridge on interface 0.0.0.0:0 to multicast group 230.0.0.1:6666.
[2022.09.12-03.05.09:673][  0]SourceControl: Source control is disabled
[2022.09.12-03.05.09:673][  0]SourceControl: Source control is disabled
[2022.09.12-03.05.09:676][  0]SourceControl: Source control is disabled
[2022.09.12-03.05.09:683][  0]LogUProjectInfo: Found projects:
[2022.09.12-03.05.09:695][  0]LogVSAccessor: Display: Unable to create Visual Studio setup instance: 80040154
[2022.09.12-03.05.09:695][  0]LogVSAccessor: Display: Unable to create Visual Studio setup instance: 80040154
[2022.09.12-03.05.09:696][  0]LogVSAccessor: Display: Unable to create Visual Studio setup instance: 80040154
[2022.09.12-03.05.09:822][  0]LogOpenImageDenoise: OIDN starting up
[2022.09.12-03.05.09:831][  0]LogAndroidPermission: UAndroidPermissionCallbackProxy::GetInstance
[2022.09.12-03.05.09:861][  0]LogAudioCaptureCore: Display: No Audio Capture implementations found. Audio input will be silent.
[2022.09.12-03.05.09:861][  0]LogAudioCaptureCore: Display: No Audio Capture implementations found. Audio input will be silent.
[2022.09.12-03.05.09:945][  0]LogOcInput: OculusInput pre-init called
[2022.09.12-03.05.09:954][  0]LogUObjectArray: 22121 objects as part of root set at end of initial load.
[2022.09.12-03.05.09:954][  0]LogUObjectAllocator: 5975632 out of 0 bytes used by permanent object pool.
[2022.09.12-03.05.09:954][  0]LogUObjectArray: CloseDisregardForGC: 0/0 objects in disregard for GC pool
[2022.09.12-03.05.10:007][  0]LogEngine: Initializing Engine...
[2022.09.12-03.05.10:093][  0]LogHMD: Failed to initialize OpenVR with code 108
[2022.09.12-03.05.10:117][  0]LogHMD: Optional extension XR_VARJO_quad_views is not available
[2022.09.12-03.05.10:118][  0]LogHMD: Warning: Required extension XR_EXT_eye_gaze_interaction is not available
[2022.09.12-03.05.10:118][  0]LogHMD: Could not enable all required OpenXR extensions for OpenXREyeTracker on current system. This plugin will be loaded but ignored, but will be enabled on a target platform that supports the required extension.
[2022.09.12-03.05.10:173][  0]LogHMD: Failed to create an OpenXR instance, result is XR_ERROR_RUNTIME_FAILURE. Please check if you have an OpenXR runtime installed. The following extensions were enabled:
[2022.09.12-03.05.10:173][  0]LogHMD: - XR_KHR_D3D11_enable
[2022.09.12-03.05.10:173][  0]LogHMD: - XR_KHR_D3D12_enable
[2022.09.12-03.05.10:173][  0]LogHMD: - XR_KHR_opengl_enable
[2022.09.12-03.05.10:173][  0]LogHMD: - XR_KHR_vulkan_enable
[2022.09.12-03.05.10:173][  0]LogHMD: - XR_KHR_composition_layer_depth
[2022.09.12-03.05.10:173][  0]LogHMD: - XR_KHR_visibility_mask
[2022.09.12-03.05.10:173][  0]LogHMD: - XR_EXT_hand_tracking
[2022.09.12-03.05.10:173][  0]LogMagicLeap: Warning: VR disabled because ZI is not enabled.  To enable, in the editor, Edit -> Project Settings -> Plugins -> Magic Leap Plugin -> Enable Zero Iteration
[2022.09.12-03.05.10:174][  0]LogStats: UGameplayTagsManager::InitializeManager -  0.000 s
[2022.09.12-03.05.10:281][  0]LogInit: Initializing FReadOnlyCVARCache
[2022.09.12-03.05.10:281][  0]LogAudio: Display: Initializing Audio Device Manager...
[2022.09.12-03.05.10:285][  0]LogAudio: Display: Loading Default Audio Settings Objects...
[2022.09.12-03.05.10:285][  0]LogAudio: Display: No default SoundConcurrencyObject specified (or failed to load).
[2022.09.12-03.05.10:286][  0]LogAudio: Display: Audio Device Manager Initialized
[2022.09.12-03.05.10:286][  0]LogAudio: Display: Creating Audio Device:                 Id: 1, Scope: Shared, Realtime: True
[2022.09.12-03.05.10:286][  0]LogAudioMixer: Display: Audio Mixer Platform Settings:
[2022.09.12-03.05.10:286][  0]LogAudioMixer: Display: 	Sample Rate:						  48000
[2022.09.12-03.05.10:286][  0]LogAudioMixer: Display: 	Callback Buffer Frame Size Requested: 1024
[2022.09.12-03.05.10:286][  0]LogAudioMixer: Display: 	Callback Buffer Frame Size To Use:	  1024
[2022.09.12-03.05.10:286][  0]LogAudioMixer: Display: 	Number of buffers to queue:			  2
[2022.09.12-03.05.10:286][  0]LogAudioMixer: Display: 	Max Channels (voices):				  32
[2022.09.12-03.05.10:286][  0]LogAudioMixer: Display: 	Number of Async Source Workers:		  0
[2022.09.12-03.05.10:286][  0]LogAudio: Display: AudioDevice MaxSources: 32
[2022.09.12-03.05.10:286][  0]LogAudio: Display: Audio Spatialization Plugin: None (built-in).
[2022.09.12-03.05.10:286][  0]LogAudio: Display: Audio Reverb Plugin: None (built-in).
[2022.09.12-03.05.10:286][  0]LogAudio: Display: Audio Occlusion Plugin: None (built-in).
[2022.09.12-03.05.10:286][  0]LogAudioMixer: Display: Initializing audio mixer.
[2022.09.12-03.05.11:469][  0]LogAudioMixer: Display: 0: FrontLeft
[2022.09.12-03.05.11:469][  0]LogAudioMixer: Display: 1: FrontRight
[2022.09.12-03.05.11:469][  0]LogAudioMixer: Display: 2: FrontCenter
[2022.09.12-03.05.11:469][  0]LogAudioMixer: Display: 3: LowFrequency
[2022.09.12-03.05.11:469][  0]LogAudioMixer: Display: 4: BackLeft
[2022.09.12-03.05.11:469][  0]LogAudioMixer: Display: 5: BackRight
[2022.09.12-03.05.11:469][  0]LogAudioMixer: Display: 6: SideLeft
[2022.09.12-03.05.11:469][  0]LogAudioMixer: Display: 7: SideRight
[2022.09.12-03.05.12:097][  0]LogAudioMixer: Display: Using Audio Device Speakers (Realtek(R) Audio)
[2022.09.12-03.05.12:104][  0]LogAudioMixer: Display: Initializing Sound Submixes...
[2022.09.12-03.05.12:107][  0]LogAudioMixer: Display: Creating Master Submix 'MasterSubmixDefault'
[2022.09.12-03.05.12:107][  0]LogAudioMixer: Display: Creating Master Submix 'MasterReverbSubmixDefault'
[2022.09.12-03.05.12:108][  0]LogAudioMixer: Display: Creating Master Submix 'MasterEQSubmixDefault'
[2022.09.12-03.05.12:108][  0]LogAudioMixer: FMixerPlatformXAudio2::StartAudioStream() called
[2022.09.12-03.05.12:109][  0]LogAudioMixer: Display: Output buffers initialized: Frames=1024, Channels=8, Samples=8192
[2022.09.12-03.05.12:110][  0]LogAudioMixer: Display: Starting AudioMixerPlatformInterface::RunInternal()
[2022.09.12-03.05.12:110][  0]LogAudioMixer: Display: FMixerPlatformXAudio2::SubmitBuffer() called for the first time
[2022.09.12-03.05.12:110][  0]LogInit: FAudioDevice initialized.
[2022.09.12-03.05.12:112][  0]LogNetVersion: Set ProjectVersion to 1.0.0.0. Version Checksum will be recalculated on next use.
[2022.09.12-03.05.12:112][  0]LogInit: Texture streaming: Enabled
[2022.09.12-03.05.12:241][  0]LogAudio: Display: Audio Device (ID: 1) registered with world 'Untitled'.
[2022.09.12-03.05.12:242][  0]LogSlate: Updating window title bar state: overlay mode, drag disabled, window buttons hidden, title bar hidden
[2022.09.12-03.05.12:243][  0]LogInit: Display: Game Engine Initialized.
[2022.09.12-03.05.12:244][  0]LogNiagaraEditor: GEditor isn't valid! Particle reset commands will not work for Niagara components!
[2022.09.12-03.05.12:407][  0]LogInit: Display: Starting Game.
[2022.09.12-03.05.12:408][  0]LogNet: Browse: /Game/InfiniteMatrix/Maps/TutorialMap?Name=Player
[2022.09.12-03.05.12:408][  0]LogLoad: LoadMap: /Game/InfiniteMatrix/Maps/TutorialMap?Name=Player
[2022.09.12-03.05.12:408][  0]LogWorld: BeginTearingDown for /Temp/Untitled_0
[2022.09.12-03.05.12:410][  0]LogWorld: UWorld::CleanupWorld for Untitled, bSessionEnded=true, bCleanupResources=true
[2022.09.12-03.05.12:410][  0]LogSlate: InvalidateAllWidgets triggered.  All widgets were invalidated
[2022.09.12-03.05.12:414][  0]LogAudio: Display: Audio Device unregistered from world 'None'.
[2022.09.12-03.05.12:418][  0]LogUObjectHash: Compacting FUObjectHashTables data took   1.76ms
[2022.09.12-03.05.12:578][  0]LogAudio: Display: Audio Device (ID: 1) registered with world 'TutorialMap'.
[2022.09.12-03.05.12:586][  0]LogAIModule: Creating AISystem for world TutorialMap
[2022.09.12-03.05.12:586][  0]LogLoad: Game class is 'GM_Tutorial_C'
[2022.09.12-03.05.12:588][  0]LogWorld: Bringing World /Game/InfiniteMatrix/Maps/TutorialMap.TutorialMap up for play (max tick rate 0) at 2022.09.11-22.05.12
[2022.09.12-03.05.12:588][  0]LogWorld: Bringing up level for play took: 0.000721
[2022.09.12-03.05.12:595][  0]LogLoad: Took 0.186453 seconds to LoadMap(/Game/InfiniteMatrix/Maps/TutorialMap)
[2022.09.12-03.05.12:768][  0]LogSlate: Took 0.000184 seconds to synchronously load lazily loaded font '../../../Engine/Content/Slate/Fonts/Roboto-Regular.ttf' (155K)
[2022.09.12-03.05.12:850][  0]LogRenderer: Reallocating scene render targets to support 1920x1008 Format 10 NumSamples 1 (Frame:1).
[2022.09.12-03.05.12:850][  0]LogInit: Display: Engine is initialized. Leaving FEngineLoop::Init()
[2022.09.12-03.05.12:850][  0]LogLoad: (Engine Initialization) Total time: 10.08 seconds
[2022.09.12-03.05.12:850][  0]LogLoad: (Engine Initialization) Total Blueprint compile time: 0.00 seconds
[2022.09.12-03.05.12:855][  0]LogContentStreaming: Texture pool size now 1000 MB
[2022.09.12-03.05.12:857][  0]LogSlate: InvalidateAllWidgets triggered.  All widgets were invalidated
[2022.09.12-03.05.12:884][  1]LogScript: Warning: Accessed None trying to read property PlayerReference
	BP_Enemy_C /Game/InfiniteMatrix/Maps/TutorialMap.TutorialMap:PersistentLevel.BP_Enemy_C_4
	Function /Game/InfiniteMatrix/Blueprints/BP_Enemy.BP_Enemy_C:ExecuteUbergraph_BP_Enemy:0255
[2022.09.12-03.05.12:884][  1]LogScript: Warning: Script call stack:
	Function /Game/InfiniteMatrix/Blueprints/BP_Enemy.BP_Enemy_C:BndEvt__BP_Enemy_Sphere_K2Node_ComponentBoundEvent_0_ComponentBeginOverlapSignature__DelegateSignature
	Function /Game/InfiniteMatrix/Blueprints/BP_Enemy.BP_Enemy_C:ExecuteUbergraph_BP_Enemy

[2022.09.12-03.05.12:884][  1]LogScript: Warning: Accessed None trying to read property PlayerReference
	BP_Enemy_C /Game/InfiniteMatrix/Maps/TutorialMap.TutorialMap:PersistentLevel.BP_Enemy_C_4
	Function /Game/InfiniteMatrix/Blueprints/BP_Enemy.BP_Enemy_C:ExecuteUbergraph_BP_Enemy:029D
[2022.09.12-03.05.12:884][  1]LogScript: Warning: Script call stack:
	Function /Game/InfiniteMatrix/Blueprints/BP_Enemy.BP_Enemy_C:BndEvt__BP_Enemy_Sphere_K2Node_ComponentBoundEvent_0_ComponentBeginOverlapSignature__DelegateSignature
	Function /Game/InfiniteMatrix/Blueprints/BP_Enemy.BP_Enemy_C:ExecuteUbergraph_BP_Enemy

[2022.09.12-03.05.12:884][  1]LogScript: Warning: Attempted to assign to None
	BP_Enemy_C /Game/InfiniteMatrix/Maps/TutorialMap.TutorialMap:PersistentLevel.BP_Enemy_C_4
	Function /Game/InfiniteMatrix/Blueprints/BP_Enemy.BP_Enemy_C:ExecuteUbergraph_BP_Enemy:02B2
[2022.09.12-03.05.12:884][  1]LogScript: Warning: Script call stack:
	Function /Game/InfiniteMatrix/Blueprints/BP_Enemy.BP_Enemy_C:BndEvt__BP_Enemy_Sphere_K2Node_ComponentBoundEvent_0_ComponentBeginOverlapSignature__DelegateSignature
	Function /Game/InfiniteMatrix/Blueprints/BP_Enemy.BP_Enemy_C:ExecuteUbergraph_BP_Enemy

[2022.09.12-03.05.12:884][  1]LogScript: Warning: Accessed None trying to read property PlayerReference
	BP_Enemy_C /Game/InfiniteMatrix/Maps/TutorialMap.TutorialMap:PersistentLevel.BP_Enemy_C_2
	Function /Game/InfiniteMatrix/Blueprints/BP_Enemy.BP_Enemy_C:ExecuteUbergraph_BP_Enemy:0255
[2022.09.12-03.05.12:884][  1]LogScript: Warning: Script call stack:
	Function /Game/InfiniteMatrix/Blueprints/BP_Enemy.BP_Enemy_C:BndEvt__BP_Enemy_Sphere_K2Node_ComponentBoundEvent_0_ComponentBeginOverlapSignature__DelegateSignature
	Function /Game/InfiniteMatrix/Blueprints/BP_Enemy.BP_Enemy_C:ExecuteUbergraph_BP_Enemy

[2022.09.12-03.05.12:884][  1]LogScript: Warning: Accessed None trying to read property PlayerReference
	BP_Enemy_C /Game/InfiniteMatrix/Maps/TutorialMap.TutorialMap:PersistentLevel.BP_Enemy_C_2
	Function /Game/InfiniteMatrix/Blueprints/BP_Enemy.BP_Enemy_C:ExecuteUbergraph_BP_Enemy:029D
[2022.09.12-03.05.12:884][  1]LogScript: Warning: Script call stack:
	Function /Game/InfiniteMatrix/Blueprints/BP_Enemy.BP_Enemy_C:BndEvt__BP_Enemy_Sphere_K2Node_ComponentBoundEvent_0_ComponentBeginOverlapSignature__DelegateSignature
	Function /Game/InfiniteMatrix/Blueprints/BP_Enemy.BP_Enemy_C:ExecuteUbergraph_BP_Enemy

[2022.09.12-03.05.12:884][  1]LogScript: Warning: Attempted to assign to None
	BP_Enemy_C /Game/InfiniteMatrix/Maps/TutorialMap.TutorialMap:PersistentLevel.BP_Enemy_C_2
	Function /Game/InfiniteMatrix/Blueprints/BP_Enemy.BP_Enemy_C:ExecuteUbergraph_BP_Enemy:02B2
[2022.09.12-03.05.12:884][  1]LogScript: Warning: Script call stack:
	Function /Game/InfiniteMatrix/Blueprints/BP_Enemy.BP_Enemy_C:BndEvt__BP_Enemy_Sphere_K2Node_ComponentBoundEvent_0_ComponentBeginOverlapSignature__DelegateSignature
	Function /Game/InfiniteMatrix/Blueprints/BP_Enemy.BP_Enemy_C:ExecuteUbergraph_BP_Enemy

[2022.09.12-03.05.12:884][  1]LogScript: Warning: Accessed None trying to read property PlayerReference
	BP_Enemy_C /Game/InfiniteMatrix/Maps/TutorialMap.TutorialMap:PersistentLevel.BP_Enemy_C_0
	Function /Game/InfiniteMatrix/Blueprints/BP_Enemy.BP_Enemy_C:ExecuteUbergraph_BP_Enemy:0255
[2022.09.12-03.05.12:884][  1]LogScript: Warning: Script call stack:
	Function /Game/InfiniteMatrix/Blueprints/BP_Enemy.BP_Enemy_C:BndEvt__BP_Enemy_Sphere_K2Node_ComponentBoundEvent_0_ComponentBeginOverlapSignature__DelegateSignature
	Function /Game/InfiniteMatrix/Blueprints/BP_Enemy.BP_Enemy_C:ExecuteUbergraph_BP_Enemy

[2022.09.12-03.05.12:884][  1]LogScript: Warning: Accessed None trying to read property PlayerReference
	BP_Enemy_C /Game/InfiniteMatrix/Maps/TutorialMap.TutorialMap:PersistentLevel.BP_Enemy_C_0
	Function /Game/InfiniteMatrix/Blueprints/BP_Enemy.BP_Enemy_C:ExecuteUbergraph_BP_Enemy:029D
[2022.09.12-03.05.12:884][  1]LogScript: Warning: Script call stack:
	Function /Game/InfiniteMatrix/Blueprints/BP_Enemy.BP_Enemy_C:BndEvt__BP_Enemy_Sphere_K2Node_ComponentBoundEvent_0_ComponentBeginOverlapSignature__DelegateSignature
	Function /Game/InfiniteMatrix/Blueprints/BP_Enemy.BP_Enemy_C:ExecuteUbergraph_BP_Enemy

[2022.09.12-03.05.12:884][  1]LogScript: Warning: Attempted to assign to None
	BP_Enemy_C /Game/InfiniteMatrix/Maps/TutorialMap.TutorialMap:PersistentLevel.BP_Enemy_C_0
	Function /Game/InfiniteMatrix/Blueprints/BP_Enemy.BP_Enemy_C:ExecuteUbergraph_BP_Enemy:02B2
[2022.09.12-03.05.12:884][  1]LogScript: Warning: Script call stack:
	Function /Game/InfiniteMatrix/Blueprints/BP_Enemy.BP_Enemy_C:BndEvt__BP_Enemy_Sphere_K2Node_ComponentBoundEvent_0_ComponentBeginOverlapSignature__DelegateSignature
	Function /Game/InfiniteMatrix/Blueprints/BP_Enemy.BP_Enemy_C:ExecuteUbergraph_BP_Enemy

[2022.09.12-03.05.12:886][  1]LogSlate: Took 0.000370 seconds to synchronously load lazily loaded font '../../../Engine/Content/Slate/Fonts/Roboto-Regular.ttf' (155K)
[2022.09.12-03.05.23:805][421]LogViewport: Display: Viewport MouseLockMode Changed, LockOnCapture -> DoNotLock
[2022.09.12-03.05.23:805][421]LogViewport: Display: Viewport MouseCaptureMode Changed, CapturePermanently_IncludingInitialMouseDown -> NoCapture
[2022.09.12-03.05.33:796][448]LogRenderer: Reallocating scene render targets to support 1920x1012 Format 10 NumSamples 1 (Frame:4450).
[2022.09.12-03.05.44:451][288]LogSlate: Window 'InfiniteMatrix (64-bit Development PCD3D_SM5) ' being destroyed
[2022.09.12-03.05.44:453][288]LogWindowsTextInputMethodSystem: Display: IME system deactivated.
[2022.09.12-03.05.44:458][288]LogWindowsTextInputMethodSystem: Display: IME system deactivated.
[2022.09.12-03.05.44:459][288]LogSlate: Updating window title bar state: overlay mode, drag disabled, window buttons hidden, title bar hidden
[2022.09.12-03.05.44:459][288]LogEngine: All Windows Closed
[2022.09.12-03.05.44:459][288]LogWindows: FPlatformMisc::RequestExit(0)
[2022.09.12-03.05.44:459][288]LogWindows: FPlatformMisc::RequestExitWithStatus(0, 0)
[2022.09.12-03.05.44:459][288]LogCore: Engine exit requested (reason: Win RequestExit)
[2022.09.12-03.05.44:459][289]LogCore: Engine exit requested (reason: EngineExit() was called; note: exit was already requested)
[2022.09.12-03.05.44:459][289]LogInit: Display: PreExit Game.
[2022.09.12-03.05.44:462][289]LogWorld: BeginTearingDown for /Game/InfiniteMatrix/Maps/TutorialMap
[2022.09.12-03.05.44:462][289]LogWorld: UWorld::CleanupWorld for TutorialMap, bSessionEnded=true, bCleanupResources=true
[2022.09.12-03.05.44:462][289]LogSlate: InvalidateAllWidgets triggered.  All widgets were invalidated
[2022.09.12-03.05.45:192][289]LogAudio: Display: Beginning Audio Device Manager Shutdown (Module: AudioMixerXAudio2)...
[2022.09.12-03.05.45:192][289]LogAudio: Display: Destroying 1 Remaining Audio Device(s)...
[2022.09.12-03.05.45:192][289]LogAudio: Display: Audio Device unregistered from world 'TutorialMap'.
[2022.09.12-03.05.45:243][289]LogAudioMixer: FMixerPlatformXAudio2::StopAudioStream() called
[2022.09.12-03.05.45:244][289]LogAudioMixer: FMixerPlatformXAudio2::StopAudioStream() called
[2022.09.12-03.05.45:257][289]LogAudio: Display: Audio Device Manager Shutdown
[2022.09.12-03.05.45:263][289]LogExit: Preparing to exit.
[2022.09.12-03.05.45:598][289]LogSlate: Updating window title bar state: overlay mode, drag disabled, window buttons hidden, title bar hidden
[2022.09.12-03.05.45:600][289]LogUObjectHash: Compacting FUObjectHashTables data took   0.75ms
[2022.09.12-03.05.45:628][289]LogMoviePlayer: Shutting down movie player
[2022.09.12-03.05.45:807][289]LogDemo: Cleaned up 0 splitscreen connections with owner deletion
[2022.09.12-03.05.45:811][289]LogExit: Game engine shut down
[2022.09.12-03.05.45:848][289]LogExit: Object subsystem successfully closed.
[2022.09.12-03.05.45:860][289]LogShaderCompilers: Display: === FShaderJobCache stats ===
[2022.09.12-03.05.45:860][289]LogShaderCompilers: Display: Total job queries 0, among them cache hits 0 (0.00%)
[2022.09.12-03.05.45:860][289]LogShaderCompilers: Display: Tracking 0 distinct input hashes that result in 0 distinct outputs (0.00%)
[2022.09.12-03.05.45:860][289]LogShaderCompilers: Display: RAM used: 0.00 MB (0.00 GB) of 819.20 MB (0.80 GB) budget. Usage: 0.00%
[2022.09.12-03.05.45:860][289]LogShaderCompilers: Display: ================================================
[2022.09.12-03.05.45:875][289]LogShaderCompilers: Display: Shaders left to compile 0
[2022.09.12-03.05.45:896][289]LogModuleManager: Shutting down and abandoning module SequenceRecorderSections (558)
[2022.09.12-03.05.45:896][289]LogModuleManager: Shutting down and abandoning module SequenceRecorder (556)
[2022.09.12-03.05.45:896][289]LogModuleManager: Shutting down and abandoning module AutomationController (554)
[2022.09.12-03.05.45:896][289]LogModuleManager: Shutting down and abandoning module AutomationWorker (552)
[2022.09.12-03.05.45:896][289]LogModuleManager: Shutting down and abandoning module Voice (550)
[2022.09.12-03.05.45:896][289]LogModuleManager: Shutting down and abandoning module AIModule (548)
[2022.09.12-03.05.45:896][289]LogModuleManager: Shutting down and abandoning module GameplayDebugger (547)
[2022.09.12-03.05.45:896][289]LogModuleManager: Shutting down and abandoning module AITestSuite (545)
[2022.09.12-03.05.45:896][289]LogModuleManager: Shutting down and abandoning module NavigationSystem (543)
[2022.09.12-03.05.45:896][289]LogModuleManager: Shutting down and abandoning module SteamVREditor (540)
[2022.09.12-03.05.45:896][289]LogModuleManager: Shutting down and abandoning module ToolMenus (539)
[2022.09.12-03.05.45:896][289]LogModuleManager: Shutting down and abandoning module OculusMR (536)
[2022.09.12-03.05.45:896][289]LogModuleManager: Shutting down and abandoning module TakeRecorderSources (534)
[2022.09.12-03.05.45:896][289]LogModuleManager: Shutting down and abandoning module TakeRecorder (533)
[2022.09.12-03.05.45:896][289]LogModuleManager: Shutting down and abandoning module TakeTrackRecorders (530)
[2022.09.12-03.05.45:896][289]LogModuleManager: Shutting down and abandoning module TakesCore (528)
[2022.09.12-03.05.45:896][289]LogModuleManager: Shutting down and abandoning module OpenXRInput (526)
[2022.09.12-03.05.45:896][289]LogModuleManager: Shutting down and abandoning module PlanarCut (524)
[2022.09.12-03.05.45:896][289]LogModuleManager: Shutting down and abandoning module WmfMediaFactory (522)
[2022.09.12-03.05.45:896][289]LogModuleManager: Shutting down and abandoning module WebMMediaFactory (520)
[2022.09.12-03.05.45:896][289]LogModuleManager: Shutting down and abandoning module WebMMedia (518)
[2022.09.12-03.05.45:896][289]LogModuleManager: Shutting down and abandoning module MagicLeapMediaCodecFactory (516)
[2022.09.12-03.05.45:896][289]LogModuleManager: Shutting down and abandoning module MagicLeapMediaFactory (514)
[2022.09.12-03.05.45:896][289]LogModuleManager: Shutting down and abandoning module OpenExrWrapper (512)
[2022.09.12-03.05.45:896][289]LogModuleManager: Shutting down and abandoning module ImgMediaFactory (510)
[2022.09.12-03.05.45:896][289]LogModuleManager: Shutting down and abandoning module AvfMediaFactory (508)
[2022.09.12-03.05.45:896][289]LogModuleManager: Shutting down and abandoning module CharacterAI (506)
[2022.09.12-03.05.45:896][289]LogModuleManager: Shutting down and abandoning module SessionServices (504)
[2022.09.12-03.05.45:896][289]LogModuleManager: Shutting down and abandoning module MovieSceneCapture (502)
[2022.09.12-03.05.45:896][289]LogModuleManager: Shutting down and abandoning module LiveCoding (500)
[2022.09.12-03.05.45:896][289]LogModuleManager: Shutting down and abandoning module LevelSequence (498)
[2022.09.12-03.05.45:896][289]LogModuleManager: Shutting down and abandoning module MovieSceneTracks (496)
[2022.09.12-03.05.45:896][289]LogModuleManager: Shutting down and abandoning module MovieScene (494)
[2022.09.12-03.05.45:896][289]LogModuleManager: Shutting down and abandoning module StreamingPauseRendering (492)
[2022.09.12-03.05.45:896][289]LogModuleManager: Shutting down and abandoning module PortalServices (490)
[2022.09.12-03.05.45:896][289]LogModuleManager: Shutting down and abandoning module PortalRpc (488)
[2022.09.12-03.05.45:896][289]LogModuleManager: Shutting down and abandoning module MessagingRpc (486)
[2022.09.12-03.05.45:896][289]LogModuleManager: Shutting down and abandoning module AudioMixerXAudio2 (484)
[2022.09.12-03.05.45:896][289]LogModuleManager: Shutting down and abandoning module AudioMixerCore (483)
[2022.09.12-03.05.45:896][289]LogModuleManager: Shutting down and abandoning module ImageWriteQueue (480)
[2022.09.12-03.05.45:899][289]LogModuleManager: Shutting down and abandoning module ProfilerService (478)
[2022.09.12-03.05.46:034][289]LogModuleManager: Shutting down and abandoning module TaskGraph (476)
[2022.09.12-03.05.46:034][289]LogModuleManager: Shutting down and abandoning module OculusInput (474)
[2022.09.12-03.05.46:034][289]LogModuleManager: Shutting down and abandoning module TakeMovieScene (472)
[2022.09.12-03.05.46:034][289]LogModuleManager: Shutting down and abandoning module Synthesis (470)
[2022.09.12-03.05.46:034][289]LogModuleManager: Shutting down and abandoning module ProceduralMeshComponent (468)
[2022.09.12-03.05.46:034][289]LogModuleManager: Shutting down and abandoning module MobilePatchingUtils (466)
[2022.09.12-03.05.46:034][289]LogModuleManager: Shutting down and abandoning module OodleNetworkHandlerComponent (464)
[2022.09.12-03.05.46:034][289]LogModuleManager: Shutting down and abandoning module GooglePAD (462)
[2022.09.12-03.05.46:034][289]LogModuleManager: Shutting down and abandoning module EditableMesh (460)
[2022.09.12-03.05.46:035][289]LogModuleManager: Shutting down and abandoning module CustomMeshComponent (458)
[2022.09.12-03.05.46:035][289]LogModuleManager: Shutting down and abandoning module CableComponent (456)
[2022.09.12-03.05.46:035][289]LogModuleManager: Shutting down and abandoning module AudioCapture (454)
[2022.09.12-03.05.46:035][289]LogModuleManager: Shutting down and abandoning module AudioCaptureRtAudio (453)
[2022.09.12-03.05.46:035][289]LogModuleManager: Shutting down and abandoning module AssetTags (450)
[2022.09.12-03.05.46:035][289]LogModuleManager: Shutting down and abandoning module ArchVisCharacter (448)
[2022.09.12-03.05.46:035][289]LogModuleManager: Shutting down and abandoning module AppleImageUtilsBlueprintSupport (446)
[2022.09.12-03.05.46:035][289]LogModuleManager: Shutting down and abandoning module AppleImageUtils (444)
[2022.09.12-03.05.46:035][289]LogModuleManager: Shutting down and abandoning module AndroidPermission (442)
[2022.09.12-03.05.46:035][289]LogModuleManager: Shutting down and abandoning module ActorLayerUtilities (440)
[2022.09.12-03.05.46:035][289]LogModuleManager: Shutting down and abandoning module TemplateSequence (438)
[2022.09.12-03.05.46:035][289]LogModuleManager: Shutting down and abandoning module OpenImageDenoise (436)
[2022.09.12-03.05.46:035][289]LogOpenImageDenoise: OIDN shutting down
[2022.09.12-03.05.46:035][289]LogModuleManager: Shutting down and abandoning module MotoSynth (434)
[2022.09.12-03.05.46:035][289]LogModuleManager: Shutting down and abandoning module MeshConversion (432)
[2022.09.12-03.05.46:035][289]LogModuleManager: Shutting down and abandoning module DynamicMesh (430)
[2022.09.12-03.05.46:035][289]LogModuleManager: Shutting down and abandoning module GeometryAlgorithms (428)
[2022.09.12-03.05.46:035][289]LogModuleManager: Shutting down and abandoning module GeometricObjects (426)
[2022.09.12-03.05.46:035][289]LogModuleManager: Shutting down and abandoning module MagicLeapSharedWorld (424)
[2022.09.12-03.05.46:035][289]LogModuleManager: Shutting down and abandoning module MediaCompositing (422)
[2022.09.12-03.05.46:035][289]LogModuleManager: Shutting down and abandoning module MagicLeapLightEstimation (420)
[2022.09.12-03.05.46:035][289]LogModuleManager: Shutting down and abandoning module ImgMedia (418)
[2022.09.12-03.05.46:035][289]LogModuleManager: Shutting down and abandoning module MagicLeapHelperVulkan (416)
[2022.09.12-03.05.46:035][289]LogModuleManager: Shutting down and abandoning module MagicLeapHelperOpenGL (414)
[2022.09.12-03.05.46:035][289]LogModuleManager: Shutting down and abandoning module MagicLeapAudio (412)
[2022.09.12-03.05.46:035][289]LogModuleManager: Shutting down and abandoning module GeometryCollectionTracks (410)
[2022.09.12-03.05.46:035][289]LogModuleManager: Shutting down and abandoning module GeometryCollectionSequencer (409)
[2022.09.12-03.05.46:035][289]LogModuleManager: Shutting down and abandoning module GeometryCacheTracks (406)
[2022.09.12-03.05.46:035][289]LogModuleManager: Shutting down and abandoning module GeometryCacheSequencer (405)
[2022.09.12-03.05.46:035][289]LogModuleManager: Shutting down and abandoning module GeometryCache (402)
[2022.09.12-03.05.46:035][289]LogModuleManager: Shutting down and abandoning module GeometryCacheEd (401)
[2022.09.12-03.05.46:035][289]LogModuleManager: Shutting down and abandoning module ChaosNiagara (398)
[2022.09.12-03.05.46:035][289]LogModuleManager: Shutting down and abandoning module FieldSystemEngine (397)
[2022.09.12-03.05.46:035][289]LogModuleManager: Shutting down and abandoning module BackChannel (394)
[2022.09.12-03.05.46:035][289]LogModuleManager: Shutting down and abandoning module AutomationUtils (392)
[2022.09.12-03.05.46:035][289]LogModuleManager: Shutting down and abandoning module VisualStudioSourceCodeAccess (390)
[2022.09.12-03.05.46:035][289]LogModuleManager: Shutting down and abandoning module HotReload (389)
[2022.09.12-03.05.46:035][289]LogModuleManager: Shutting down and abandoning module VisualStudioCodeSourceCodeAccess (386)
[2022.09.12-03.05.46:035][289]LogModuleManager: Shutting down and abandoning module UObjectPlugin (384)
[2022.09.12-03.05.46:035][289]LogModuleManager: Shutting down and abandoning module SubversionSourceControl (382)
[2022.09.12-03.05.46:035][289]LogModuleManager: Shutting down and abandoning module PerforceSourceControl (380)
[2022.09.12-03.05.46:035][289]LogModuleManager: Shutting down and abandoning module SourceControl (379)
[2022.09.12-03.05.46:035][289]LogModuleManager: Shutting down and abandoning module CLionSourceCodeAccess (376)
[2022.09.12-03.05.46:035][289]LogModuleManager: Shutting down and abandoning module LiveLinkSequencer (374)
[2022.09.12-03.05.46:035][289]LogModuleManager: Shutting down and abandoning module LiveLinkMovieScene (372)
[2022.09.12-03.05.46:035][289]LogModuleManager: Shutting down and abandoning module LiveLinkGraphNode (370)
[2022.09.12-03.05.46:035][289]LogModuleManager: Shutting down and abandoning module LiveLinkComponents (368)
[2022.09.12-03.05.46:035][289]LogModuleManager: Shutting down and abandoning module LiveLink (366)
