Log file open, 09/11/22 22:05:48
LogWindows: Failed to load 'aqProf.dll' (GetLastError=126)
LogWindows: File 'aqProf.dll' does not exist
LogWindows: Failed to load 'VtuneApi.dll' (GetLastError=126)
LogWindows: File 'VtuneApi.dll' does not exist
LogWindows: Failed to load 'VtuneApi32e.dll' (GetLastError=126)
LogWindows: File 'VtuneApi32e.dll' does not exist
LogConsoleResponse: Display: Failed to find resolution value strings in scalability ini. Falling back to default.
LogConsoleResponse: Display: Failed to find resolution value strings in scalability ini. Falling back to default.
LogInit: Display: Running engine for game: InfiniteMatrix
LogPlatformFile: Not using cached read wrapper
LogTaskGraph: Started task graph with 5 named threads and 35 total threads with 3 sets of task threads.
LogStats: Stats thread started at 0.366754
LogICUInternationalization: ICU TimeZone Detection - Raw Offset: -6:00, Platform Override: ''
LogInit: Display: Loading text-based GConfig....
LogPluginManager: Mounting plugin MeshPainting
LogPluginManager: Mounting plugin XGEController
LogPluginManager: Mounting plugin Paper2D
LogPluginManager: Mounting plugin AISupport
LogPluginManager: Mounting plugin EnvironmentQueryEditor
LogPluginManager: Mounting plugin LightPropagationVolume
LogPluginManager: Mounting plugin LiveLink
LogPluginManager: Mounting plugin OodleData
LogPluginManager: Mounting plugin OodleNetwork
LogPluginManager: Mounting plugin CameraShakePreviewer
LogPluginManager: Mounting plugin AssetManagerEditor
LogPluginManager: Mounting plugin CryptoKeys
LogPluginManager: Mounting plugin CurveEditorTools
LogPluginManager: Mounting plugin DataValidation
LogPluginManager: Mounting plugin FacialAnimation
LogPluginManager: Mounting plugin GameplayTagsEditor
LogPluginManager: Mounting plugin MacGraphicsSwitching
LogPluginManager: Mounting plugin GameplayCameras
LogPluginManager: Mounting plugin MaterialAnalyzer
LogPluginManager: Mounting plugin MobileLauncherProfileWizard
LogPluginManager: Mounting plugin GeometryMode
LogPluginManager: Mounting plugin PluginBrowser
LogPluginManager: Mounting plugin SpeedTreeImporter
LogPluginManager: Mounting plugin Niagara
LogPluginManager: Mounting plugin AnimationSharing
LogPluginManager: Mounting plugin DatasmithContent
LogPluginManager: Mounting plugin CLionSourceCodeAccess
LogPluginManager: Mounting plugin CodeLiteSourceCodeAccess
LogPluginManager: Mounting plugin VariantManagerContent
LogPluginManager: Mounting plugin KDevelopSourceCodeAccess
LogPluginManager: Mounting plugin GitSourceControl
LogPluginManager: Mounting plugin NullSourceCodeAccess
LogPluginManager: Mounting plugin PixWinPlugin
LogPluginManager: Mounting plugin PerforceSourceControl
LogPluginManager: Mounting plugin PlasticSourceControl
LogPluginManager: Mounting plugin PropertyAccessNode
LogPluginManager: Mounting plugin PluginUtils
LogPluginManager: Mounting plugin RiderSourceCodeAccess
LogPluginManager: Mounting plugin SubversionSourceControl
LogPluginManager: Mounting plugin TextureFormatOodle
LogPluginManager: Mounting plugin UObjectPlugin
LogPluginManager: Mounting plugin VisualStudioSourceCodeAccess
LogPluginManager: Mounting plugin VisualStudioCodeSourceCodeAccess
LogPluginManager: Mounting plugin XCodeSourceCodeAccess
LogPluginManager: Mounting plugin AlembicImporter
LogPluginManager: Mounting plugin AutomationUtils
LogPluginManager: Mounting plugin BackChannel
LogPluginManager: Mounting plugin ChaosCloth
LogPluginManager: Mounting plugin ChaosClothEditor
LogPluginManager: Mounting plugin ChaosEditor
LogPluginManager: Mounting plugin ChaosSolverPlugin
LogPluginManager: Mounting plugin ChaosNiagara
LogPluginManager: Mounting plugin CharacterAI
LogPluginManager: Mounting plugin GeometryCache
LogPluginManager: Mounting plugin GeometryCollectionPlugin
LogPluginManager: Mounting plugin LuminPlatformFeatures
LogPluginManager: Mounting plugin MagicLeap
LogPluginManager: Mounting plugin MagicLeapLightEstimation
LogPluginManager: Mounting plugin MagicLeapMedia
LogPluginManager: Mounting plugin GeometryProcessing
LogPluginManager: Mounting plugin MagicLeapPassableWorld
LogPluginManager: Mounting plugin MLSDK
LogPluginManager: Mounting plugin MotoSynth
LogPluginManager: Mounting plugin OpenImageDenoise
LogPluginManager: Mounting plugin PlanarCut
LogPluginManager: Mounting plugin PlatformCrypto
LogPluginManager: Mounting plugin ProxyLODPlugin
LogPluginManager: Mounting plugin PythonScriptPlugin
LogPluginManager: Mounting plugin SkeletalReduction
LogPluginManager: Mounting plugin AndroidMedia
LogPluginManager: Mounting plugin AvfMedia
LogPluginManager: Mounting plugin ImgMedia
LogPluginManager: Mounting plugin MediaCompositing
LogPluginManager: Mounting plugin MediaPlayerEditor
LogPluginManager: Mounting plugin WebMMedia
LogPluginManager: Mounting plugin WmfMedia
LogPluginManager: Mounting plugin TcpMessaging
LogPluginManager: Mounting plugin UdpMessaging
LogPluginManager: Mounting plugin ActorSequence
LogPluginManager: Mounting plugin LevelSequenceEditor
LogPluginManager: Mounting plugin MatineeToLevelSequence
LogPluginManager: Mounting plugin TemplateSequence
LogPluginManager: Mounting plugin OnlineSubsystem
LogPluginManager: Mounting plugin OnlineSubsystemNull
LogPluginManager: Mounting plugin OnlineSubsystemUtils
LogPluginManager: Mounting plugin LauncherChunkInstaller
LogPluginManager: Mounting plugin ActorLayerUtilities
LogPluginManager: Mounting plugin AndroidMoviePlayer
LogPluginManager: Mounting plugin AndroidDeviceProfileSelector
LogPluginManager: Mounting plugin AndroidPermission
LogPluginManager: Mounting plugin AppleImageUtils
LogPluginManager: Mounting plugin ArchVisCharacter
LogPluginManager: Mounting plugin AssetTags
LogPluginManager: Mounting plugin AppleMoviePlayer
LogPluginManager: Mounting plugin AudioCapture
LogPluginManager: Mounting plugin AudioSynesthesia
LogPluginManager: Mounting plugin CableComponent
LogPluginManager: Mounting plugin ChunkDownloader
LogPluginManager: Mounting plugin CustomMeshComponent
LogPluginManager: Mounting plugin ExampleDeviceProfileSelector
LogPluginManager: Mounting plugin EditableMesh
LogPluginManager: Mounting plugin GoogleCloudMessaging
LogPluginManager: Mounting plugin GooglePAD
LogPluginManager: Mounting plugin IOSDeviceProfileSelector
LogPluginManager: Mounting plugin LinuxDeviceProfileSelector
LogPluginManager: Mounting plugin LocationServicesBPLibrary
LogPluginManager: Mounting plugin MobilePatchingUtils
LogPluginManager: Mounting plugin OpenXR
LogPluginManager: Mounting plugin OpenXREyeTracker
LogPluginManager: Mounting plugin OpenXRHandTracking
LogPluginManager: Mounting plugin PhysXVehicles
LogPluginManager: Mounting plugin ScreenshotTools
LogPluginManager: Mounting plugin PostSplashScreen
LogPluginManager: Mounting plugin ProceduralMeshComponent
LogPluginManager: Mounting plugin PropertyAccessEditor
LogPluginManager: Mounting plugin SignificanceManager
LogPluginManager: Mounting plugin Synthesis
LogPluginManager: Mounting plugin WebMMoviePlayer
LogPluginManager: Mounting plugin WindowsMoviePlayer
LogPluginManager: Mounting plugin Takes
LogPluginManager: Mounting plugin SoundFields
LogPluginManager: Mounting plugin RuntimePhysXCooking
LogPluginManager: Mounting plugin ContentBrowserClassDataSource
LogPluginManager: Mounting plugin ContentBrowserFileDataSource
LogPluginManager: Mounting plugin ContentBrowserAssetDataSource
LogPluginManager: Mounting plugin OnlineSubsystemGooglePlay
LogPluginManager: Mounting plugin OnlineSubsystemIOS
LogPluginManager: Mounting plugin OculusVR
LogPluginManager: Mounting plugin SteamVR
PixWinPlugin: PIX capture plugin failed to initialize! Check that the process is launched from PIX.
LogInit: Using libcurl 7.55.1-DEV
LogInit:  - built for x86_64-pc-win32
LogInit:  - supports SSL with OpenSSL/1.1.1
LogInit:  - supports HTTP deflate (compression) using libz 1.2.8
LogInit:  - other features:
LogInit:      CURL_VERSION_SSL
LogInit:      CURL_VERSION_LIBZ
LogInit:      CURL_VERSION_IPV6
LogInit:      CURL_VERSION_ASYNCHDNS
LogInit:      CURL_VERSION_LARGEFILE
LogInit:      CURL_VERSION_IDN
LogInit:  CurlRequestOptions (configurable via config and command line):
LogInit:  - bVerifyPeer = true  - Libcurl will verify peer certificate
LogInit:  - bUseHttpProxy = false  - Libcurl will NOT use HTTP proxy
LogInit:  - bDontReuseConnections = false  - Libcurl will reuse connections
LogInit:  - MaxHostConnections = 16  - Libcurl will limit the number of connections to a host
LogInit:  - LocalHostAddr = Default
LogInit:  - BufferSize = 65536
LogOnline: OSS: Creating online subsystem instance for: NULL
LogInit: WinSock: version 1.1 (2.2), MaxSocks=32767, MaxUdp=65467
LogOnline: OSS: TryLoadSubsystemAndSetDefault: Loaded subsystem for module [NULL]
LogOculusPluginWrapper: OculusPlugin initialized successfully
LogHMD: Failed initializing OVRPlugin 1.59.0
LogInit: Build: ++UE4+Release-4.27-CL-18319896
LogInit: Engine Version: 4.27.2-18319896+++UE4+Release-4.27
LogInit: Compatible Engine Version: 4.27.0-17155196+++UE4+Release-4.27
LogInit: Net CL: 17155196
LogInit: OS: Windows 10 (Release 2009) (), CPU: Intel(R) Core(TM) i7-9750H CPU @ 2.60GHz, GPU: Intel(R) UHD Graphics 630
LogInit: Compiled (64-bit): Nov 30 2021 07:12:08
LogInit: Compiled with Visual C++: 19.24.28315.00
LogInit: Build Configuration: Development
LogInit: Branch Name: ++UE4+Release-4.27
LogInit: Command Line:  /Game/InfiniteMatrix/Maps/TutorialMap -game -PIEVIACONSOLE -Multiprocess GameUserSettingsINI=C:/Users/davs2/OneDrive/Escritorio/InfiniteMatrixStarter/InfiniteMatrixStarter/Saved/Config/Windows/PIEGameUserSettings0.ini -MultiprocessSaveConfig -forcepassthrough -messaging -SessionName="Play in Standalone Game" -windowed -WinX=-8 -WinY=16 SAVEWINPOS=1 -ResX=1920 -ResY=1008
LogInit: Base Directory: C:/Program Files/Epic Games/UE_4.27/Engine/Binaries/Win64/
LogInit: Allocator: TBB
LogInit: Installed Engine Build: 1
LogDevObjectVersion: Number of dev versions registered: 29
LogDevObjectVersion:   Dev-Blueprints (B0D832E4-1F89-4F0D-ACCF-7EB736FD4AA2): 10
LogDevObjectVersion:   Dev-Build (E1C64328-A22C-4D53-A36C-8E866417BD8C): 0
LogDevObjectVersion:   Dev-Core (375EC13C-06E4-48FB-B500-84F0262A717E): 4
LogDevObjectVersion:   Dev-Editor (E4B068ED-F494-42E9-A231-DA0B2E46BB41): 40
LogDevObjectVersion:   Dev-Framework (CFFC743F-43B0-4480-9391-14DF171D2073): 37
LogDevObjectVersion:   Dev-Mobile (B02B49B5-BB20-44E9-A304-32B752E40360): 3
LogDevObjectVersion:   Dev-Networking (A4E4105C-59A1-49B5-A7C5-40C4547EDFEE): 0
LogDevObjectVersion:   Dev-Online (39C831C9-5AE6-47DC-9A44-9C173E1C8E7C): 0
LogDevObjectVersion:   Dev-Physics (78F01B33-EBEA-4F98-B9B4-84EACCB95AA2): 14
LogDevObjectVersion:   Dev-Platform (6631380F-2D4D-43E0-8009-CF276956A95A): 0
LogDevObjectVersion:   Dev-Rendering (12F88B9F-8875-4AFC-A67C-D90C383ABD29): 45
LogDevObjectVersion:   Dev-Sequencer (7B5AE74C-D270-4C10-A958-57980B212A5A): 13
LogDevObjectVersion:   Dev-VR (D7296918-1DD6-4BDD-9DE2-64A83CC13884): 3
LogDevObjectVersion:   Dev-LoadTimes (C2A15278-BFE7-4AFE-6C17-90FF531DF755): 1
LogDevObjectVersion:   Private-Geometry (6EACA3D4-40EC-4CC1-B786-8BED09428FC5): 3
LogDevObjectVersion:   Dev-AnimPhys (29E575DD-E0A3-4627-9D10-D276232CDCEA): 17
LogDevObjectVersion:   Dev-Anim (AF43A65D-7FD3-4947-9873-3E8ED9C1BB05): 15
LogDevObjectVersion:   Dev-ReflectionCapture (6B266CEC-1EC7-4B8F-A30B-E4D90942FC07): 1
LogDevObjectVersion:   Dev-Automation (0DF73D61-A23F-47EA-B727-89E90C41499A): 1
LogDevObjectVersion:   FortniteMain (601D1886-AC64-4F84-AA16-D3DE0DEAC7D6): 47
LogDevObjectVersion:   FortniteRelease (E7086368-6B23-4C58-8439-1B7016265E91): 1
LogDevObjectVersion:   Dev-Enterprise (9DFFBCD6-494F-0158-E221-12823C92A888): 10
LogDevObjectVersion:   Dev-Niagara (F2AED0AC-9AFE-416F-8664-AA7FFA26D6FC): 1
LogDevObjectVersion:   Dev-Destruction (174F1F0B-B4C6-45A5-B13F-2EE8D0FB917D): 10
LogDevObjectVersion:   Dev-Physics-Ext (35F94A83-E258-406C-A318-09F59610247C): 41
LogDevObjectVersion:   Dev-PhysicsMaterial-Chaos (B68FC16E-8B1B-42E2-B453-215C058844FE): 1
LogDevObjectVersion:   Dev-CineCamera (B2E18506-4273-CFC2-A54E-F4BB758BBA07): 1
LogDevObjectVersion:   Dev-VirtualProduction (64F58936-FD1B-42BA-BA96-7289D5D0FA4E): 1
LogDevObjectVersion:   Dev-MediaFramework (6F0ED827-A609-4895-9C91-998D90180EA4): 2
LogInit: Presizing for max 25165824 objects, including 0 objects not considered by GC, pre-allocating 0 bytes for permanent pool.
LogConfig: Applying CVar settings from Section [/Script/Engine.StreamingSettings] File [C:/Users/davs2/OneDrive/Escritorio/InfiniteMatrixStarter/InfiniteMatrixStarter/Saved/Config/Windows/Engine.ini]
LogConfig: Setting CVar [[s.MinBulkDataSizeForAsyncLoading:131072]]
LogConfig: Setting CVar [[s.AsyncLoadingThreadEnabled:0]]
LogConfig: Setting CVar [[s.EventDrivenLoaderEnabled:1]]
LogConfig: Setting CVar [[s.WarnIfTimeLimitExceeded:0]]
LogConfig: Setting CVar [[s.TimeLimitExceededMultiplier:1.5]]
LogConfig: Setting CVar [[s.TimeLimitExceededMinTime:0.005]]
LogConfig: Setting CVar [[s.UseBackgroundLevelStreaming:1]]
LogConfig: Setting CVar [[s.PriorityAsyncLoadingExtraTime:15.0]]
LogConfig: Setting CVar [[s.LevelStreamingActorsUpdateTimeLimit:5.0]]
LogConfig: Setting CVar [[s.PriorityLevelStreamingActorsUpdateExtraTime:5.0]]
LogConfig: Setting CVar [[s.LevelStreamingComponentsRegistrationGranularity:10]]
LogConfig: Setting CVar [[s.UnregisterComponentsTimeLimit:1.0]]
LogConfig: Setting CVar [[s.LevelStreamingComponentsUnregistrationGranularity:5]]
LogConfig: Setting CVar [[s.FlushStreamingOnExit:1]]
LogInit: Object subsystem initialized
LogConfig: Setting CVar [[con.DebugEarlyDefault:1]]
LogConfig: Setting CVar [[r.setres:1280x720]]
[2022.09.12-03.05.49:538][  0]LogConfig: Setting CVar [[con.DebugEarlyDefault:1]]
[2022.09.12-03.05.49:538][  0]LogConfig: Setting CVar [[r.setres:1280x720]]
[2022.09.12-03.05.49:538][  0]LogConfig: Applying CVar settings from Section [/Script/Engine.RendererSettings] File [C:/Users/davs2/OneDrive/Escritorio/InfiniteMatrixStarter/InfiniteMatrixStarter/Saved/Config/Windows/Engine.ini]
[2022.09.12-03.05.49:538][  0]LogConfig: Setting CVar [[r.GPUCrashDebugging:0]]
[2022.09.12-03.05.49:538][  0]LogConfig: Applying CVar settings from Section [/Script/Engine.RendererOverrideSettings] File [C:/Users/davs2/OneDrive/Escritorio/InfiniteMatrixStarter/InfiniteMatrixStarter/Saved/Config/Windows/Engine.ini]
[2022.09.12-03.05.49:538][  0]LogConfig: Applying CVar settings from Section [/Script/Engine.StreamingSettings] File [C:/Users/davs2/OneDrive/Escritorio/InfiniteMatrixStarter/InfiniteMatrixStarter/Saved/Config/Windows/Engine.ini]
[2022.09.12-03.05.49:538][  0]LogConfig: Setting CVar [[s.MinBulkDataSizeForAsyncLoading:131072]]
[2022.09.12-03.05.49:538][  0]LogConfig: Setting CVar [[s.AsyncLoadingThreadEnabled:0]]
[2022.09.12-03.05.49:538][  0]LogConfig: Setting CVar [[s.EventDrivenLoaderEnabled:1]]
[2022.09.12-03.05.49:538][  0]LogConfig: Setting CVar [[s.WarnIfTimeLimitExceeded:0]]
[2022.09.12-03.05.49:538][  0]LogConfig: Setting CVar [[s.TimeLimitExceededMultiplier:1.5]]
[2022.09.12-03.05.49:538][  0]LogConfig: Setting CVar [[s.TimeLimitExceededMinTime:0.005]]
[2022.09.12-03.05.49:538][  0]LogConfig: Setting CVar [[s.UseBackgroundLevelStreaming:1]]
[2022.09.12-03.05.49:538][  0]LogConfig: Setting CVar [[s.PriorityAsyncLoadingExtraTime:15.0]]
[2022.09.12-03.05.49:538][  0]LogConfig: Setting CVar [[s.LevelStreamingActorsUpdateTimeLimit:5.0]]
[2022.09.12-03.05.49:538][  0]LogConfig: Setting CVar [[s.PriorityLevelStreamingActorsUpdateExtraTime:5.0]]
[2022.09.12-03.05.49:538][  0]LogConfig: Setting CVar [[s.LevelStreamingComponentsRegistrationGranularity:10]]
[2022.09.12-03.05.49:538][  0]LogConfig: Setting CVar [[s.UnregisterComponentsTimeLimit:1.0]]
[2022.09.12-03.05.49:539][  0]LogConfig: Setting CVar [[s.LevelStreamingComponentsUnregistrationGranularity:5]]
[2022.09.12-03.05.49:539][  0]LogConfig: Setting CVar [[s.FlushStreamingOnExit:1]]
[2022.09.12-03.05.49:539][  0]LogConfig: Applying CVar settings from Section [/Script/Engine.GarbageCollectionSettings] File [C:/Users/davs2/OneDrive/Escritorio/InfiniteMatrixStarter/InfiniteMatrixStarter/Saved/Config/Windows/Engine.ini]
[2022.09.12-03.05.49:539][  0]LogConfig: Setting CVar [[gc.MaxObjectsNotConsideredByGC:1]]
[2022.09.12-03.05.49:539][  0]LogConfig: Setting CVar [[gc.SizeOfPermanentObjectPool:0]]
[2022.09.12-03.05.49:539][  0]LogConfig: Setting CVar [[gc.FlushStreamingOnGC:0]]
[2022.09.12-03.05.49:539][  0]LogConfig: Setting CVar [[gc.NumRetriesBeforeForcingGC:10]]
[2022.09.12-03.05.49:539][  0]LogConfig: Setting CVar [[gc.AllowParallelGC:1]]
[2022.09.12-03.05.49:539][  0]LogConfig: Setting CVar [[gc.TimeBetweenPurgingPendingKillObjects:61.1]]
[2022.09.12-03.05.49:539][  0]LogConfig: Setting CVar [[gc.MaxObjectsInEditor:25165824]]
[2022.09.12-03.05.49:539][  0]LogConfig: Setting CVar [[gc.IncrementalBeginDestroyEnabled:1]]
[2022.09.12-03.05.49:539][  0]LogConfig: Setting CVar [[gc.CreateGCClusters:1]]
[2022.09.12-03.05.49:539][  0]LogConfig: Setting CVar [[gc.MinGCClusterSize:5]]
[2022.09.12-03.05.49:539][  0]LogConfig: Setting CVar [[gc.ActorClusteringEnabled:0]]
[2022.09.12-03.05.49:539][  0]LogConfig: Setting CVar [[gc.BlueprintClusteringEnabled:0]]
[2022.09.12-03.05.49:539][  0]LogConfig: Setting CVar [[gc.UseDisregardForGCOnDedicatedServers:0]]
[2022.09.12-03.05.49:539][  0]LogConfig: Setting CVar [[gc.MultithreadedDestructionEnabled:1]]
[2022.09.12-03.05.49:539][  0]LogConfig: Applying CVar settings from Section [/Script/Engine.NetworkSettings] File [C:/Users/davs2/OneDrive/Escritorio/InfiniteMatrixStarter/InfiniteMatrixStarter/Saved/Config/Windows/Engine.ini]
[2022.09.12-03.05.49:539][  0]LogConfig: Applying CVar settings from Section [/Script/UnrealEd.CookerSettings] File [C:/Users/davs2/OneDrive/Escritorio/InfiniteMatrixStarter/InfiniteMatrixStarter/Saved/Config/Windows/Engine.ini]
[2022.09.12-03.05.49:578][  0]LogConfig: Applying CVar settings from Section [ViewDistanceQuality@3] File [C:/Users/davs2/OneDrive/Escritorio/InfiniteMatrixStarter/InfiniteMatrixStarter/Saved/Config/Windows/Scalability.ini]
[2022.09.12-03.05.49:578][  0]LogConfig: Setting CVar [[r.SkeletalMeshLODBias:0]]
[2022.09.12-03.05.49:578][  0]LogConfig: Setting CVar [[r.ViewDistanceScale:1.0]]
[2022.09.12-03.05.49:578][  0]LogConfig: Applying CVar settings from Section [AntiAliasingQuality@3] File [C:/Users/davs2/OneDrive/Escritorio/InfiniteMatrixStarter/InfiniteMatrixStarter/Saved/Config/Windows/Scalability.ini]
[2022.09.12-03.05.49:578][  0]LogConfig: Setting CVar [[r.PostProcessAAQuality:4]]
[2022.09.12-03.05.49:578][  0]LogConfig: Applying CVar settings from Section [ShadowQuality@3] File [C:/Users/davs2/OneDrive/Escritorio/InfiniteMatrixStarter/InfiniteMatrixStarter/Saved/Config/Windows/Scalability.ini]
[2022.09.12-03.05.49:578][  0]LogConfig: Setting CVar [[r.LightFunctionQuality:1]]
[2022.09.12-03.05.49:578][  0]LogConfig: Setting CVar [[r.ShadowQuality:5]]
[2022.09.12-03.05.49:578][  0]LogConfig: Setting CVar [[r.Shadow.CSM.MaxCascades:10]]
[2022.09.12-03.05.49:578][  0]LogConfig: Setting CVar [[r.Shadow.MaxResolution:2048]]
[2022.09.12-03.05.49:578][  0]LogConfig: Setting CVar [[r.Shadow.MaxCSMResolution:2048]]
[2022.09.12-03.05.49:578][  0]LogConfig: Setting CVar [[r.Shadow.RadiusThreshold:0.01]]
[2022.09.12-03.05.49:578][  0]LogConfig: Setting CVar [[r.Shadow.DistanceScale:1.0]]
[2022.09.12-03.05.49:578][  0]LogConfig: Setting CVar [[r.Shadow.CSM.TransitionScale:1.0]]
[2022.09.12-03.05.49:578][  0]LogConfig: Setting CVar [[r.Shadow.PreShadowResolutionFactor:1.0]]
[2022.09.12-03.05.49:578][  0]LogConfig: Setting CVar [[r.DistanceFieldShadowing:1]]
[2022.09.12-03.05.49:578][  0]LogConfig: Setting CVar [[r.DistanceFieldAO:1]]
[2022.09.12-03.05.49:578][  0]LogConfig: Setting CVar [[r.AOQuality:2]]
[2022.09.12-03.05.49:578][  0]LogConfig: Setting CVar [[r.VolumetricFog:1]]
[2022.09.12-03.05.49:578][  0]LogConfig: Setting CVar [[r.VolumetricFog.GridPixelSize:8]]
[2022.09.12-03.05.49:578][  0]LogConfig: Setting CVar [[r.VolumetricFog.GridSizeZ:128]]
[2022.09.12-03.05.49:578][  0]LogConfig: Setting CVar [[r.VolumetricFog.HistoryMissSupersampleCount:4]]
[2022.09.12-03.05.49:578][  0]LogConfig: Setting CVar [[r.LightMaxDrawDistanceScale:1]]
[2022.09.12-03.05.49:578][  0]LogConfig: Setting CVar [[r.CapsuleShadows:1]]
[2022.09.12-03.05.49:578][  0]LogConfig: Applying CVar settings from Section [PostProcessQuality@3] File [C:/Users/davs2/OneDrive/Escritorio/InfiniteMatrixStarter/InfiniteMatrixStarter/Saved/Config/Windows/Scalability.ini]
[2022.09.12-03.05.49:578][  0]LogConfig: Setting CVar [[r.MotionBlurQuality:4]]
[2022.09.12-03.05.49:578][  0]LogConfig: Setting CVar [[r.AmbientOcclusionMipLevelFactor:0.4]]
[2022.09.12-03.05.49:578][  0]LogConfig: Setting CVar [[r.AmbientOcclusionMaxQuality:100]]
[2022.09.12-03.05.49:578][  0]LogConfig: Setting CVar [[r.AmbientOcclusionLevels:-1]]
[2022.09.12-03.05.49:578][  0]LogConfig: Setting CVar [[r.AmbientOcclusionRadiusScale:1.0]]
[2022.09.12-03.05.49:578][  0]LogConfig: Setting CVar [[r.DepthOfFieldQuality:2]]
[2022.09.12-03.05.49:578][  0]LogConfig: Setting CVar [[r.RenderTargetPoolMin:400]]
[2022.09.12-03.05.49:578][  0]LogConfig: Setting CVar [[r.LensFlareQuality:2]]
[2022.09.12-03.05.49:578][  0]LogConfig: Setting CVar [[r.SceneColorFringeQuality:1]]
[2022.09.12-03.05.49:578][  0]LogConfig: Setting CVar [[r.EyeAdaptationQuality:2]]
[2022.09.12-03.05.49:578][  0]LogConfig: Setting CVar [[r.BloomQuality:5]]
[2022.09.12-03.05.49:578][  0]LogConfig: Setting CVar [[r.FastBlurThreshold:100]]
[2022.09.12-03.05.49:578][  0]LogConfig: Setting CVar [[r.Upscale.Quality:3]]
[2022.09.12-03.05.49:578][  0]LogConfig: Setting CVar [[r.Tonemapper.GrainQuantization:1]]
[2022.09.12-03.05.49:578][  0]LogConfig: Setting CVar [[r.LightShaftQuality:1]]
[2022.09.12-03.05.49:578][  0]LogConfig: Setting CVar [[r.Filter.SizeScale:1]]
[2022.09.12-03.05.49:578][  0]LogConfig: Setting CVar [[r.Tonemapper.Quality:5]]
[2022.09.12-03.05.49:578][  0]LogConfig: Setting CVar [[r.DOF.Gather.AccumulatorQuality:1        ; higher gathering accumulator quality]]
[2022.09.12-03.05.49:578][  0]LogConfig: Setting CVar [[r.DOF.Gather.PostfilterMethod:1          ; Median3x3 postfilering method]]
[2022.09.12-03.05.49:578][  0]LogConfig: Setting CVar [[r.DOF.Gather.EnableBokehSettings:0       ; no bokeh simulation when gathering]]
[2022.09.12-03.05.49:578][  0]LogConfig: Setting CVar [[r.DOF.Gather.RingCount:4                 ; medium number of samples when gathering]]
[2022.09.12-03.05.49:578][  0]LogConfig: Setting CVar [[r.DOF.Scatter.ForegroundCompositing:1    ; additive foreground scattering]]
[2022.09.12-03.05.49:578][  0]LogConfig: Setting CVar [[r.DOF.Scatter.BackgroundCompositing:2    ; additive background scattering]]
[2022.09.12-03.05.49:578][  0]LogConfig: Setting CVar [[r.DOF.Scatter.EnableBokehSettings:1      ; bokeh simulation when scattering]]
[2022.09.12-03.05.49:578][  0]LogConfig: Setting CVar [[r.DOF.Scatter.MaxSpriteRatio:0.1         ; only a maximum of 10% of scattered bokeh]]
[2022.09.12-03.05.49:578][  0]LogConfig: Setting CVar [[r.DOF.Recombine.Quality:1                ; cheap slight out of focus]]
[2022.09.12-03.05.49:578][  0]LogConfig: Setting CVar [[r.DOF.Recombine.EnableBokehSettings:0    ; no bokeh simulation on slight out of focus]]
[2022.09.12-03.05.49:578][  0]LogConfig: Setting CVar [[r.DOF.TemporalAAQuality:1                ; more stable temporal accumulation]]
[2022.09.12-03.05.49:578][  0]LogConfig: Setting CVar [[r.DOF.Kernel.MaxForegroundRadius:0.025]]
[2022.09.12-03.05.49:578][  0]LogConfig: Setting CVar [[r.DOF.Kernel.MaxBackgroundRadius:0.025]]
[2022.09.12-03.05.49:578][  0]LogConfig: Applying CVar settings from Section [TextureQuality@3] File [C:/Users/davs2/OneDrive/Escritorio/InfiniteMatrixStarter/InfiniteMatrixStarter/Saved/Config/Windows/Scalability.ini]
[2022.09.12-03.05.49:578][  0]LogConfig: Setting CVar [[r.Streaming.MipBias:0]]
[2022.09.12-03.05.49:578][  0]LogConfig: Setting CVar [[r.Streaming.AmortizeCPUToGPUCopy:0]]
[2022.09.12-03.05.49:578][  0]LogConfig: Setting CVar [[r.Streaming.MaxNumTexturesToStreamPerFrame:0]]
[2022.09.12-03.05.49:578][  0]LogConfig: Setting CVar [[r.Streaming.Boost:1]]
[2022.09.12-03.05.49:578][  0]LogConfig: Setting CVar [[r.MaxAnisotropy:8]]
[2022.09.12-03.05.49:578][  0]LogConfig: Setting CVar [[r.VT.MaxAnisotropy:8]]
[2022.09.12-03.05.49:578][  0]LogConfig: Setting CVar [[r.Streaming.LimitPoolSizeToVRAM:0]]
[2022.09.12-03.05.49:578][  0]LogConfig: Setting CVar [[r.Streaming.PoolSize:1000]]
[2022.09.12-03.05.49:578][  0]LogConfig: Setting CVar [[r.Streaming.MaxEffectiveScreenSize:0]]
[2022.09.12-03.05.49:578][  0]LogConfig: Applying CVar settings from Section [EffectsQuality@3] File [C:/Users/davs2/OneDrive/Escritorio/InfiniteMatrixStarter/InfiniteMatrixStarter/Saved/Config/Windows/Scalability.ini]
[2022.09.12-03.05.49:578][  0]LogConfig: Setting CVar [[r.TranslucencyLightingVolumeDim:64]]
[2022.09.12-03.05.49:578][  0]LogConfig: Setting CVar [[r.RefractionQuality:2]]
[2022.09.12-03.05.49:578][  0]LogConfig: Setting CVar [[r.SSR.Quality:3]]
[2022.09.12-03.05.49:578][  0]LogConfig: Setting CVar [[r.SSR.HalfResSceneColor:0]]
[2022.09.12-03.05.49:578][  0]LogConfig: Setting CVar [[r.SceneColorFormat:4]]
[2022.09.12-03.05.49:578][  0]LogConfig: Setting CVar [[r.DetailMode:2]]
[2022.09.12-03.05.49:578][  0]LogConfig: Setting CVar [[r.TranslucencyVolumeBlur:1]]
[2022.09.12-03.05.49:578][  0]LogConfig: Setting CVar [[r.MaterialQualityLevel:1 ; High quality]]
[2022.09.12-03.05.49:578][  0]LogConfig: Setting CVar [[r.AnisotropicMaterials:1]]
[2022.09.12-03.05.49:578][  0]LogConfig: Setting CVar [[r.SSS.Scale:1]]
[2022.09.12-03.05.49:578][  0]LogConfig: Setting CVar [[r.SSS.SampleSet:2]]
[2022.09.12-03.05.49:578][  0]LogConfig: Setting CVar [[r.SSS.Quality:1]]
[2022.09.12-03.05.49:578][  0]LogConfig: Setting CVar [[r.SSS.HalfRes:0]]
[2022.09.12-03.05.49:578][  0]LogConfig: Setting CVar [[r.SSGI.Quality:3]]
[2022.09.12-03.05.49:579][  0]LogConfig: Setting CVar [[r.EmitterSpawnRateScale:1.0]]
[2022.09.12-03.05.49:579][  0]LogConfig: Setting CVar [[r.ParticleLightQuality:2]]
[2022.09.12-03.05.49:579][  0]LogConfig: Setting CVar [[r.SkyAtmosphere.AerialPerspectiveLUT.FastApplyOnOpaque:1 ; Always have FastSkyLUT 1 in this case to avoid wrong sky]]
[2022.09.12-03.05.49:579][  0]LogConfig: Setting CVar [[r.SkyAtmosphere.AerialPerspectiveLUT.SampleCountMaxPerSlice:4]]
[2022.09.12-03.05.49:579][  0]LogConfig: Setting CVar [[r.SkyAtmosphere.AerialPerspectiveLUT.DepthResolution:16.0]]
[2022.09.12-03.05.49:579][  0]LogConfig: Setting CVar [[r.SkyAtmosphere.FastSkyLUT:1]]
[2022.09.12-03.05.49:579][  0]LogConfig: Setting CVar [[r.SkyAtmosphere.FastSkyLUT.SampleCountMin:4.0]]
[2022.09.12-03.05.49:579][  0]LogConfig: Setting CVar [[r.SkyAtmosphere.FastSkyLUT.SampleCountMax:128.0]]
[2022.09.12-03.05.49:579][  0]LogConfig: Setting CVar [[r.SkyAtmosphere.SampleCountMin:4.0]]
[2022.09.12-03.05.49:579][  0]LogConfig: Setting CVar [[r.SkyAtmosphere.SampleCountMax:128.0]]
[2022.09.12-03.05.49:579][  0]LogConfig: Setting CVar [[r.SkyAtmosphere.TransmittanceLUT.UseSmallFormat:0]]
[2022.09.12-03.05.49:579][  0]LogConfig: Setting CVar [[r.SkyAtmosphere.TransmittanceLUT.SampleCount:10.0]]
[2022.09.12-03.05.49:579][  0]LogConfig: Setting CVar [[r.SkyAtmosphere.MultiScatteringLUT.SampleCount:15.0]]
[2022.09.12-03.05.49:579][  0]LogConfig: Setting CVar [[r.SkyLight.RealTimeReflectionCapture:1]]
[2022.09.12-03.05.49:579][  0]LogConfig: Applying CVar settings from Section [FoliageQuality@3] File [C:/Users/davs2/OneDrive/Escritorio/InfiniteMatrixStarter/InfiniteMatrixStarter/Saved/Config/Windows/Scalability.ini]
[2022.09.12-03.05.49:579][  0]LogConfig: Setting CVar [[foliage.DensityScale:1.0]]
[2022.09.12-03.05.49:579][  0]LogConfig: Setting CVar [[grass.DensityScale:1.0]]
[2022.09.12-03.05.49:579][  0]LogConfig: Applying CVar settings from Section [ShadingQuality@3] File [C:/Users/davs2/OneDrive/Escritorio/InfiniteMatrixStarter/InfiniteMatrixStarter/Saved/Config/Windows/Scalability.ini]
[2022.09.12-03.05.49:579][  0]LogConfig: Setting CVar [[r.HairStrands.SkyLighting.IntegrationType:2]]
[2022.09.12-03.05.49:579][  0]LogConfig: Setting CVar [[r.HairStrands.SkyAO.SampleCount:4]]
[2022.09.12-03.05.49:579][  0]LogConfig: Setting CVar [[r.HairStrands.Visibility.MSAA.SamplePerPixel:4]]
[2022.09.12-03.05.49:579][  0]LogInit: Selected Device Profile: [Windows]
[2022.09.12-03.05.49:579][  0]LogInit: Applying CVar settings loaded from the selected device profile: [Windows]
[2022.09.12-03.05.49:579][  0]LogHAL: Display: Platform has ~ 16 GB [17022177280 / 17179869184 / 16], which maps to Larger [LargestMinGB=32, LargerMinGB=12, DefaultMinGB=8, SmallerMinGB=6, SmallestMinGB=0)
[2022.09.12-03.05.49:579][  0]LogInit: Going up to parent DeviceProfile []
[2022.09.12-03.05.49:579][  0]LogConfig: Applying CVar settings from Section [ViewDistanceQuality@3] File [C:/Users/davs2/OneDrive/Escritorio/InfiniteMatrixStarter/InfiniteMatrixStarter/Saved/Config/Windows/Scalability.ini]
[2022.09.12-03.05.49:579][  0]LogConfig: Setting CVar [[r.SkeletalMeshLODBias:0]]
[2022.09.12-03.05.49:579][  0]LogConfig: Setting CVar [[r.ViewDistanceScale:1.0]]
[2022.09.12-03.05.49:579][  0]LogConfig: Applying CVar settings from Section [AntiAliasingQuality@3] File [C:/Users/davs2/OneDrive/Escritorio/InfiniteMatrixStarter/InfiniteMatrixStarter/Saved/Config/Windows/Scalability.ini]
[2022.09.12-03.05.49:579][  0]LogConfig: Setting CVar [[r.PostProcessAAQuality:4]]
[2022.09.12-03.05.49:579][  0]LogConfig: Applying CVar settings from Section [ShadowQuality@3] File [C:/Users/davs2/OneDrive/Escritorio/InfiniteMatrixStarter/InfiniteMatrixStarter/Saved/Config/Windows/Scalability.ini]
[2022.09.12-03.05.49:579][  0]LogConfig: Setting CVar [[r.LightFunctionQuality:1]]
[2022.09.12-03.05.49:579][  0]LogConfig: Setting CVar [[r.ShadowQuality:5]]
[2022.09.12-03.05.49:579][  0]LogConfig: Setting CVar [[r.Shadow.CSM.MaxCascades:10]]
[2022.09.12-03.05.49:579][  0]LogConfig: Setting CVar [[r.Shadow.MaxResolution:2048]]
[2022.09.12-03.05.49:579][  0]LogConfig: Setting CVar [[r.Shadow.MaxCSMResolution:2048]]
[2022.09.12-03.05.49:579][  0]LogConfig: Setting CVar [[r.Shadow.RadiusThreshold:0.01]]
[2022.09.12-03.05.49:579][  0]LogConfig: Setting CVar [[r.Shadow.DistanceScale:1.0]]
[2022.09.12-03.05.49:579][  0]LogConfig: Setting CVar [[r.Shadow.CSM.TransitionScale:1.0]]
[2022.09.12-03.05.49:579][  0]LogConfig: Setting CVar [[r.Shadow.PreShadowResolutionFactor:1.0]]
[2022.09.12-03.05.49:579][  0]LogConfig: Setting CVar [[r.DistanceFieldShadowing:1]]
[2022.09.12-03.05.49:579][  0]LogConfig: Setting CVar [[r.DistanceFieldAO:1]]
[2022.09.12-03.05.49:579][  0]LogConfig: Setting CVar [[r.AOQuality:2]]
[2022.09.12-03.05.49:579][  0]LogConfig: Setting CVar [[r.VolumetricFog:1]]
[2022.09.12-03.05.49:579][  0]LogConfig: Setting CVar [[r.VolumetricFog.GridPixelSize:8]]
[2022.09.12-03.05.49:579][  0]LogConfig: Setting CVar [[r.VolumetricFog.GridSizeZ:128]]
[2022.09.12-03.05.49:579][  0]LogConfig: Setting CVar [[r.VolumetricFog.HistoryMissSupersampleCount:4]]
[2022.09.12-03.05.49:579][  0]LogConfig: Setting CVar [[r.LightMaxDrawDistanceScale:1]]
[2022.09.12-03.05.49:579][  0]LogConfig: Setting CVar [[r.CapsuleShadows:1]]
[2022.09.12-03.05.49:579][  0]LogConfig: Applying CVar settings from Section [PostProcessQuality@3] File [C:/Users/davs2/OneDrive/Escritorio/InfiniteMatrixStarter/InfiniteMatrixStarter/Saved/Config/Windows/Scalability.ini]
[2022.09.12-03.05.49:579][  0]LogConfig: Setting CVar [[r.MotionBlurQuality:4]]
[2022.09.12-03.05.49:579][  0]LogConfig: Setting CVar [[r.AmbientOcclusionMipLevelFactor:0.4]]
[2022.09.12-03.05.49:579][  0]LogConfig: Setting CVar [[r.AmbientOcclusionMaxQuality:100]]
[2022.09.12-03.05.49:579][  0]LogConfig: Setting CVar [[r.AmbientOcclusionLevels:-1]]
[2022.09.12-03.05.49:579][  0]LogConfig: Setting CVar [[r.AmbientOcclusionRadiusScale:1.0]]
[2022.09.12-03.05.49:579][  0]LogConfig: Setting CVar [[r.DepthOfFieldQuality:2]]
[2022.09.12-03.05.49:579][  0]LogConfig: Setting CVar [[r.RenderTargetPoolMin:400]]
[2022.09.12-03.05.49:579][  0]LogConfig: Setting CVar [[r.LensFlareQuality:2]]
[2022.09.12-03.05.49:579][  0]LogConfig: Setting CVar [[r.SceneColorFringeQuality:1]]
[2022.09.12-03.05.49:579][  0]LogConfig: Setting CVar [[r.EyeAdaptationQuality:2]]
[2022.09.12-03.05.49:579][  0]LogConfig: Setting CVar [[r.BloomQuality:5]]
[2022.09.12-03.05.49:579][  0]LogConfig: Setting CVar [[r.FastBlurThreshold:100]]
[2022.09.12-03.05.49:579][  0]LogConfig: Setting CVar [[r.Upscale.Quality:3]]
[2022.09.12-03.05.49:579][  0]LogConfig: Setting CVar [[r.Tonemapper.GrainQuantization:1]]
[2022.09.12-03.05.49:579][  0]LogConfig: Setting CVar [[r.LightShaftQuality:1]]
[2022.09.12-03.05.49:579][  0]LogConfig: Setting CVar [[r.Filter.SizeScale:1]]
[2022.09.12-03.05.49:579][  0]LogConfig: Setting CVar [[r.Tonemapper.Quality:5]]
[2022.09.12-03.05.49:579][  0]LogConfig: Setting CVar [[r.DOF.Gather.AccumulatorQuality:1        ; higher gathering accumulator quality]]
[2022.09.12-03.05.49:579][  0]LogConfig: Setting CVar [[r.DOF.Gather.PostfilterMethod:1          ; Median3x3 postfilering method]]
[2022.09.12-03.05.49:579][  0]LogConfig: Setting CVar [[r.DOF.Gather.EnableBokehSettings:0       ; no bokeh simulation when gathering]]
[2022.09.12-03.05.49:579][  0]LogConfig: Setting CVar [[r.DOF.Gather.RingCount:4                 ; medium number of samples when gathering]]
[2022.09.12-03.05.49:579][  0]LogConfig: Setting CVar [[r.DOF.Scatter.ForegroundCompositing:1    ; additive foreground scattering]]
[2022.09.12-03.05.49:579][  0]LogConfig: Setting CVar [[r.DOF.Scatter.BackgroundCompositing:2    ; additive background scattering]]
[2022.09.12-03.05.49:580][  0]LogConfig: Setting CVar [[r.DOF.Scatter.EnableBokehSettings:1      ; bokeh simulation when scattering]]
[2022.09.12-03.05.49:580][  0]LogConfig: Setting CVar [[r.DOF.Scatter.MaxSpriteRatio:0.1         ; only a maximum of 10% of scattered bokeh]]
[2022.09.12-03.05.49:580][  0]LogConfig: Setting CVar [[r.DOF.Recombine.Quality:1                ; cheap slight out of focus]]
[2022.09.12-03.05.49:580][  0]LogConfig: Setting CVar [[r.DOF.Recombine.EnableBokehSettings:0    ; no bokeh simulation on slight out of focus]]
[2022.09.12-03.05.49:580][  0]LogConfig: Setting CVar [[r.DOF.TemporalAAQuality:1                ; more stable temporal accumulation]]
[2022.09.12-03.05.49:580][  0]LogConfig: Setting CVar [[r.DOF.Kernel.MaxForegroundRadius:0.025]]
[2022.09.12-03.05.49:580][  0]LogConfig: Setting CVar [[r.DOF.Kernel.MaxBackgroundRadius:0.025]]
[2022.09.12-03.05.49:580][  0]LogConfig: Applying CVar settings from Section [TextureQuality@3] File [C:/Users/davs2/OneDrive/Escritorio/InfiniteMatrixStarter/InfiniteMatrixStarter/Saved/Config/Windows/Scalability.ini]
[2022.09.12-03.05.49:580][  0]LogConfig: Setting CVar [[r.Streaming.MipBias:0]]
[2022.09.12-03.05.49:580][  0]LogConfig: Setting CVar [[r.Streaming.AmortizeCPUToGPUCopy:0]]
[2022.09.12-03.05.49:580][  0]LogConfig: Setting CVar [[r.Streaming.MaxNumTexturesToStreamPerFrame:0]]
[2022.09.12-03.05.49:580][  0]LogConfig: Setting CVar [[r.Streaming.Boost:1]]
[2022.09.12-03.05.49:580][  0]LogConfig: Setting CVar [[r.MaxAnisotropy:8]]
[2022.09.12-03.05.49:580][  0]LogConfig: Setting CVar [[r.VT.MaxAnisotropy:8]]
[2022.09.12-03.05.49:580][  0]LogConfig: Setting CVar [[r.Streaming.LimitPoolSizeToVRAM:0]]
[2022.09.12-03.05.49:580][  0]LogConfig: Setting CVar [[r.Streaming.PoolSize:1000]]
[2022.09.12-03.05.49:580][  0]LogConfig: Setting CVar [[r.Streaming.MaxEffectiveScreenSize:0]]
[2022.09.12-03.05.49:580][  0]LogConfig: Applying CVar settings from Section [EffectsQuality@3] File [C:/Users/davs2/OneDrive/Escritorio/InfiniteMatrixStarter/InfiniteMatrixStarter/Saved/Config/Windows/Scalability.ini]
[2022.09.12-03.05.49:580][  0]LogConfig: Setting CVar [[r.TranslucencyLightingVolumeDim:64]]
[2022.09.12-03.05.49:580][  0]LogConfig: Setting CVar [[r.RefractionQuality:2]]
[2022.09.12-03.05.49:580][  0]LogConfig: Setting CVar [[r.SSR.Quality:3]]
[2022.09.12-03.05.49:580][  0]LogConfig: Setting CVar [[r.SSR.HalfResSceneColor:0]]
[2022.09.12-03.05.49:580][  0]LogConfig: Setting CVar [[r.SceneColorFormat:4]]
[2022.09.12-03.05.49:580][  0]LogConfig: Setting CVar [[r.DetailMode:2]]
[2022.09.12-03.05.49:580][  0]LogConfig: Setting CVar [[r.TranslucencyVolumeBlur:1]]
[2022.09.12-03.05.49:580][  0]LogConfig: Setting CVar [[r.MaterialQualityLevel:1 ; High quality]]
[2022.09.12-03.05.49:580][  0]LogConfig: Setting CVar [[r.AnisotropicMaterials:1]]
[2022.09.12-03.05.49:580][  0]LogConfig: Setting CVar [[r.SSS.Scale:1]]
[2022.09.12-03.05.49:580][  0]LogConfig: Setting CVar [[r.SSS.SampleSet:2]]
[2022.09.12-03.05.49:580][  0]LogConfig: Setting CVar [[r.SSS.Quality:1]]
[2022.09.12-03.05.49:580][  0]LogConfig: Setting CVar [[r.SSS.HalfRes:0]]
[2022.09.12-03.05.49:580][  0]LogConfig: Setting CVar [[r.SSGI.Quality:3]]
[2022.09.12-03.05.49:580][  0]LogConfig: Setting CVar [[r.EmitterSpawnRateScale:1.0]]
[2022.09.12-03.05.49:580][  0]LogConfig: Setting CVar [[r.ParticleLightQuality:2]]
[2022.09.12-03.05.49:580][  0]LogConfig: Setting CVar [[r.SkyAtmosphere.AerialPerspectiveLUT.FastApplyOnOpaque:1 ; Always have FastSkyLUT 1 in this case to avoid wrong sky]]
[2022.09.12-03.05.49:580][  0]LogConfig: Setting CVar [[r.SkyAtmosphere.AerialPerspectiveLUT.SampleCountMaxPerSlice:4]]
[2022.09.12-03.05.49:580][  0]LogConfig: Setting CVar [[r.SkyAtmosphere.AerialPerspectiveLUT.DepthResolution:16.0]]
[2022.09.12-03.05.49:580][  0]LogConfig: Setting CVar [[r.SkyAtmosphere.FastSkyLUT:1]]
[2022.09.12-03.05.49:580][  0]LogConfig: Setting CVar [[r.SkyAtmosphere.FastSkyLUT.SampleCountMin:4.0]]
[2022.09.12-03.05.49:580][  0]LogConfig: Setting CVar [[r.SkyAtmosphere.FastSkyLUT.SampleCountMax:128.0]]
[2022.09.12-03.05.49:580][  0]LogConfig: Setting CVar [[r.SkyAtmosphere.SampleCountMin:4.0]]
[2022.09.12-03.05.49:580][  0]LogConfig: Setting CVar [[r.SkyAtmosphere.SampleCountMax:128.0]]
[2022.09.12-03.05.49:580][  0]LogConfig: Setting CVar [[r.SkyAtmosphere.TransmittanceLUT.UseSmallFormat:0]]
[2022.09.12-03.05.49:580][  0]LogConfig: Setting CVar [[r.SkyAtmosphere.TransmittanceLUT.SampleCount:10.0]]
[2022.09.12-03.05.49:580][  0]LogConfig: Setting CVar [[r.SkyAtmosphere.MultiScatteringLUT.SampleCount:15.0]]
[2022.09.12-03.05.49:580][  0]LogConfig: Setting CVar [[r.SkyLight.RealTimeReflectionCapture:1]]
[2022.09.12-03.05.49:580][  0]LogConfig: Applying CVar settings from Section [FoliageQuality@3] File [C:/Users/davs2/OneDrive/Escritorio/InfiniteMatrixStarter/InfiniteMatrixStarter/Saved/Config/Windows/Scalability.ini]
[2022.09.12-03.05.49:580][  0]LogConfig: Setting CVar [[foliage.DensityScale:1.0]]
[2022.09.12-03.05.49:580][  0]LogConfig: Setting CVar [[grass.DensityScale:1.0]]
[2022.09.12-03.05.49:580][  0]LogConfig: Applying CVar settings from Section [ShadingQuality@3] File [C:/Users/davs2/OneDrive/Escritorio/InfiniteMatrixStarter/InfiniteMatrixStarter/Saved/Config/Windows/Scalability.ini]
[2022.09.12-03.05.49:580][  0]LogConfig: Setting CVar [[r.HairStrands.SkyLighting.IntegrationType:2]]
[2022.09.12-03.05.49:580][  0]LogConfig: Setting CVar [[r.HairStrands.SkyAO.SampleCount:4]]
[2022.09.12-03.05.49:580][  0]LogConfig: Setting CVar [[r.HairStrands.Visibility.MSAA.SamplePerPixel:4]]
[2022.09.12-03.05.49:580][  0]LogConfig: Applying CVar settings from Section [Startup] File [../../../Engine/Config/ConsoleVariables.ini]
[2022.09.12-03.05.49:580][  0]LogConfig: Setting CVar [[net.UseAdaptiveNetUpdateFrequency:0]]
[2022.09.12-03.05.49:580][  0]LogConfig: Setting CVar [[p.chaos.AllowCreatePhysxBodies:1]]
[2022.09.12-03.05.49:580][  0]LogConfig: Setting CVar [[fx.SkipVectorVMBackendOptimizations:1]]
[2022.09.12-03.05.49:581][  0]LogConfig: Applying CVar settings from Section [ConsoleVariables] File [C:/Users/davs2/OneDrive/Escritorio/InfiniteMatrixStarter/InfiniteMatrixStarter/Saved/Config/Windows/Engine.ini]
[2022.09.12-03.05.49:581][  0]LogConfig: Applying CVar settings from Section [ConsoleVariables] File [C:/Users/davs2/OneDrive/Escritorio/InfiniteMatrixStarter/InfiniteMatrixStarter/Saved/Config/Windows/Editor.ini]
[2022.09.12-03.05.49:581][  0]LogInit: Computer: DAVIDLAPTOP
[2022.09.12-03.05.49:581][  0]LogInit: User: davs2
[2022.09.12-03.05.49:581][  0]LogInit: CPU Page size=4096, Cores=6
[2022.09.12-03.05.49:581][  0]LogInit: High frequency timer resolution =10.000000 MHz
[2022.09.12-03.05.49:581][  0]LogMemory: Memory total: Physical=15.9GB (16GB approx)
[2022.09.12-03.05.49:581][  0]LogMemory: Platform Memory Stats for Windows
[2022.09.12-03.05.49:581][  0]LogMemory: Process Physical Memory: 151.34 MB used, 152.99 MB peak
[2022.09.12-03.05.49:581][  0]LogMemory: Process Virtual Memory: 134.97 MB used, 134.97 MB peak
[2022.09.12-03.05.49:581][  0]LogMemory: Physical Memory: 11664.88 MB used,  4568.74 MB free, 16233.61 MB total
[2022.09.12-03.05.49:581][  0]LogMemory: Virtual Memory: 134213256.00 MB used,  4467.96 MB free, 134217728.00 MB total
[2022.09.12-03.05.49:738][  0]LogWindows: WindowsPlatformFeatures enabled
[2022.09.12-03.05.49:800][  0]LogInit: Physics initialised using underlying interface: PhysX
[2022.09.12-03.05.49:800][  0]LogInit: Using OS detected language (en-US).
[2022.09.12-03.05.49:800][  0]LogInit: Using OS detected locale (en-US).
[2022.09.12-03.05.49:807][  0]LogTextLocalizationManager: No specific localization for 'en-US' exists, so the 'en' localization will be used.
[2022.09.12-03.05.50:041][  0]LogWindowsTextInputMethodSystem: Display: IME system deactivated.
[2022.09.12-03.05.50:108][  0]LogSlate: New Slate User Created.  User Index 0, Is Virtual User: 0
[2022.09.12-03.05.50:108][  0]LogSlate: Slate User Registered.  User Index 0, Is Virtual User: 0
[2022.09.12-03.05.50:153][  0]LogD3D11RHI: Loaded GFSDK_Aftermath_Lib.x64.dll
[2022.09.12-03.05.50:328][  0]LogHMD: Failed to initialize OpenVR with code 108
[2022.09.12-03.05.50:328][  0]LogD3D11RHI: D3D11 min allowed feature level: 11_0
[2022.09.12-03.05.50:328][  0]LogD3D11RHI: D3D11 max allowed feature level: 11_0
[2022.09.12-03.05.50:328][  0]LogD3D11RHI: D3D11 adapters:
[2022.09.12-03.05.50:437][  0]LogD3D11RHI:    0. 'NVIDIA GeForce GTX 1660 Ti' (Feature Level 11_0)
[2022.09.12-03.05.50:437][  0]LogD3D11RHI:       5991/0/8116 MB DedicatedVideo/DedicatedSystem/SharedSystem, Outputs:3, VendorId:0x10de
[2022.09.12-03.05.50:455][  0]LogD3D11RHI:    1. 'Intel(R) UHD Graphics 630' (Feature Level 11_0)
[2022.09.12-03.05.50:455][  0]LogD3D11RHI:       128/0/8116 MB DedicatedVideo/DedicatedSystem/SharedSystem, Outputs:0, VendorId:0x8086
[2022.09.12-03.05.50:458][  0]LogD3D11RHI:    2. 'Microsoft Basic Render Driver' (Feature Level 11_0)
[2022.09.12-03.05.50:458][  0]LogD3D11RHI:       0/0/8116 MB DedicatedVideo/DedicatedSystem/SharedSystem, Outputs:0, VendorId:0x1414
[2022.09.12-03.05.50:458][  0]LogD3D11RHI: Chosen D3D11 Adapter:
[2022.09.12-03.05.50:458][  0]LogD3D11RHI:     Description : NVIDIA GeForce GTX 1660 Ti
[2022.09.12-03.05.50:458][  0]LogD3D11RHI:     VendorId    : 10de
[2022.09.12-03.05.50:458][  0]LogD3D11RHI:     DeviceId    : 2191
[2022.09.12-03.05.50:458][  0]LogD3D11RHI:     SubSysId    : 110f1043
[2022.09.12-03.05.50:458][  0]LogD3D11RHI:     Revision    : 00a1
[2022.09.12-03.05.50:458][  0]LogD3D11RHI:     DedicatedVideoMemory : 6282018816 bytes
[2022.09.12-03.05.50:458][  0]LogD3D11RHI:     DedicatedSystemMemory : 0 bytes
[2022.09.12-03.05.50:458][  0]LogD3D11RHI:     SharedSystemMemory : 8511088640 bytes
[2022.09.12-03.05.50:458][  0]LogD3D11RHI:     AdapterLuid : 0 68329
[2022.09.12-03.05.50:466][  0]LogD3D11RHI: Creating new Direct3DDevice
[2022.09.12-03.05.50:466][  0]LogD3D11RHI:     GPU DeviceId: 0x2191 (for the marketing name, search the web for "GPU Device Id")
[2022.09.12-03.05.50:466][  0]LogWindows: EnumDisplayDevices:
[2022.09.12-03.05.50:466][  0]LogWindows:    0. 'Intel(R) UHD Graphics 630' (P:1 D:1)
[2022.09.12-03.05.50:466][  0]LogWindows:    1. 'Intel(R) UHD Graphics 630' (P:0 D:0)
[2022.09.12-03.05.50:466][  0]LogWindows:    2. 'Intel(R) UHD Graphics 630' (P:0 D:0)
[2022.09.12-03.05.50:467][  0]LogWindows:    3. 'NVIDIA GeForce GTX 1660 Ti' (P:0 D:1)
[2022.09.12-03.05.50:467][  0]LogWindows:    4. 'NVIDIA GeForce GTX 1660 Ti' (P:0 D:1)
[2022.09.12-03.05.50:467][  0]LogWindows:    5. 'NVIDIA GeForce GTX 1660 Ti' (P:0 D:0)
[2022.09.12-03.05.50:468][  0]LogWindows:    6. 'NVIDIA GeForce GTX 1660 Ti' (P:0 D:0)
[2022.09.12-03.05.50:468][  0]LogWindows: DebugString: PrimaryIsNotTheChoosenAdapter PrimaryIsNotTheChoosenAdapter PrimaryIsNotTheChoosenAdapter FoundDriverCount:4 
[2022.09.12-03.05.50:468][  0]LogD3D11RHI:     Adapter Name: NVIDIA GeForce GTX 1660 Ti
[2022.09.12-03.05.50:468][  0]LogD3D11RHI:   Driver Version: 512.95 (internal:30.0.15.1295, unified:512.95)
[2022.09.12-03.05.50:468][  0]LogD3D11RHI:      Driver Date: 5-19-2022
[2022.09.12-03.05.50:468][  0]LogRHI: Texture pool is 4193 MB (70% of 5991 MB)
[2022.09.12-03.05.50:468][  0]LogD3D11RHI: Creating D3DDevice using adapter:
[2022.09.12-03.05.50:468][  0]LogD3D11RHI:     Description : NVIDIA GeForce GTX 1660 Ti
[2022.09.12-03.05.50:468][  0]LogD3D11RHI:     VendorId    : 10de
[2022.09.12-03.05.50:468][  0]LogD3D11RHI:     DeviceId    : 2191
[2022.09.12-03.05.50:468][  0]LogD3D11RHI:     SubSysId    : 110f1043
[2022.09.12-03.05.50:468][  0]LogD3D11RHI:     Revision    : 00a1
[2022.09.12-03.05.50:468][  0]LogD3D11RHI:     DedicatedVideoMemory : 6282018816 bytes
[2022.09.12-03.05.50:468][  0]LogD3D11RHI:     DedicatedSystemMemory : 0 bytes
[2022.09.12-03.05.50:468][  0]LogD3D11RHI:     SharedSystemMemory : 8511088640 bytes
[2022.09.12-03.05.50:468][  0]LogD3D11RHI:     AdapterLuid : 0 68329
[2022.09.12-03.05.50:517][  0]LogD3D11RHI: RHI has support for 64 bit atomics
[2022.09.12-03.05.50:518][  0]LogD3D11RHI: Async texture creation enabled
[2022.09.12-03.05.50:518][  0]LogD3D11RHI: Array index from any shader is supported
[2022.09.12-03.05.50:545][  0]LogD3D11RHI: GPU Timing Frequency: 1000.000000 (Debug: 2 1)
[2022.09.12-03.05.50:582][  0]LogRHI: GeForceNow SDK initialized: 1
[2022.09.12-03.05.50:989][  0]LogTargetPlatformManager: Display: Loaded TargetPlatform 'WindowsNoEditor'
[2022.09.12-03.05.50:994][  0]LogTargetPlatformManager: Display: Loaded TargetPlatform 'Windows'
[2022.09.12-03.05.50:999][  0]LogTargetPlatformManager: Display: Loaded TargetPlatform 'WindowsClient'
[2022.09.12-03.05.51:003][  0]LogTargetPlatformManager: Display: Loaded TargetPlatform 'WindowsServer'
[2022.09.12-03.05.51:003][  0]LogTargetPlatformManager: Display: Building Assets For Windows
[2022.09.12-03.05.51:013][  0]LogAudioDebug: Display: Lib vorbis DLL was dynamically loaded.
[2022.09.12-03.05.51:050][  0]LogTextureFormatOodle: Display: Oodle Texture 2.9.0 init RDO Off
[2022.09.12-03.05.51:088][  0]LogRendererCore: Ray tracing is disabled. Reason: r.RayTracing=0.
[2022.09.12-03.05.51:088][  0]LogShaderCompilers: Guid format shader working directory is -48 characters bigger than the processId version (../../../../../../Users/davs2/OneDrive/Escritorio/InfiniteMatrixStarter/InfiniteMatrixStarter/Intermediate/Shaders/WorkingDirectory/20568/).
[2022.09.12-03.05.51:088][  0]LogShaderCompilers: Cleaned the shader compiler working directory 'C:/Users/davs2/AppData/Local/Temp/UnrealShaderWorkingDir/73FA022043483F710314318485F40733/'.
[2022.09.12-03.05.51:089][  0]LogXGEController: Cannot use XGE Controller as Incredibuild is not installed on this machine.
[2022.09.12-03.05.51:089][  0]LogShaderCompilers: Cannot use XGE Shader Compiler as Incredibuild is not installed on this machine.
[2022.09.12-03.05.51:089][  0]LogShaderCompilers: Display: Using Local Shader Compiler.
[2022.09.12-03.05.51:857][  0]LogDerivedDataCache: Display: Max Cache Size: 512 MB
[2022.09.12-03.05.51:916][  0]LogDerivedDataCache: Loaded boot cache 0.06s 94MB C:/Users/davs2/AppData/Local/UnrealEngine/4.27/DerivedDataCache/Boot.ddc.
[2022.09.12-03.05.51:916][  0]LogDerivedDataCache: Display: Loaded Boot cache: C:/Users/davs2/AppData/Local/UnrealEngine/4.27/DerivedDataCache/Boot.ddc
[2022.09.12-03.05.51:916][  0]LogDerivedDataCache: FDerivedDataBackendGraph:  Pak pak cache file ../../../../../../Users/davs2/OneDrive/Escritorio/InfiniteMatrixStarter/InfiniteMatrixStarter/DerivedDataCache/DDC.ddp not found, will not use a pak cache.
[2022.09.12-03.05.51:916][  0]LogDerivedDataCache: Unable to find inner node Pak for hierarchical cache Hierarchy.
[2022.09.12-03.05.51:916][  0]LogDerivedDataCache: FDerivedDataBackendGraph:  CompressedPak pak cache file ../../../../../../Users/davs2/OneDrive/Escritorio/InfiniteMatrixStarter/InfiniteMatrixStarter/DerivedDataCache/Compressed.ddp not found, will not use a pak cache.
[2022.09.12-03.05.51:916][  0]LogDerivedDataCache: Unable to find inner node CompressedPak for hierarchical cache Hierarchy.
[2022.09.12-03.05.51:933][  0]LogDerivedDataCache: Display: Pak cache opened for reading ../../../Engine/DerivedDataCache/Compressed.ddp.
[2022.09.12-03.05.51:933][  0]LogDerivedDataCache: FDerivedDataBackendGraph:  EnterprisePak pak cache file ../../../Enterprise/DerivedDataCache/Compressed.ddp not found, will not use a pak cache.
[2022.09.12-03.05.51:933][  0]LogDerivedDataCache: Unable to find inner node EnterprisePak for hierarchical cache Hierarchy.
[2022.09.12-03.05.51:960][  0]LogDerivedDataCache: Speed tests for C:/Users/davs2/AppData/Local/UnrealEngine/Common/DerivedDataCache took 0.03 seconds
[2022.09.12-03.05.51:960][  0]LogDerivedDataCache: Display: Performance to C:/Users/davs2/AppData/Local/UnrealEngine/Common/DerivedDataCache: Latency=0.03ms. RandomReadSpeed=617.04MBs, RandomWriteSpeed=37.22MBs. Assigned SpeedClass 'Local'
[2022.09.12-03.05.51:961][  0]LogDerivedDataCache: Using Local data cache path C:/Users/davs2/AppData/Local/UnrealEngine/Common/DerivedDataCache: Writable
[2022.09.12-03.05.51:961][  0]LogDerivedDataCache: Shared data cache path not found in *engine.ini, will not use an Shared cache.
[2022.09.12-03.05.51:961][  0]LogDerivedDataCache: Unable to find inner node Shared for hierarchical cache Hierarchy.
[2022.09.12-03.05.52:004][  0]LogSlate: Using FreeType 2.10.0
[2022.09.12-03.05.52:005][  0]LogSlate: SlateFontServices - WITH_FREETYPE: 1, WITH_HARFBUZZ: 1
[2022.09.12-03.05.52:115][  0]LogInit: Using OS detected language (en-US).
[2022.09.12-03.05.52:115][  0]LogInit: Using OS detected locale (en-US).
[2022.09.12-03.05.52:115][  0]LogTextLocalizationManager: No localization for 'en-US' exists, so 'en' will be used for the language.
[2022.09.12-03.05.52:115][  0]LogTextLocalizationManager: No localization for 'en-US' exists, so 'en' will be used for the locale.
[2022.09.12-03.05.52:115][  0]LogSlate: FontCache flush requested. Reason: Culture for localization was changed
[2022.09.12-03.05.52:115][  0]LogSlate: FontCache flush requested. Reason: Culture for localization was changed
[2022.09.12-03.05.52:119][  0]LogTextLocalizationManager: Compacting localization data took   0.00ms
[2022.09.12-03.05.52:119][  0]LogAssetRegistry: FAssetRegistry took 0.0021 seconds to start up
[2022.09.12-03.05.52:290][  0]LogPackageLocalizationCache: Processed 27 localized package path(s) for 1 prioritized culture(s) in 0.001188 seconds
[2022.09.12-03.05.52:383][  0]LogInit: Selected Device Profile: [Windows]
[2022.09.12-03.05.52:384][  0]LogInit: Active device profile: [000002100A15EB00][00000210022BD1C0 49] Windows
[2022.09.12-03.05.52:384][  0]LogInit: Profiles: [000002100A15EB00][00000210022BD1C0 49] Windows, [000002100A122500][0000021002379480 49] WindowsNoEditor, [000002100A15DD00][000002100237D740 49] WindowsServer, [000002100A123200][00000210023759C0 49] WindowsClient, [000002100A15D000][00000210023800C0 49] IOS, [000002100A122900][0000021002388380 49] iPadAir, [000002100A15DC00][000002100238C640 49] iPadAir2, [000002100A0C1B00][00000210023A0B80 49] IPadPro, [000002100A0C1C00][0000021002390BC0 49] iPadAir3, [000002100A123900][0000021002398E80 49] iPadAir4, [000002100A0C2B00][0000021002395140 49] iPadMini2, [000002100A121400][000002100239D400 49] iPadMini3, [000002100A0C0B00][00000210023A56C0 49] iPadMini4, [000002100A123F00][00000210023A9980 49] iPadMini5, [000002100A0F1300][00000210023B82C0 49] iPhone6, [000002100A0F1400][0000021002384300 49] iPodTouch6, [000002100A15D700][000002100428E840 49] iPhone7, [000002100A15D600][00000210023B4880 49] iPodTouch7, [000002100A0C0D00][00000210023BCB40 49] iPhone5S, [000002100A15FD00][00000210023B0E00 49] iPhone6Plus, [000002100A0C3200][000002100428B0C0 49] iPhone6S, [000002100A15C800][0000021004293380 49] iPhone6SPlus, [000002100A0C2D00][0000021004297640 49] iPhone7Plus, [000002100A0C0E00][000002100429B900 49] iPhoneSE, [000002100A0F0D00][000002100429FBC0 49] iPhone8, [000002100A0C2300][00000210023AC2C0 49] iPhone8Plus, [000002100A0F3E00][00000210042A2540 49] iPhoneX, [000002100A0C0900][00000210042AA800 49] iPhoneXS, [000002100A0F0300][00000210042AEAC0 49] iPhoneXSMax, [000002100A0C3300][00000210042B2D80 49] iPhoneXR, [000002100A0F3000][00000210042B7040 49] iPhone11, [000002100A0C3600][00000210042BB300 49] iPhone11Pro, [000002100A0F2A00][00000210042BF5C0 49] iPhone11ProMax, [000002100A0C3D00][00000210042C3880 49] iPhoneSE2, [000002100A0F1500][00000210042C7B40 49] iPhone12Mini, [000002100A15FB00][00000210042CA280 49] iPhone12, [000002100A0F3D00][00000210042A6500 49] iPhone12Pro, [000002100A15FA00][00000210042CE780 49] iPhone12ProMax, [000002100A0F3600][00000210042D6A40 49] iPadPro105, [000002100A15DB00][00000210042DAD00 49] iPadPro129, [000002100A0F3F00][00000210042DEFC0 49] iPadPro97, [000002100A15F500][00000210042E3280 49] iPadPro2_129, [000002100A0F3300][00000210042E7540 49] iPad5, [000002100A15CA00][00000210042EB800 49] iPad6, [000002100A0F1B00][00000210042EFAC0 49] iPad7, [000002100A15F200][00000210042F2200 49] iPad8, [000002100A0F1F00][00000210042F64C0 49] iPadPro11, [000002100A15EA00][00000210042D2740 49] iPadPro2_11, [000002100A0F3200][00000210042FA9C0 49] iPadPro3_129, [000002100A15D900][0000021004302C80 49] iPadPro4_129, [000002100A0F1800][0000021004306F40 49] AppleTV, [000002100A15F700][000002100430B200 49] AppleTV4K, [000002100A0F2C00][000002100430F4C0 49] TVOS, [000002100A15F800][0000021004313780 49] Mac, [000002100A0F3B00][0000021004317A40 49] MacClient, [000002100A15C600][000002100431A180 49] MacNoEditor, [000002100A0F2100][00000210026D6440 49] MacServer, [000002100A15CE00][00000210026DA700 49] Linux, [000002100A0F2800][00000210042FE980 49] LinuxAArch64, [000002100A15C400][00000210026E2C40 49] LinuxNoEditor, [000002100A0F0B00][00000210026E6F00 49] LinuxAArch64NoEditor, [000002100A15E600][00000210026EB1C0 49] LinuxClient, [000002100A0F0400][00000210026EF480 49] LinuxAArch64Client, [000002100A15DA00][00000210026F3740 49] LinuxServer, [000002100A0F3100][00000210026F7A00 49] LinuxAArch64Server, [000002100A15CB00][00000210026FA140 49] Android, [000002100A0F0A00][00000210026FE400 49] Android_Low, [000002100A15C500][00000210027026C0 49] Android_Mid, [000002100A0F1700][00000210026DE940 49] Android_High, [000002100A15CC00][0000021002706BC0 49] Android_Default, [000002100A0F2200][000002100270EE80 49] Android_Adreno4xx, [000002100A15EF00][0000021002713140 49] Android_Adreno5xx_Low, [000002100A0F1A00][0000021002717400 49] Android_Adreno5xx, [000002100A15E800][000002100271B6C0 49] Android_Adreno6xx, [000002100A0F3800][000002100271F980 49] Android_Adreno6xx_Vulkan, [000002100A15E400][00000210027220C0 49] Android_Mali_T6xx, [000002100A0F0C00][0000021002726380 49] Android_Mali_T7xx, [000002100A15EC00][000002100272A640 49] Android_Mali_T8xx, [000002100A0F2000][000002100272E900 49] Android_Mali_G71, [000002100A0C3500][000002100270AB80 49] Android_Mali_G72, [000002100A121100][0000021003F20E00 49] Android_Mali_G72_Vulkan, [000002100A0C2900][0000021003F290C0 49] Android_Mali_G76, [000002100A123B00][0000021003F2D380 49] Android_Mali_G76_Vulkan, [000002100A0C3100][0000021003F31640 49] Android_Mali_G77, [000002100A122800][0000021003F35900 49] Android_Mali_G77_Vulkan, [000002100A0C0300][0000021003F39BC0 49] Android_Mali_G78, [000002100A122600][0000021003F3C300 49] Android_Mali_G78_Vulkan, [000002100A0C2C00][0000021003F405C0 49] Android_Mali_G710, [000002100A120B00][0000021002732880 49] Android_Mali_G710_Vulkan, [000002100A0C2A00][0000021002736B40 49] Android_Vulkan_SM5, [000002100A121800][0000021003F24DC0 49] Android_PowerVR_G6xxx, [000002100A0C0100][000002100273B040 49] Android_PowerVR_GT7xxx, [000002100A120600][0000021002743300 49] Android_PowerVR_GE8xxx, [000002100A0C1400][00000210027475C0 49] Android_PowerVR_GM9xxx, [000002100A123400][000002100274B880 49] Android_PowerVR_GM9xxx_Vulkan, [000002100A0C0F00][000002100274FB40 49] Android_TegraK1, [000002100A122C00][0000021002752280 49] Android_Unknown_Vulkan, [000002100A0C0600][0000021002756540 49] Lumin, [000002100A123D00][000002100275A800 49] Lumin_Desktop, [000002100A0C1F00][000002100275EAC0 49] HoloLens, 
[2022.09.12-03.05.52:443][  0]LogMeshReduction: Using QuadricMeshReduction for automatic static mesh reduction
[2022.09.12-03.05.52:443][  0]LogMeshReduction: Using SimplygonMeshReduction for automatic skeletal mesh reduction
[2022.09.12-03.05.52:443][  0]LogMeshReduction: Using ProxyLODMeshReduction for automatic mesh merging
[2022.09.12-03.05.52:443][  0]LogMeshReduction: No distributed automatic mesh merging module available
[2022.09.12-03.05.52:443][  0]LogMeshMerging: No distributed automatic mesh merging module available
[2022.09.12-03.05.52:581][  0]LogNetVersion: InfiniteMatrix 1.0.0, NetCL: 17155196, EngineNetVer: 17, GameNetVer: 0 (Checksum: 1551001080)
[2022.09.12-03.05.52:810][  0]LogTexture: Default maximum texture size for cubemaps generated from long-lat sources has been changed from 512 to unlimited. In order to preserve old behaiour for '/Engine/MapTemplates/Sky/DaylightAmbientCubemap.DaylightAmbientCubemap', its maximum texture size has been explicitly set to 512.
[2022.09.12-03.05.52:866][  0]LogHMD: PokeAHoleMaterial loaded successfully
[2022.09.12-03.05.52:983][  0]LogMoviePlayer: Initializing movie player
[2022.09.12-03.05.53:097][  0]LogNiagaraDebuggerClient: Niagara Debugger Client Initialized | Session: 447ADB024A23D451975AE0984C72B47E | Instance: D12D2FAD47367E402A27BFA02356C3B1 (DAVIDLAPTOP-20568).
[2022.09.12-03.05.53:118][  0]LogCollectionManager: Loaded 0 collections in 0.002335 seconds
[2022.09.12-03.05.53:120][  0]LogFileCache: Scanning file cache for directory 'C:/Users/davs2/OneDrive/Escritorio/InfiniteMatrixStarter/InfiniteMatrixStarter/Saved/Collections/' took 0.00s
[2022.09.12-03.05.53:120][  0]LogFileCache: Scanning file cache for directory 'C:/Users/davs2/OneDrive/Escritorio/InfiniteMatrixStarter/InfiniteMatrixStarter/Content/Developers/davs2/Collections/' took 0.00s
[2022.09.12-03.05.53:120][  0]LogFileCache: Scanning file cache for directory 'C:/Users/davs2/OneDrive/Escritorio/InfiniteMatrixStarter/InfiniteMatrixStarter/Content/Collections/' took 0.00s
[2022.09.12-03.05.53:120][  0]LogCollectionManager: Fixed up redirectors for 0 collections in 0.000002 seconds (updated 0 objects)
[2022.09.12-03.05.53:232][  0]LogPython: Using Python 3.7.7
[2022.09.12-03.05.53:679][  0]LogTcpMessaging: Initializing TcpMessaging bridge
[2022.09.12-03.05.53:683][  0]LogUdpMessaging: Initializing bridge on interface 0.0.0.0:0 to multicast group 230.0.0.1:6666.
[2022.09.12-03.05.53:782][  0]SourceControl: Source control is disabled
[2022.09.12-03.05.53:782][  0]SourceControl: Source control is disabled
[2022.09.12-03.05.53:786][  0]SourceControl: Source control is disabled
[2022.09.12-03.05.53:796][  0]LogUProjectInfo: Found projects:
[2022.09.12-03.05.53:797][  0]LogVSAccessor: Display: Unable to create Visual Studio setup instance: 80040154
[2022.09.12-03.05.53:798][  0]LogVSAccessor: Display: Unable to create Visual Studio setup instance: 80040154
[2022.09.12-03.05.53:798][  0]LogVSAccessor: Display: Unable to create Visual Studio setup instance: 80040154
[2022.09.12-03.05.53:902][  0]LogOpenImageDenoise: OIDN starting up
[2022.09.12-03.05.53:927][  0]LogAndroidPermission: UAndroidPermissionCallbackProxy::GetInstance
[2022.09.12-03.05.53:950][  0]LogAudioCaptureCore: Display: No Audio Capture implementations found. Audio input will be silent.
[2022.09.12-03.05.53:950][  0]LogAudioCaptureCore: Display: No Audio Capture implementations found. Audio input will be silent.
[2022.09.12-03.05.54:019][  0]LogOcInput: OculusInput pre-init called
[2022.09.12-03.05.54:026][  0]LogUObjectArray: 22121 objects as part of root set at end of initial load.
[2022.09.12-03.05.54:026][  0]LogUObjectAllocator: 5975632 out of 0 bytes used by permanent object pool.
[2022.09.12-03.05.54:026][  0]LogUObjectArray: CloseDisregardForGC: 0/0 objects in disregard for GC pool
[2022.09.12-03.05.54:075][  0]LogEngine: Initializing Engine...
[2022.09.12-03.05.54:152][  0]LogHMD: Failed to initialize OpenVR with code 108
[2022.09.12-03.05.54:172][  0]LogHMD: Optional extension XR_VARJO_quad_views is not available
[2022.09.12-03.05.54:172][  0]LogHMD: Warning: Required extension XR_EXT_eye_gaze_interaction is not available
[2022.09.12-03.05.54:172][  0]LogHMD: Could not enable all required OpenXR extensions for OpenXREyeTracker on current system. This plugin will be loaded but ignored, but will be enabled on a target platform that supports the required extension.
[2022.09.12-03.05.54:225][  0]LogHMD: Failed to create an OpenXR instance, result is XR_ERROR_RUNTIME_FAILURE. Please check if you have an OpenXR runtime installed. The following extensions were enabled:
[2022.09.12-03.05.54:225][  0]LogHMD: - XR_KHR_D3D11_enable
[2022.09.12-03.05.54:225][  0]LogHMD: - XR_KHR_D3D12_enable
[2022.09.12-03.05.54:225][  0]LogHMD: - XR_KHR_opengl_enable
[2022.09.12-03.05.54:225][  0]LogHMD: - XR_KHR_vulkan_enable
[2022.09.12-03.05.54:225][  0]LogHMD: - XR_KHR_composition_layer_depth
[2022.09.12-03.05.54:225][  0]LogHMD: - XR_KHR_visibility_mask
[2022.09.12-03.05.54:225][  0]LogHMD: - XR_EXT_hand_tracking
[2022.09.12-03.05.54:225][  0]LogMagicLeap: Warning: VR disabled because ZI is not enabled.  To enable, in the editor, Edit -> Project Settings -> Plugins -> Magic Leap Plugin -> Enable Zero Iteration
[2022.09.12-03.05.54:226][  0]LogStats: UGameplayTagsManager::InitializeManager -  0.000 s
[2022.09.12-03.05.54:311][  0]LogInit: Initializing FReadOnlyCVARCache
[2022.09.12-03.05.54:311][  0]LogAudio: Display: Initializing Audio Device Manager...
[2022.09.12-03.05.54:316][  0]LogAudio: Display: Loading Default Audio Settings Objects...
[2022.09.12-03.05.54:316][  0]LogAudio: Display: No default SoundConcurrencyObject specified (or failed to load).
[2022.09.12-03.05.54:317][  0]LogAudio: Display: Audio Device Manager Initialized
[2022.09.12-03.05.54:317][  0]LogAudio: Display: Creating Audio Device:                 Id: 1, Scope: Shared, Realtime: True
[2022.09.12-03.05.54:317][  0]LogAudioMixer: Display: Audio Mixer Platform Settings:
[2022.09.12-03.05.54:317][  0]LogAudioMixer: Display: 	Sample Rate:						  48000
[2022.09.12-03.05.54:317][  0]LogAudioMixer: Display: 	Callback Buffer Frame Size Requested: 1024
[2022.09.12-03.05.54:317][  0]LogAudioMixer: Display: 	Callback Buffer Frame Size To Use:	  1024
[2022.09.12-03.05.54:317][  0]LogAudioMixer: Display: 	Number of buffers to queue:			  2
[2022.09.12-03.05.54:317][  0]LogAudioMixer: Display: 	Max Channels (voices):				  32
[2022.09.12-03.05.54:317][  0]LogAudioMixer: Display: 	Number of Async Source Workers:		  0
[2022.09.12-03.05.54:317][  0]LogAudio: Display: AudioDevice MaxSources: 32
[2022.09.12-03.05.54:317][  0]LogAudio: Display: Audio Spatialization Plugin: None (built-in).
[2022.09.12-03.05.54:317][  0]LogAudio: Display: Audio Reverb Plugin: None (built-in).
[2022.09.12-03.05.54:317][  0]LogAudio: Display: Audio Occlusion Plugin: None (built-in).
[2022.09.12-03.05.54:317][  0]LogAudioMixer: Display: Initializing audio mixer.
[2022.09.12-03.05.55:509][  0]LogAudioMixer: Display: 0: FrontLeft
[2022.09.12-03.05.55:509][  0]LogAudioMixer: Display: 1: FrontRight
[2022.09.12-03.05.55:509][  0]LogAudioMixer: Display: 2: FrontCenter
[2022.09.12-03.05.55:509][  0]LogAudioMixer: Display: 3: LowFrequency
[2022.09.12-03.05.55:509][  0]LogAudioMixer: Display: 4: BackLeft
[2022.09.12-03.05.55:509][  0]LogAudioMixer: Display: 5: BackRight
[2022.09.12-03.05.55:509][  0]LogAudioMixer: Display: 6: SideLeft
[2022.09.12-03.05.55:509][  0]LogAudioMixer: Display: 7: SideRight
[2022.09.12-03.05.56:174][  0]LogAudioMixer: Display: Using Audio Device Speakers (Realtek(R) Audio)
[2022.09.12-03.05.56:180][  0]LogAudioMixer: Display: Initializing Sound Submixes...
[2022.09.12-03.05.56:183][  0]LogAudioMixer: Display: Creating Master Submix 'MasterSubmixDefault'
[2022.09.12-03.05.56:183][  0]LogAudioMixer: Display: Creating Master Submix 'MasterReverbSubmixDefault'
[2022.09.12-03.05.56:184][  0]LogAudioMixer: Display: Creating Master Submix 'MasterEQSubmixDefault'
[2022.09.12-03.05.56:184][  0]LogAudioMixer: FMixerPlatformXAudio2::StartAudioStream() called
[2022.09.12-03.05.56:184][  0]LogAudioMixer: Display: Output buffers initialized: Frames=1024, Channels=8, Samples=8192
[2022.09.12-03.05.56:185][  0]LogAudioMixer: Display: Starting AudioMixerPlatformInterface::RunInternal()
[2022.09.12-03.05.56:185][  0]LogAudioMixer: Display: FMixerPlatformXAudio2::SubmitBuffer() called for the first time
[2022.09.12-03.05.56:185][  0]LogInit: FAudioDevice initialized.
[2022.09.12-03.05.56:187][  0]LogNetVersion: Set ProjectVersion to 1.0.0.0. Version Checksum will be recalculated on next use.
[2022.09.12-03.05.56:188][  0]LogInit: Texture streaming: Enabled
[2022.09.12-03.05.56:306][  0]LogAudio: Display: Audio Device (ID: 1) registered with world 'Untitled'.
[2022.09.12-03.05.56:306][  0]LogSlate: Updating window title bar state: overlay mode, drag disabled, window buttons hidden, title bar hidden
[2022.09.12-03.05.56:308][  0]LogInit: Display: Game Engine Initialized.
[2022.09.12-03.05.56:309][  0]LogNiagaraEditor: GEditor isn't valid! Particle reset commands will not work for Niagara components!
[2022.09.12-03.05.56:449][  0]LogInit: Display: Starting Game.
[2022.09.12-03.05.56:449][  0]LogNet: Browse: /Game/InfiniteMatrix/Maps/TutorialMap?Name=Player
[2022.09.12-03.05.56:449][  0]LogLoad: LoadMap: /Game/InfiniteMatrix/Maps/TutorialMap?Name=Player
[2022.09.12-03.05.56:449][  0]LogWorld: BeginTearingDown for /Temp/Untitled_0
[2022.09.12-03.05.56:451][  0]LogWorld: UWorld::CleanupWorld for Untitled, bSessionEnded=true, bCleanupResources=true
[2022.09.12-03.05.56:451][  0]LogSlate: InvalidateAllWidgets triggered.  All widgets were invalidated
[2022.09.12-03.05.56:457][  0]LogAudio: Display: Audio Device unregistered from world 'None'.
[2022.09.12-03.05.56:459][  0]LogUObjectHash: Compacting FUObjectHashTables data took   0.68ms
[2022.09.12-03.05.56:581][  0]LogAudio: Display: Audio Device (ID: 1) registered with world 'TutorialMap'.
[2022.09.12-03.05.56:588][  0]LogAIModule: Creating AISystem for world TutorialMap
[2022.09.12-03.05.56:589][  0]LogLoad: Game class is 'GM_Tutorial_C'
[2022.09.12-03.05.56:590][  0]LogWorld: Bringing World /Game/InfiniteMatrix/Maps/TutorialMap.TutorialMap up for play (max tick rate 0) at 2022.09.11-22.05.56
[2022.09.12-03.05.56:590][  0]LogWorld: Bringing up level for play took: 0.000586
[2022.09.12-03.05.56:595][  0]LogLoad: Took 0.146222 seconds to LoadMap(/Game/InfiniteMatrix/Maps/TutorialMap)
[2022.09.12-03.05.56:782][  0]LogSlate: Took 0.000187 seconds to synchronously load lazily loaded font '../../../Engine/Content/Slate/Fonts/Roboto-Regular.ttf' (155K)
[2022.09.12-03.05.56:872][  0]LogRenderer: Reallocating scene render targets to support 1920x1008 Format 10 NumSamples 1 (Frame:1).
[2022.09.12-03.05.56:872][  0]LogInit: Display: Engine is initialized. Leaving FEngineLoop::Init()
[2022.09.12-03.05.56:872][  0]LogLoad: (Engine Initialization) Total time: 9.57 seconds
[2022.09.12-03.05.56:872][  0]LogLoad: (Engine Initialization) Total Blueprint compile time: 0.00 seconds
[2022.09.12-03.05.56:877][  0]LogContentStreaming: Texture pool size now 1000 MB
[2022.09.12-03.05.56:879][  0]LogSlate: InvalidateAllWidgets triggered.  All widgets were invalidated
[2022.09.12-03.05.57:001][  1]LogScript: Warning: Accessed None trying to read property PlayerReference
	BP_Enemy_C /Game/InfiniteMatrix/Maps/TutorialMap.TutorialMap:PersistentLevel.BP_Enemy_C_4
	Function /Game/InfiniteMatrix/Blueprints/BP_Enemy.BP_Enemy_C:ExecuteUbergraph_BP_Enemy:0255
[2022.09.12-03.05.57:001][  1]LogScript: Warning: Script call stack:
	Function /Game/InfiniteMatrix/Blueprints/BP_Enemy.BP_Enemy_C:BndEvt__BP_Enemy_Sphere_K2Node_ComponentBoundEvent_0_ComponentBeginOverlapSignature__DelegateSignature
	Function /Game/InfiniteMatrix/Blueprints/BP_Enemy.BP_Enemy_C:ExecuteUbergraph_BP_Enemy

[2022.09.12-03.05.57:001][  1]LogScript: Warning: Accessed None trying to read property PlayerReference
	BP_Enemy_C /Game/InfiniteMatrix/Maps/TutorialMap.TutorialMap:PersistentLevel.BP_Enemy_C_4
	Function /Game/InfiniteMatrix/Blueprints/BP_Enemy.BP_Enemy_C:ExecuteUbergraph_BP_Enemy:029D
[2022.09.12-03.05.57:001][  1]LogScript: Warning: Script call stack:
	Function /Game/InfiniteMatrix/Blueprints/BP_Enemy.BP_Enemy_C:BndEvt__BP_Enemy_Sphere_K2Node_ComponentBoundEvent_0_ComponentBeginOverlapSignature__DelegateSignature
	Function /Game/InfiniteMatrix/Blueprints/BP_Enemy.BP_Enemy_C:ExecuteUbergraph_BP_Enemy

[2022.09.12-03.05.57:001][  1]LogScript: Warning: Attempted to assign to None
	BP_Enemy_C /Game/InfiniteMatrix/Maps/TutorialMap.TutorialMap:PersistentLevel.BP_Enemy_C_4
	Function /Game/InfiniteMatrix/Blueprints/BP_Enemy.BP_Enemy_C:ExecuteUbergraph_BP_Enemy:02B2
[2022.09.12-03.05.57:001][  1]LogScript: Warning: Script call stack:
	Function /Game/InfiniteMatrix/Blueprints/BP_Enemy.BP_Enemy_C:BndEvt__BP_Enemy_Sphere_K2Node_ComponentBoundEvent_0_ComponentBeginOverlapSignature__DelegateSignature
	Function /Game/InfiniteMatrix/Blueprints/BP_Enemy.BP_Enemy_C:ExecuteUbergraph_BP_Enemy

[2022.09.12-03.05.57:001][  1]LogScript: Warning: Accessed None trying to read property PlayerReference
	BP_Enemy_C /Game/InfiniteMatrix/Maps/TutorialMap.TutorialMap:PersistentLevel.BP_Enemy_C_2
	Function /Game/InfiniteMatrix/Blueprints/BP_Enemy.BP_Enemy_C:ExecuteUbergraph_BP_Enemy:0255
[2022.09.12-03.05.57:001][  1]LogScript: Warning: Script call stack:
	Function /Game/InfiniteMatrix/Blueprints/BP_Enemy.BP_Enemy_C:BndEvt__BP_Enemy_Sphere_K2Node_ComponentBoundEvent_0_ComponentBeginOverlapSignature__DelegateSignature
	Function /Game/InfiniteMatrix/Blueprints/BP_Enemy.BP_Enemy_C:ExecuteUbergraph_BP_Enemy

[2022.09.12-03.05.57:001][  1]LogScript: Warning: Accessed None trying to read property PlayerReference
	BP_Enemy_C /Game/InfiniteMatrix/Maps/TutorialMap.TutorialMap:PersistentLevel.BP_Enemy_C_2
	Function /Game/InfiniteMatrix/Blueprints/BP_Enemy.BP_Enemy_C:ExecuteUbergraph_BP_Enemy:029D
[2022.09.12-03.05.57:001][  1]LogScript: Warning: Script call stack:
	Function /Game/InfiniteMatrix/Blueprints/BP_Enemy.BP_Enemy_C:BndEvt__BP_Enemy_Sphere_K2Node_ComponentBoundEvent_0_ComponentBeginOverlapSignature__DelegateSignature
	Function /Game/InfiniteMatrix/Blueprints/BP_Enemy.BP_Enemy_C:ExecuteUbergraph_BP_Enemy

[2022.09.12-03.05.57:001][  1]LogScript: Warning: Attempted to assign to None
	BP_Enemy_C /Game/InfiniteMatrix/Maps/TutorialMap.TutorialMap:PersistentLevel.BP_Enemy_C_2
	Function /Game/InfiniteMatrix/Blueprints/BP_Enemy.BP_Enemy_C:ExecuteUbergraph_BP_Enemy:02B2
[2022.09.12-03.05.57:001][  1]LogScript: Warning: Script call stack:
	Function /Game/InfiniteMatrix/Blueprints/BP_Enemy.BP_Enemy_C:BndEvt__BP_Enemy_Sphere_K2Node_ComponentBoundEvent_0_ComponentBeginOverlapSignature__DelegateSignature
	Function /Game/InfiniteMatrix/Blueprints/BP_Enemy.BP_Enemy_C:ExecuteUbergraph_BP_Enemy

[2022.09.12-03.05.57:001][  1]LogScript: Warning: Accessed None trying to read property PlayerReference
	BP_Enemy_C /Game/InfiniteMatrix/Maps/TutorialMap.TutorialMap:PersistentLevel.BP_Enemy_C_0
	Function /Game/InfiniteMatrix/Blueprints/BP_Enemy.BP_Enemy_C:ExecuteUbergraph_BP_Enemy:0255
[2022.09.12-03.05.57:001][  1]LogScript: Warning: Script call stack:
	Function /Game/InfiniteMatrix/Blueprints/BP_Enemy.BP_Enemy_C:BndEvt__BP_Enemy_Sphere_K2Node_ComponentBoundEvent_0_ComponentBeginOverlapSignature__DelegateSignature
	Function /Game/InfiniteMatrix/Blueprints/BP_Enemy.BP_Enemy_C:ExecuteUbergraph_BP_Enemy

[2022.09.12-03.05.57:001][  1]LogScript: Warning: Accessed None trying to read property PlayerReference
	BP_Enemy_C /Game/InfiniteMatrix/Maps/TutorialMap.TutorialMap:PersistentLevel.BP_Enemy_C_0
	Function /Game/InfiniteMatrix/Blueprints/BP_Enemy.BP_Enemy_C:ExecuteUbergraph_BP_Enemy:029D
[2022.09.12-03.05.57:001][  1]LogScript: Warning: Script call stack:
	Function /Game/InfiniteMatrix/Blueprints/BP_Enemy.BP_Enemy_C:BndEvt__BP_Enemy_Sphere_K2Node_ComponentBoundEvent_0_ComponentBeginOverlapSignature__DelegateSignature
	Function /Game/InfiniteMatrix/Blueprints/BP_Enemy.BP_Enemy_C:ExecuteUbergraph_BP_Enemy

[2022.09.12-03.05.57:001][  1]LogScript: Warning: Attempted to assign to None
	BP_Enemy_C /Game/InfiniteMatrix/Maps/TutorialMap.TutorialMap:PersistentLevel.BP_Enemy_C_0
	Function /Game/InfiniteMatrix/Blueprints/BP_Enemy.BP_Enemy_C:ExecuteUbergraph_BP_Enemy:02B2
[2022.09.12-03.05.57:001][  1]LogScript: Warning: Script call stack:
	Function /Game/InfiniteMatrix/Blueprints/BP_Enemy.BP_Enemy_C:BndEvt__BP_Enemy_Sphere_K2Node_ComponentBoundEvent_0_ComponentBeginOverlapSignature__DelegateSignature
	Function /Game/InfiniteMatrix/Blueprints/BP_Enemy.BP_Enemy_C:ExecuteUbergraph_BP_Enemy

[2022.09.12-03.05.57:002][  1]LogSlate: Took 0.000165 seconds to synchronously load lazily loaded font '../../../Engine/Content/Slate/Fonts/Roboto-Regular.ttf' (155K)
[2022.09.12-03.06.10:279][216]LogViewport: Display: Viewport MouseLockMode Changed, LockOnCapture -> DoNotLock
[2022.09.12-03.06.10:279][216]LogViewport: Display: Viewport MouseCaptureMode Changed, CapturePermanently_IncludingInitialMouseDown -> NoCapture
